Second-image batch: 43 cities at 2026-06-15 00:36

=== SECOND_IMAGE_STATS start ===
city             places  skip  0img  1img  2img
------------------------------------------------
amsterdam            31     0     0    31     0
athens               29     0     0    29     0
bangkok              32     0     0    32     0
barcelona            33     0     0    33     0
berlin               38     0     0    38     0
boston               28     0     0    28     0
budapest             33     0     0    33     0
chernivtsi           33     0     0    33     0
copenhagen           29     0     0    29     0
dubai                34     0     0    34     0
dublin               21     0     0    21     0
florence             37     0     0    37     0
istanbul             33     0     0    33     0
jerusalem            33     0     0    33     0
kazan                29     0     0    29     0
kharkiv              29     0     0    29     0
kyiv                 30     0     0    30     0
lisbon               28     0     0    28     0
london               26     0     0    26     0
los_angeles          30     0     0    30     0
lviv                 30     0     0    30     0
madrid               33     0     0    33     0
minsk                34     0     0    34     0
montreal             39     0     0    39     0
moscow              500     0   119    60   321
new_york             35     0     0    35     0
novosibirsk          28     0     0    28     0
odessa               25     0     0    25     0
paris                38     0     0    38     0
philadelphia         27     0     0    27     0
prague               37     0     0    37     0
rome                 40     0     0    40     0
san_francisco        26     0     0    26     0
singapore            27     0     0    27     0
smolensk             68     1     0     3    64
spb                 354     0     0   304    50
tokyo                30     0     0    30     0
tver                 31     0     0    31     0
vatican              27     0     0    27     0
venice               35     0     0    35     0
vienna               33     0     0    33     0
vladivostok          25     0     0    25     0
volgograd            25     0     0    25     0
vologda              22     0     0    20     2
yaroslavl            26     0     0    26     0
------------------------------------------------
TOTAL              2211     1   119  1654   437

PDF-eligible (excl. skip): 2210
1 image: 1654 (74.8%)
2 images: 437 (19.8%)
0 images: 119 (5.4%)
Cities still needing 2nd image: 43 (1290 places)
  top: rome(40), montreal(39), berlin(38), paris(38), florence(37), prague(37), new_york(35), venice(35)

[1/43] === rome ===
  OK rome_colosseum -> images/rome_colosseum_b.jpg
  OK rome_roman_forum -> images/rome_roman_forum_b.jpg
  OK rome_pantheon -> images/rome_pantheon_b.jpg
  OK rome_st_peters_basilica -> images/rome_st_peters_basilica_b.jpg
  OK rome_trevi_fountain -> images/rome_trevi_fountain_b.jpg
Commons API GET failed: HTTP Error 429: Too Many Requests
  rome_spanish_steps: no Commons URL
  OK rome_castel_sant_angelo -> images/rome_castel_sant_angelo_b.jpg
  OK rome_vittoriano -> images/rome_vittoriano_b.jpg
  OK rome_piazza_navona -> images/rome_piazza_navona_b.jpg
  OK rome_capitoline_hill -> images/rome_capitoline_hill_b.jpg
  rome_trajan_column: no Commons URL
Commons API GET failed: HTTP Error 429: Too Many Requests
  rome_baths_of_caracalla: no Commons URL
Commons API GET failed: HTTP Error 429: Too Many Requests
  rome_ponte_sant_angelo: no Commons URL
Commons API GET failed: HTTP Error 429: Too Many Requests
  rome_santa_maria_trastevere: no Commons URL
Commons API GET failed: HTTP Error 429: Too Many Requests
  rome_bocca_della_verita: no Commons URL
  OK rome_pyramid_of_cestius -> images/rome_pyramid_of_cestius_b.jpg
  OK rome_arch_of_constantine -> images/rome_arch_of_constantine_b.jpg
  OK rome_ara_pacis_museum -> images/rome_ara_pacis_museum_b.jpg
  OK rome_villa_borghese -> images/rome_villa_borghese_b.jpg
  OK rome_largo_torre_argentina -> images/rome_largo_torre_argentina_b.jpg
Commons API GET failed: HTTP Error 429: Too Many Requests
  rome_via_appia: no Commons URL
Commons API GET failed: HTTP Error 429: Too Many Requests
  rome_piazza_del_popolo: no Commons URL
Commons API GET failed: HTTP Error 429: Too Many Requests
  rome_campo_de_fiori: no Commons URL
Commons API GET failed: HTTP Error 429: Too Many Requests
  rome_basilica_santa_maria_maggiore: no Commons URL
  rome_basilica_san_paolo_fuori: no Commons URL
  OK rome_palazzo_barberini -> images/rome_palazzo_barberini_b.jpg
  OK rome_capuchin_crypt_rome -> images/rome_capuchin_crypt_rome_b.jpg
  OK rome_mausoleum_of_augustus -> images/rome_mausoleum_of_augustus_b.jpg
  OK rome_jewish_ghetto_portico_octavia -> images/rome_jewish_ghetto_portico_octavia_b.jpg
Commons API GET failed: HTTP Error 429: Too Many Requests
  rome_testaccio_monte: no Commons URL
Commons API GET failed: HTTP Error 429: Too Many Requests
  rome_basilica_san_clemente: no Commons URL
Commons API GET failed: HTTP Error 429: Too Many Requests
  rome_villa_farnesina: no Commons URL
  OK rome_piazza_del_campidoglio -> images/rome_piazza_del_campidoglio_b.jpg
  OK rome_park_villa_borghese_lake -> images/rome_park_villa_borghese_lake_b.jpg
  OK rome_villa_sciarra -> images/rome_villa_sciarra_b.jpg
  OK rome_pdfband_0_01b7073a -> images/rome_pdfband_0_01b7073a_b.jpg
  OK rome_pdfband_1_da829d8c -> images/rome_pdfband_1_da829d8c_b.jpg
Commons API GET failed: HTTP Error 429: Too Many Requests
  rome_pdfband_2_2f129e05: no Commons URL
Commons API GET failed: HTTP Error 429: Too Many Requests
  rome_pdfband_3_cb3ed22e: no Commons URL
Commons API GET failed: HTTP Error 429: Too Many Requests
  rome_pdfband_9_c17302d7: no Commons URL
rome: second-image pass ù 23 ok / 23 tried; 0 already at 2
Rebuilding PDF for rome à
Written: E:\Python\GptEngineer\Excursion\rome\output\rome_guide_en.html
Copied to final_guides: E:/Python/GptEngineer/Excursion/final_guides/rome_guide_en.pdf
Written: E:\Python\GptEngineer\Excursion\rome\output\rome_guide_en.pdf
Written: E:\Python\GptEngineer\Excursion\rome\output\rome_guide_ru.html
Copied to final_guides: E:/Python/GptEngineer/Excursion/final_guides/rome_guide_ru.pdf
Written: E:\Python\GptEngineer\Excursion\rome\output\rome_guide_ru.pdf
Places in PDF: 40
Primary edition (en): E:\Python\GptEngineer\Excursion\rome\output\rome_guide.pdf

[2/43] === montreal ===
  OK montreal_notre_dame_montreal -> images/montreal_notre_dame_montreal_b.jpg
  OK montreal_old_port_montreal -> images/montreal_old_port_montreal_b.jpg
  OK montreal_mount_royal_lookout -> images/montreal_mount_royal_lookout_b.jpg
  OK montreal_biosphere -> images/montreal_biosphere_b.jpg
  OK montreal_olympic_stadium_montreal -> images/montreal_olympic_stadium_montreal_b.jpg
  OK montreal_jean_talon_market -> images/montreal_jean_talon_market_b.jpg
  OK montreal_mcgill_campus -> images/montreal_mcgill_campus_b.jpg
Commons API GET failed: HTTP Error 429: Too Many Requests
  montreal_saint_joseph_oratory: no Commons URL
Commons API GET failed: HTTP Error 429: Too Many Requests
  montreal_place_jacques_cartier: no Commons URL
Commons API GET failed: HTTP Error 429: Too Many Requests
  montreal_museum_fine_arts: no Commons URL
  OK montreal_jacques_cartier_bridge -> images/montreal_jacques_cartier_bridge_b.jpg
  OK montreal_city_hall -> images/montreal_city_hall_b.jpg
  OK montreal_underground_city_montreal -> images/montreal_underground_city_montreal_b.jpg
  montreal_habitat_67: no Commons URL
  OK montreal_clock_tower_old_port -> images/montreal_clock_tower_old_port_b.jpg
Commons API GET failed: HTTP Error 429: Too Many Requests
  montreal_parc_jean_drapeau: no Commons URL
Commons API GET failed: HTTP Error 429: Too Many Requests
  montreal_parc_jeanne_mance: no Commons URL
Commons API GET failed: HTTP Error 429: Too Many Requests
  montreal_square_saint_louis: no Commons URL
Commons API GET failed: HTTP Error 429: Too Many Requests
  montreal_marche_bonsecours: no Commons URL
  OK montreal_botanical_garden -> images/montreal_botanical_garden_b.jpg
  OK montreal_pointe_a_calliere -> images/montreal_pointe_a_calliere_b.jpg
  OK montreal_planetarium_rio_tinto_alcan -> images/montreal_planetarium_rio_tinto_alcan_b.jpg
  OK montreal_atwater_market -> images/montreal_atwater_market_b.jpg
  OK montreal_notre_dame_neiges_cemetery -> images/montreal_notre_dame_neiges_cemetery_b.jpg
Commons API GET failed: HTTP Error 429: Too Many Requests
  montreal_insectarium: no Commons URL
Commons API GET failed: HTTP Error 429: Too Many Requests
  montreal_biodome_montreal: no Commons URL
Commons API GET failed: HTTP Error 429: Too Many Requests
  montreal_eglise_saint_patrick_montreal: no Commons URL
  montreal_rue_saint_paul_old_montreal: no Commons URL
  montreal_chalet_du_mont_royal: no Commons URL
  OK montreal_parc_la_fontaine -> images/montreal_parc_la_fontaine_b.jpg
  OK montreal_place_des_arts_montreal -> images/montreal_place_des_arts_montreal_b.jpg
  OK montreal_grande_bibliotheque_banq -> images/montreal_grande_bibliotheque_banq_b.jpg
Commons API GET failed: HTTP Error 429: Too Many Requests
  montreal_orange_julep_gibeau: no Commons URL
Commons API GET failed: HTTP Error 429: Too Many Requests
  montreal_stade_uniprix: no Commons URL
Commons API GET failed: HTTP Error 429: Too Many Requests
  montreal_mccord_museum_montreal: no Commons URL
Commons API GET failed: HTTP Error 429: Too Many Requests
  montreal_cimetiere_notre_dame_neiges_chapel: no Commons URL
  montreal_ile_sainte_helene_jean_drapeau: no Commons URL
  montreal_pdfband_1_0bb055e9: no Commons URL
  montreal_pdfband_2_6703ed15: no Commons URL
montreal: second-image pass ù 19 ok / 19 tried; 0 already at 2
Rebuilding PDF for montreal à
Written: E:\Python\GptEngineer\Excursion\montreal\output\montreal_guide_en.html
Copied to final_guides: E:/Python/GptEngineer/Excursion/final_guides/montreal_guide_en.pdf
Written: E:\Python\GptEngineer\Excursion\montreal\output\montreal_guide_en.pdf
Written: E:\Python\GptEngineer\Excursion\montreal\output\montreal_guide_ru.html
Copied to final_guides: E:/Python/GptEngineer/Excursion/final_guides/montreal_guide_ru.pdf
Written: E:\Python\GptEngineer\Excursion\montreal\output\montreal_guide_ru.pdf
Places in PDF: 39
Primary edition (en): E:\Python\GptEngineer\Excursion\montreal\output\montreal_guide.pdf

[3/43] === berlin ===
  OK berlin_brandenburg_gate -> images/berlin_brandenburg_gate_b.jpg
  berlin_reichstag: no Commons URL
  OK berlin_east_side_gallery -> images/berlin_east_side_gallery_b.jpg
  OK berlin_bode_museum -> images/berlin_bode_museum_b.jpg
  OK berlin_alexanderplatz_tv_tower -> images/berlin_alexanderplatz_tv_tower_b.jpg
Commons API GET failed: HTTP Error 429: Too Many Requests
  berlin_cathedral: no Commons URL
Commons API GET failed: HTTP Error 429: Too Many Requests
  berlin_charlottenburg_palace: no Commons URL
  OK berlin_kaiser_wilhelm_memorial_church -> images/berlin_kaiser_wilhelm_memorial_church_b.jpg
  berlin_holocaust_memorial: no Commons URL
  OK berlin_checkpoint_charlie -> images/berlin_checkpoint_charlie_b.jpg
  OK berlin_gendarmenmarkt -> images/berlin_gendarmenmarkt_b.jpg
  OK berlin_potsdamer_platz -> images/berlin_potsdamer_platz_b.jpg
Commons API GET failed: HTTP Error 429: Too Many Requests
  berlin_victory_column: no Commons URL
Commons API GET failed: HTTP Error 429: Too Many Requests
  berlin_oberbaum_bridge: no Commons URL
Commons API GET failed: HTTP Error 429: Too Many Requests
  berlin_hauptbahnhof: no Commons URL
Commons API GET failed: HTTP Error 429: Too Many Requests
  berlin_jewish_museum_berlin: no Commons URL
  OK berlin_topography_of_terror -> images/berlin_topography_of_terror_b.jpg
  OK berlin_rotes_rathaus -> images/berlin_rotes_rathaus_b.jpg
  OK berlin_nikolaikirche_berlin -> images/berlin_nikolaikirche_berlin_b.jpg
  OK berlin_bellevue_palace -> images/berlin_bellevue_palace_b.jpg
  OK berlin_wall_memorial -> images/berlin_wall_memorial_b.jpg
Commons API GET failed: HTTP Error 429: Too Many Requests
  berlin_pergamon_museum: no Commons URL
Commons API GET failed: HTTP Error 429: Too Many Requests
  berlin_humboldt_forum_berlin: no Commons URL
Commons API GET failed: HTTP Error 429: Too Many Requests
  berlin_traenenpalast_berlin: no Commons URL
  OK berlin_deutsches_historisches_museum -> images/berlin_deutsches_historisches_museum_b.jpg
  OK berlin_zoo_entrance -> images/berlin_zoo_entrance_b.jpg
  OK berlin_neue_wache_berlin -> images/berlin_neue_wache_berlin_b.jpg
  OK berlin_mauerpark_berlin -> images/berlin_mauerpark_berlin_b.jpg
  OK berlin_soviet_memorial_treptow -> images/berlin_soviet_memorial_treptow_b.jpg
Commons API GET failed: HTTP Error 429: Too Many Requests
  berlin_berlinische_galerie: no Commons URL
Commons API GET failed: HTTP Error 429: Too Many Requests
  berlin_museum_fuer_naturkunde_berlin: no Commons URL
Commons API GET failed: HTTP Error 429: Too Many Requests
  berlin_aquarium: no Commons URL
Commons API GET failed: HTTP Error 429: Too Many Requests
  berlin_futurium_berlin: no Commons URL
  OK berlin_lustgarten_museumsinsel -> images/berlin_lustgarten_museumsinsel_b.jpg
  OK berlin_tempelhofer_feld -> images/berlin_tempelhofer_feld_b.jpg
  berlin_pdfband_0_065a17f3: no Commons URL
  berlin_pdfband_2_5f9e2c2a: no Commons URL
  berlin_pdfband_3_20b363f9: no Commons URL
berlin: second-image pass ù 20 ok / 20 tried; 0 already at 2
Rebuilding PDF for berlin à
Written: E:\Python\GptEngineer\Excursion\berlin\output\berlin_guide_en.html
Copied to final_guides: E:/Python/GptEngineer/Excursion/final_guides/berlin_guide_en.pdf
Written: E:\Python\GptEngineer\Excursion\berlin\output\berlin_guide_en.pdf
Written: E:\Python\GptEngineer\Excursion\berlin\output\berlin_guide_ru.html
Copied to final_guides: E:/Python/GptEngineer/Excursion/final_guides/berlin_guide_ru.pdf
Written: E:\Python\GptEngineer\Excursion\berlin\output\berlin_guide_ru.pdf
Places in PDF: 38
Primary edition (en): E:\Python\GptEngineer\Excursion\berlin\output\berlin_guide.pdf

[4/43] === paris ===
  paris_eiffel_tower: no Commons URL
  OK paris_notre_dame_cathedral -> images/paris_notre_dame_cathedral_b.jpg
  OK paris_arc_de_triomphe -> images/paris_arc_de_triomphe_b.jpg
  OK paris_sacre_coeur -> images/paris_sacre_coeur_b.jpg
  OK paris_pont_alexandre_iii -> images/paris_pont_alexandre_iii_b.jpg
  OK paris_centre_pompidou -> images/paris_centre_pompidou_b.jpg
  OK paris_musee_orsay -> images/paris_musee_orsay_b.jpg
  OK paris_place_de_la_concorde -> images/paris_place_de_la_concorde_b.jpg
  OK paris_hotel_des_invalides -> images/paris_hotel_des_invalides_b.jpg
  paris_sainte_chapelle: no Commons URL
Commons API GET failed: HTTP Error 429: Too Many Requests
  paris_pont_neuf: no Commons URL
Commons API GET failed: HTTP Error 429: Too Many Requests
  paris_palais_garnier: no Commons URL
Commons API GET failed: HTTP Error 429: Too Many Requests
  paris_champs_elysees: no Commons URL
  OK paris_grande_arche -> images/paris_grande_arche_b.jpg
  OK paris_hotel_de_ville_paris -> images/paris_hotel_de_ville_paris_b.jpg
  paris_conciergerie: no Commons URL
  OK paris_louvre -> images/paris_louvre_b.jpg
  OK paris_jardin_du_luxembourg -> images/paris_jardin_du_luxembourg_b.jpg
Commons API GET failed: HTTP Error 429: Too Many Requests
  paris_place_vendome: no Commons URL
Commons API GET failed: HTTP Error 429: Too Many Requests
  paris_pantheon_paris: no Commons URL
Commons API GET failed: HTTP Error 429: Too Many Requests
  paris_pavillon_de_flore: no Commons URL
Commons API GET failed: HTTP Error 429: Too Many Requests
  paris_tuileries_garden: no Commons URL
  OK paris_pere_lachaise_cemetery -> images/paris_pere_lachaise_cemetery_b.jpg
  OK paris_musee_rodin_paris -> images/paris_musee_rodin_paris_b.jpg
  OK paris_musee_cluny -> images/paris_musee_cluny_b.jpg
  OK paris_parc_monceau -> images/paris_parc_monceau_b.jpg
  OK paris_cite_des_sciences -> images/paris_cite_des_sciences_b.jpg
Commons API GET failed: HTTP Error 429: Too Many Requests
  paris_musee_carnavalet: no Commons URL
Commons API GET failed: HTTP Error 429: Too Many Requests
  paris_institut_du_monde_arabe: no Commons URL
Commons API GET failed: HTTP Error 429: Too Many Requests
  paris_pont_des_arts: no Commons URL
Commons API GET failed: HTTP Error 429: Too Many Requests
  paris_hotel_de_sens: no Commons URL
  OK paris_bois_de_vincennes_lake -> images/paris_bois_de_vincennes_lake_b.jpg
  paris_sacre_coeur_steps: no Commons URL
  OK paris_place_des_vosges -> images/paris_place_des_vosges_b.jpg
  OK paris_pdfband_0_4312c3dc -> images/paris_pdfband_0_4312c3dc_b.jpg
  paris_pdfband_1_954425d3: no Commons URL
  OK paris_pdfband_2_30b06647 -> images/paris_pdfband_2_30b06647_b.jpg
Commons API GET failed: HTTP Error 429: Too Many Requests
  paris_pdfband_3_4f7898b2: no Commons URL
paris: second-image pass ù 21 ok / 21 tried; 0 already at 2
Rebuilding PDF for paris à
Written: E:\Python\GptEngineer\Excursion\paris\output\paris_guide_en.html
Copied to final_guides: E:/Python/GptEngineer/Excursion/final_guides/paris_guide_en.pdf
Written: E:\Python\GptEngineer\Excursion\paris\output\paris_guide_en.pdf
Written: E:\Python\GptEngineer\Excursion\paris\output\paris_guide_ru.html
Copied to final_guides: E:/Python/GptEngineer/Excursion/final_guides/paris_guide_ru.pdf
Written: E:\Python\GptEngineer\Excursion\paris\output\paris_guide_ru.pdf
Places in PDF: 38
Primary edition (en): E:\Python\GptEngineer\Excursion\paris\output\paris_guide.pdf

[5/43] === florence ===
  OK florence_duomo -> images/florence_duomo_b.jpg
  OK florence_ponte_vecchio -> images/florence_ponte_vecchio_b.jpg
  OK florence_uffizi -> images/florence_uffizi_b.jpg
  OK florence_palazzo_vecchio -> images/florence_palazzo_vecchio_b.jpg
  OK florence_santa_croce -> images/florence_santa_croce_b.jpg
  OK florence_piazzale_michelangelo -> images/florence_piazzale_michelangelo_b.jpg
  OK florence_san_lorenzo -> images/florence_san_lorenzo_b.jpg
Commons API GET failed: HTTP Error 429: Too Many Requests
  florence_palazzo_pitti: no Commons URL
Commons API GET failed: HTTP Error 429: Too Many Requests
  florence_boboli_gardens: no Commons URL
Commons API GET failed: HTTP Error 429: Too Many Requests
  florence_santa_maria_novella: no Commons URL
Commons API GET failed: HTTP Error 429: Too Many Requests
  florence_orsanmichele: no Commons URL
  OK florence_loggia_dei_lanzi -> images/florence_loggia_dei_lanzi_b.jpg
  OK florence_mercato_centrale -> images/florence_mercato_centrale_b.jpg
  florence_santo_spirito: no Commons URL
  OK florence_baptistery -> images/florence_baptistery_b.jpg
  OK florence_galleria_accademia -> images/florence_galleria_accademia_b.jpg
Commons API GET failed: HTTP Error 429: Too Many Requests
  florence_palazzo_strozzi: no Commons URL
Commons API GET failed: HTTP Error 429: Too Many Requests
  florence_piazza_della_signoria: no Commons URL
Commons API GET failed: HTTP Error 429: Too Many Requests
  florence_san_miniato_al_monte: no Commons URL
  OK florence_museo_galileo -> images/florence_museo_galileo_b.jpg
  OK florence_ponte_santa_trinita -> images/florence_ponte_santa_trinita_b.jpg
  OK florence_palazzo_medici_riccardi -> images/florence_palazzo_medici_riccardi_b.jpg
  OK florence_bargello_museum -> images/florence_bargello_museum_b.jpg
  OK florence_casa_buonarroti -> images/florence_casa_buonarroti_b.jpg
Commons API GET failed: HTTP Error 429: Too Many Requests
  florence_san_marco_museum_florence: no Commons URL
Commons API GET failed: HTTP Error 429: Too Many Requests
  florence_santa_maria_del_carmine: no Commons URL
Commons API GET failed: HTTP Error 429: Too Many Requests
  florence_ognissanti_florence: no Commons URL
Commons API GET failed: HTTP Error 429: Too Many Requests
  florence_basilica_annunziata: no Commons URL
  OK florence_stibbert_museum -> images/florence_stibbert_museum_b.jpg
  OK florence_piazza_massimo_azeglio -> images/florence_piazza_massimo_azeglio_b.jpg
  OK florence_tuscany_hall_opera -> images/florence_tuscany_hall_opera_b.jpg
  OK florence_fountain_neptune_florence -> images/florence_fountain_neptune_florence_b.jpg
  OK florence_torre_arnolfo_palazzo_vecchio -> images/florence_torre_arnolfo_palazzo_vecchio_b.jpg
Commons API GET failed: HTTP Error 429: Too Many Requests
  florence_pdfband_0_a90f762f: no Commons URL
Commons API GET failed: HTTP Error 429: Too Many Requests
  florence_pdfband_2_ebd6a734: no Commons URL
Commons API GET failed: HTTP Error 429: Too Many Requests
  florence_pdfband_3_22c2e485: no Commons URL
  OK florence_pdfband_8_182b6b13 -> images/florence_pdfband_8_182b6b13_b.jpg
florence: second-image pass ù 22 ok / 22 tried; 0 already at 2
Rebuilding PDF for florence à
Written: E:\Python\GptEngineer\Excursion\florence\output\florence_guide_en.html
Copied to final_guides: E:/Python/GptEngineer/Excursion/final_guides/florence_guide_en.pdf
Written: E:\Python\GptEngineer\Excursion\florence\output\florence_guide_en.pdf
Written: E:\Python\GptEngineer\Excursion\florence\output\florence_guide_ru.html
Copied to final_guides: E:/Python/GptEngineer/Excursion/final_guides/florence_guide_ru.pdf
Written: E:\Python\GptEngineer\Excursion\florence\output\florence_guide_ru.pdf
Places in PDF: 37
Primary edition (en): E:\Python\GptEngineer\Excursion\florence\output\florence_guide.pdf

[6/43] === prague ===
  OK prague_charles_bridge -> images/prague_charles_bridge_b.jpg
  OK prague_castle -> images/prague_castle_b.jpg
  OK prague_old_town_square -> images/prague_old_town_square_b.jpg
  prague_astronomical_clock_orloj: no Commons URL
  OK prague_st_vitus_cathedral -> images/prague_st_vitus_cathedral_b.jpg
Commons API GET failed: HTTP Error 429: Too Many Requests
  prague_wenceslas_square: no Commons URL
Commons API GET failed: HTTP Error 429: Too Many Requests
  prague_old_town_hall: no Commons URL
Commons API GET failed: HTTP Error 429: Too Many Requests
  prague_old_jewish_cemetery: no Commons URL
Commons API GET failed: HTTP Error 429: Too Many Requests
  prague_powder_gate: no Commons URL
  OK prague_municipal_house -> images/prague_municipal_house_b.jpg
  OK prague_national_museum_prague -> images/prague_national_museum_prague_b.jpg
  OK prague_petrin_tower -> images/prague_petrin_tower_b.jpg
  prague_lennon_wall: no Commons URL
  OK prague_dancing_house -> images/prague_dancing_house_b.jpg
Commons API GET failed: HTTP Error 429: Too Many Requests
  prague_vysehrad_ss_peter_paul: no Commons URL
Commons API GET failed: HTTP Error 429: Too Many Requests
  prague_strahov_monastery: no Commons URL
Commons API GET failed: HTTP Error 429: Too Many Requests
  prague_kampa_charles_bridge_view: no Commons URL
Commons API GET failed: HTTP Error 429: Too Many Requests
  prague_main_railway_station: no Commons URL
  OK prague_st_nicholas_mala_strana -> images/prague_st_nicholas_mala_strana_b.jpg
  prague_troja_castle: no Commons URL
  OK prague_national_theatre_prague -> images/prague_national_theatre_prague_b.jpg
  prague_letna_park_view: no Commons URL
  OK prague_wallenstein_garden -> images/prague_wallenstein_garden_b.jpg
Commons API GET failed: HTTP Error 429: Too Many Requests
  prague_national_technical_museum_prague: no Commons URL
Commons API GET failed: HTTP Error 429: Too Many Requests
  prague_kinsky_palace_old_town: no Commons URL
Commons API GET failed: HTTP Error 429: Too Many Requests
  prague_infant_jesus_prague_church: no Commons URL
  OK prague_klementinum_mirror_chapel -> images/prague_klementinum_mirror_chapel_b.jpg
  OK prague_naplavka_riverside -> images/prague_naplavka_riverside_b.jpg
  prague_stromovka_park: no Commons URL

=== SECOND_IMAGE_STATS tick #1 ===
  OK prague_letna_metronome -> images/prague_letna_metronome_b.jpg
city             places  skip  0img  1img  2img
------------------------------------------------
amsterdam            31     0     0    31     0
athens               29     0     0    29     0
bangkok              32     0     0    32     0
barcelona            33     0     0    33     0
berlin               38     0     0    18    20
boston               28     0     0    28     0
budapest             33     0     0    33     0
chernivtsi           33     0     0    33     0
copenhagen           29     0     0    29     0
dubai                34     0     0    34     0
dublin               21     0     0    21     0
florence             37     0     0    15    22
istanbul             33     0     0    33     0
jerusalem            33     0     0    33     0
kazan                29     0     0    29     0
kharkiv              29     0     0    29     0
kyiv                 30     0     0    30     0
lisbon               28     0     0    28     0
london               26     0     0    26     0
los_angeles          30     0     0    30     0
lviv                 30     0     0    30     0
madrid               33     0     0    33     0
minsk                34     0     0    34     0
montreal             39     0     0    20    19
moscow              500     0   119    60   321
new_york             35     0     0    35     0
novosibirsk          28     0     0    28     0
odessa               25     0     0    25     0
paris                38     0     0    17    21
philadelphia         27     0     0    27     0
prague               37     0     0    24    13
rome                 40     0     0    17    23
san_francisco        26     0     0    26     0
singapore            27     0     0    27     0
smolensk             68     1     0     3    64
spb                 354     0     0   304    50
tokyo                30     0     0    30     0
tver                 31     0     0    31     0
vatican              27     0     0    27     0
venice               35     0     0    35     0
vienna               33     0     0    33     0
vladivostok          25     0     0    25     0
volgograd            25     0     0    25     0
vologda              22     0     0    20     2
yaroslavl            26     0     0    26     0
------------------------------------------------
TOTAL              2211     1   119  1536   555

PDF-eligible (excl. skip): 2210
1 image: 1536 (69.5%)
2 images: 555 (25.1%)
0 images: 119 (5.4%)
  OK prague_troya_botanical_garden -> images/prague_troya_botanical_garden_b.jpg
Cities still needing 2nd image: 43 (1290 places)
  top: rome(40), montreal(39), berlin(38), paris(38), florence(37), prague(37), new_york(35), venice(35)
Commons API GET failed: HTTP Error 429: Too Many Requests
  prague_zizkov_tower: no Commons URL
Commons API GET failed: HTTP Error 429: Too Many Requests
  prague_vysehrad_cemetery_slavin: no Commons URL
Commons API GET failed: HTTP Error 429: Too Many Requests
  prague_pdfband_0_2f02bea1: no Commons URL
Commons API GET failed: HTTP Error 429: Too Many Requests
  prague_pdfband_1_1aaef487: no Commons URL
  prague_pdfband_2_45de4182: no Commons URL
  OK prague_pdfband_9_08958a66 -> images/prague_pdfband_9_08958a66_b.jpg
prague: second-image pass ù 16 ok / 16 tried; 0 already at 2
Rebuilding PDF for prague à
Written: E:\Python\GptEngineer\Excursion\prague\output\prague_guide_en.html
Copied to final_guides: E:/Python/GptEngineer/Excursion/final_guides/prague_guide_en.pdf
Written: E:\Python\GptEngineer\Excursion\prague\output\prague_guide_en.pdf
Written: E:\Python\GptEngineer\Excursion\prague\output\prague_guide_ru.html
Copied to final_guides: E:/Python/GptEngineer/Excursion/final_guides/prague_guide_ru.pdf
Written: E:\Python\GptEngineer\Excursion\prague\output\prague_guide_ru.pdf
Places in PDF: 37
Primary edition (en): E:\Python\GptEngineer\Excursion\prague\output\prague_guide.pdf

[7/43] === new_york ===
  OK new_york_statue_of_liberty -> images/new_york_statue_of_liberty_b.jpg
  OK new_york_brooklyn_bridge -> images/new_york_brooklyn_bridge_b.jpg
  OK new_york_empire_state_building -> images/new_york_empire_state_building_b.jpg
  OK new_york_times_square -> images/new_york_times_square_b.jpg
  OK new_york_bethesda_terrace -> images/new_york_bethesda_terrace_b.jpg
Commons API GET failed: HTTP Error 429: Too Many Requests
  new_york_metropolitan_museum_of_art: no Commons URL
Commons API GET failed: HTTP Error 429: Too Many Requests
  new_york_flatiron_building: no Commons URL
  OK new_york_high_line -> images/new_york_high_line_b.jpg
  OK new_york_nine_eleven_memorial -> images/new_york_nine_eleven_memorial_b.jpg
  OK new_york_rockefeller_center -> images/new_york_rockefeller_center_b.jpg
  OK new_york_chrysler_building -> images/new_york_chrysler_building_b.jpg
  OK new_york_washington_square_arch -> images/new_york_washington_square_arch_b.jpg
Commons API GET failed: HTTP Error 429: Too Many Requests
  new_york_one_world_trade_center: no Commons URL
Commons API GET failed: HTTP Error 429: Too Many Requests
  new_york_the_vessel: no Commons URL
Commons API GET failed: HTTP Error 429: Too Many Requests
  new_york_ny_public_library_main: no Commons URL
Commons API GET failed: HTTP Error 429: Too Many Requests
  new_york_american_museum_natural_history: no Commons URL
  OK new_york_guggenheim_museum -> images/new_york_guggenheim_museum_b.jpg
  OK new_york_ellis_island_immigration_museum -> images/new_york_ellis_island_immigration_museum_b.jpg
  OK new_york_charging_bull -> images/new_york_charging_bull_b.jpg
  OK new_york_coney_island -> images/new_york_coney_island_b.jpg
  OK new_york_tenement_museum_nyc -> images/new_york_tenement_museum_nyc_b.jpg
Commons API GET failed: HTTP Error 429: Too Many Requests
  new_york_yankee_stadium: no Commons URL
Commons API GET failed: HTTP Error 429: Too Many Requests
  new_york_cathedral_st_john_divine: no Commons URL
Commons API GET failed: HTTP Error 429: Too Many Requests
  new_york_whitney_museum_meatpacking: no Commons URL
  OK new_york_uss_intrepid_museum -> images/new_york_uss_intrepid_museum_b.jpg
  OK new_york_rockefeller_top_of_rock -> images/new_york_rockefeller_top_of_rock_b.jpg
  OK new_york_federal_hall_nyc -> images/new_york_federal_hall_nyc_b.jpg
  new_york_trinity_church_wall_street: no Commons URL
  OK new_york_stonewall_inn_monument -> images/new_york_stonewall_inn_monument_b.jpg
Commons API GET failed: HTTP Error 429: Too Many Requests
  new_york_brooklyn_public_library_central: no Commons URL
Commons API GET failed: HTTP Error 429: Too Many Requests
  new_york_united_nations_headquarters: no Commons URL
Commons API GET failed: HTTP Error 429: Too Many Requests
  new_york_pdfband_1_c1bc9f1a: no Commons URL
Commons API GET failed: HTTP Error 429: Too Many Requests
  new_york_pdfband_2_e61f38fc: no Commons URL
  new_york_pdfband_3_5d38ade8: no Commons URL
  OK new_york_pdfband_9_8f92c8b6 -> images/new_york_pdfband_9_8f92c8b6_b.jpg
new_york: second-image pass ù 20 ok / 20 tried; 0 already at 2
Rebuilding PDF for new_york à
Written: E:\Python\GptEngineer\Excursion\new_york\output\new_york_guide_en.html
Copied to final_guides: E:/Python/GptEngineer/Excursion/final_guides/new_york_guide_en.pdf
Written: E:\Python\GptEngineer\Excursion\new_york\output\new_york_guide_en.pdf
Written: E:\Python\GptEngineer\Excursion\new_york\output\new_york_guide_ru.html
Copied to final_guides: E:/Python/GptEngineer/Excursion/final_guides/new_york_guide_ru.pdf
Written: E:\Python\GptEngineer\Excursion\new_york\output\new_york_guide_ru.pdf
Places in PDF: 35
Primary edition (en): E:\Python\GptEngineer\Excursion\new_york\output\new_york_guide.pdf

[8/43] === venice ===
  OK venice_piazza_san_marco -> images/venice_piazza_san_marco_b.jpg
  OK venice_doges_palace -> images/venice_doges_palace_b.jpg
  OK venice_bridge_of_sighs -> images/venice_bridge_of_sighs_b.jpg
  venice_grand_canal: no Commons URL
  OK venice_rialto_bridge -> images/venice_rialto_bridge_b.jpg
Commons API GET failed: HTTP Error 429: Too Many Requests
  venice_basilica_san_marco: no Commons URL
Commons API GET failed: HTTP Error 429: Too Many Requests
  venice_santa_maria_della_salute: no Commons URL
  OK venice_campanile_san_marco -> images/venice_campanile_san_marco_b.jpg
  OK venice_st_marks_clocktower -> images/venice_st_marks_clocktower_b.jpg
  OK venice_biblioteca_marciana -> images/venice_biblioteca_marciana_b.jpg
  OK venice_peggy_guggenheim_collection -> images/venice_peggy_guggenheim_collection_b.jpg
  OK venice_ca_doro -> images/venice_ca_doro_b.jpg
Commons API GET failed: HTTP Error 429: Too Many Requests
  venice_jewish_museum_venice: no Commons URL
Commons API GET failed: HTTP Error 429: Too Many Requests
  venice_burano: no Commons URL
Commons API GET failed: HTTP Error 429: Too Many Requests
  venice_murano: no Commons URL
Commons API GET failed: HTTP Error 429: Too Many Requests
  venice_arsenale: no Commons URL
  OK venice_ponte_accademia -> images/venice_ponte_accademia_b.jpg
  venice_scala_contarini_del_bovolo: no Commons URL
  OK venice_lido_di_venezia -> images/venice_lido_di_venezia_b.jpg
  venice_teatro_la_fenice: no Commons URL
  OK venice_san_giorgio_maggiore -> images/venice_san_giorgio_maggiore_b.jpg
Commons API GET failed: HTTP Error 429: Too Many Requests
  venice_gallerie_accademia: no Commons URL
Commons API GET failed: HTTP Error 429: Too Many Requests
  venice_ca_rezzonico: no Commons URL
Commons API GET failed: HTTP Error 429: Too Many Requests
  venice_scuola_grande_san_rocco: no Commons URL
Commons API GET failed: HTTP Error 429: Too Many Requests
  venice_santa_maria_formosa: no Commons URL
  OK venice_campo_santa_margherita -> images/venice_campo_santa_margherita_b.jpg
  OK venice_san_francesco_della_vigna -> images/venice_san_francesco_della_vigna_b.jpg
  OK venice_san_zaccaria_venice -> images/venice_san_zaccaria_venice_b.jpg
  venice_campo_san_polo: no Commons URL
  OK venice_giardini_biennale -> images/venice_giardini_biennale_b.jpg
Commons API GET failed: HTTP Error 429: Too Many Requests
  venice_lido_di_venezia_beach: no Commons URL
Commons API GET failed: HTTP Error 429: Too Many Requests
  venice_punta_della_dogana: no Commons URL
Commons API GET failed: HTTP Error 429: Too Many Requests
  venice_santa_maria_dei_miracoli: no Commons URL
Commons API GET failed: HTTP Error 429: Too Many Requests
  venice_arsenale_gate_land: no Commons URL
  venice_pdfband_2_1c9dd585: no Commons URL
venice: second-image pass ù 16 ok / 16 tried; 0 already at 2
Rebuilding PDF for venice à
Written: E:\Python\GptEngineer\Excursion\venice\output\venice_guide_en.html
Copied to final_guides: E:/Python/GptEngineer/Excursion/final_guides/venice_guide_en.pdf
Written: E:\Python\GptEngineer\Excursion\venice\output\venice_guide_en.pdf
Written: E:\Python\GptEngineer\Excursion\venice\output\venice_guide_ru.html
Copied to final_guides: E:/Python/GptEngineer/Excursion/final_guides/venice_guide_ru.pdf
Written: E:\Python\GptEngineer\Excursion\venice\output\venice_guide_ru.pdf
Places in PDF: 35
Primary edition (en): E:\Python\GptEngineer\Excursion\venice\output\venice_guide.pdf

[9/43] === dubai ===
  dubai_burj_khalifa: no Commons URL
  OK dubai_marina -> images/dubai_marina_b.jpg
  OK dubai_creek_deira -> images/dubai_creek_deira_b.jpg
  OK dubai_burj_al_arab -> images/dubai_burj_al_arab_b.jpg
  OK dubai_jumeirah_mosque -> images/dubai_jumeirah_mosque_b.jpg
Commons API GET failed: HTTP Error 429: Too Many Requests
  dubai_frame: no Commons URL
Commons API GET failed: HTTP Error 429: Too Many Requests
  dubai_palm_jumeirah: no Commons URL
Commons API GET failed: HTTP Error 429: Too Many Requests
  dubai_museum_al_fahidi: no Commons URL
  OK dubai_madinat_jumeirah -> images/dubai_madinat_jumeirah_b.jpg
  dubai_global_village: no Commons URL
  OK dubai_museum_of_the_future -> images/dubai_museum_of_the_future_b.jpg
  dubai_al_seef: no Commons URL
  OK dubai_la_mer -> images/dubai_la_mer_b.jpg
  dubai_city_walk: no Commons URL
Commons API GET failed: HTTP Error 429: Too Many Requests
  dubai_hatta: no Commons URL
Commons API GET failed: HTTP Error 429: Too Many Requests
  dubai_gold_souk: no Commons URL
Commons API GET failed: HTTP Error 429: Too Many Requests
  dubai_spice_deira: no Commons URL
  dubai_kite_beach: no Commons URL
  dubai_dubai_hills: no Commons URL
  dubai_opera: no Commons URL
  dubai_safa_park: no Commons URL
  OK dubai_wild_wadi -> images/dubai_wild_wadi_b.jpg
Commons API GET failed: HTTP Error 429: Too Many Requests
  dubai_alserkal: no Commons URL
Commons API GET failed: HTTP Error 429: Too Many Requests
  dubai_grand_mosque: no Commons URL
Commons API GET failed: HTTP Error 429: Too Many Requests
  dubai_al_fahidi: no Commons URL
Commons API GET failed: HTTP Error 429: Too Many Requests
  dubai_etihad_museum: no Commons URL
  OK dubai_heritage_village -> images/dubai_heritage_village_b.jpg
  dubai_qasr_al_hosn: no Commons URL
Commons API GET failed: <urlopen error [Errno 11001] getaddrinfo failed>
  dubai_expo_city: no Commons URL
  dubai_pdfband_0_41025eeb: no Commons URL
  dubai_pdfband_1_ca27259c: no Commons URL
  dubai_pdfband_3_dc26830d: no Commons URL
  dubai_pdfband_8_36ceff8b: no Commons URL
  dubai_pdfband_9_d0a641cf: no Commons URL
dubai: second-image pass ù 9 ok / 9 tried; 0 already at 2
Rebuilding PDF for dubai à
Written: E:\Python\GptEngineer\Excursion\dubai\output\dubai_guide_en.html
Copied to final_guides: E:/Python/GptEngineer/Excursion/final_guides/dubai_guide_en.pdf
Written: E:\Python\GptEngineer\Excursion\dubai\output\dubai_guide_en.pdf
Written: E:\Python\GptEngineer\Excursion\dubai\output\dubai_guide_ru.html
Copied to final_guides: E:/Python/GptEngineer/Excursion/final_guides/dubai_guide_ru.pdf
Written: E:\Python\GptEngineer\Excursion\dubai\output\dubai_guide_ru.pdf
Places in PDF: 34
Primary edition (en): E:\Python\GptEngineer\Excursion\dubai\output\dubai_guide.pdf

[10/43] === minsk ===
  minsk_national_library: no Commons URL
  minsk_independence_square: no Commons URL
  OK minsk_red_church -> images/minsk_red_church_b.jpg
  minsk_gorky_park: no Commons URL
  OK minsk_opera_ballet -> images/minsk_opera_ballet_b.jpg
  OK minsk_trinity_hill -> images/minsk_trinity_hill_b.jpg
  OK minsk_island_tears -> images/minsk_island_tears_b.jpg
  OK minsk_national_art_museum -> images/minsk_national_art_museum_b.jpg
  minsk_victory_square: no Commons URL
  OK minsk_war_museum -> images/minsk_war_museum_b.jpg
Commons API GET failed: HTTP Error 429: Too Many Requests
  minsk_chelyuskinites: no Commons URL
Commons API GET failed: HTTP Error 429: Too Many Requests
  minsk_minsk_arena: no Commons URL
Commons API GET failed: HTTP Error 429: Too Many Requests
  minsk_october_square: no Commons URL
Commons API GET failed: HTTP Error 429: Too Many Requests
  minsk_yakub_kolas: no Commons URL
  OK minsk_palace_republic -> images/minsk_palace_republic_b.jpg
  minsk_belarusian_state_circus: no Commons URL
Commons API GET failed: HTTP Error 429: Too Many Requests
  minsk_city_gate: no Commons URL
Commons API GET failed: HTTP Error 429: Too Many Requests
  minsk_holy_spirit_cathedral: no Commons URL
Commons API GET failed: HTTP Error 429: Too Many Requests
  minsk_sts_peter_paul: no Commons URL
Commons API GET failed: HTTP Error 429: Too Many Requests
  minsk_upper_town: no Commons URL
Commons API GET failed: HTTP Error 429: Too Many Requests
  minsk_kastrycnickaja: no Commons URL
Commons API GET failed: HTTP Error 429: Too Many Requests
  minsk_belarus_station: no Commons URL
Commons API GET failed: HTTP Error 429: Too Many Requests
  minsk_drozdy: no Commons URL
  minsk_all_saints: no Commons URL
  OK minsk_national_history -> images/minsk_national_history_b.jpg
  minsk_st_elizabeth: no Commons URL
Commons API GET failed: HTTP Error 429: Too Many Requests
  minsk_st_roch: no Commons URL
Commons API GET failed: HTTP Error 429: Too Many Requests
  minsk_sts_simon_helena: no Commons URL
Commons API GET failed: HTTP Error 429: Too Many Requests
  minsk_catholic_cathedral: no Commons URL
Commons API GET failed: HTTP Error 429: Too Many Requests
  minsk_pdfband_0_29c5ad91: no Commons URL
Commons API GET failed: HTTP Error 429: Too Many Requests
  minsk_pdfband_1_2e13651f: no Commons URL
Commons API GET failed: HTTP Error 429: Too Many Requests
  minsk_pdfband_2_7101e6f9: no Commons URL
  OK minsk_pdfband_4_91916483 -> images/minsk_pdfband_4_91916483_b.jpg
  OK minsk_pdfband_15_91916483 -> images/minsk_pdfband_15_91916483_b.jpg
minsk: second-image pass ù 10 ok / 10 tried; 0 already at 2
Rebuilding PDF for minsk à
Written: E:\Python\GptEngineer\Excursion\minsk\output\minsk_guide_en.html
Copied to final_guides: E:/Python/GptEngineer/Excursion/final_guides/minsk_guide_en.pdf
Written: E:\Python\GptEngineer\Excursion\minsk\output\minsk_guide_en.pdf
Written: E:\Python\GptEngineer\Excursion\minsk\output\minsk_guide_ru.html
Copied to final_guides: E:/Python/GptEngineer/Excursion/final_guides/minsk_guide_ru.pdf
Written: E:\Python\GptEngineer\Excursion\minsk\output\minsk_guide_ru.pdf
Places in PDF: 34
Primary edition (en): E:\Python\GptEngineer\Excursion\minsk\output\minsk_guide.pdf

[11/43] === barcelona ===
  OK barcelona_sagrada_familia -> images/barcelona_sagrada_familia_b.jpg
  barcelona_park_guell: no Commons URL
Commons API GET failed: HTTP Error 429: Too Many Requests
  barcelona_casa_mila: no Commons URL
Commons API GET failed: HTTP Error 429: Too Many Requests
  barcelona_cathedral: no Commons URL
Commons API GET failed: HTTP Error 429: Too Many Requests
  barcelona_palau_de_la_musica: no Commons URL
Commons API GET failed: HTTP Error 429: Too Many Requests
  barcelona_camp_nou: no Commons URL
Commons API GET failed: HTTP Error 429: Too Many Requests
  barcelona_magic_fountain_montjuic: no Commons URL
Commons API GET failed: HTTP Error 429: Too Many Requests
  barcelona_columbus_monument: no Commons URL
  OK barcelona_barceloneta_beach -> images/barcelona_barceloneta_beach_b.jpg
  barcelona_hospital_sant_pau: no Commons URL
  OK barcelona_santa_maria_del_mar -> images/barcelona_santa_maria_del_mar_b.jpg
  barcelona_palau_guell: no Commons URL
Commons API GET failed: HTTP Error 429: Too Many Requests
  barcelona_la_boqueria: no Commons URL
