exists: images/moscow_monasteries/andronikov_1.jpg
exists: images/moscow_monasteries/andronikov_2.jpg
exists: images/moscow_monasteries/andronikov_3.jpg
exists: images/moscow_monasteries/andronikov_4.jpg
exists: images/moscow_monasteries/vysoko_petrovsky_1.jpg
exists: images/moscow_monasteries/vysoko_petrovsky_2.jpg
exists: images/moscow_monasteries/vysoko_petrovsky_3.jpg
exists: images/moscow_monasteries/vysoko_petrovsky_4.jpg
exists: images/moscow_monasteries/andreevsky_1.jpg
exists: images/moscow_monasteries/andreevsky_2.jpg
exists: images/moscow_monasteries/andreevsky_3.jpg
exists: images/moscow_monasteries/andreevsky_4.jpg
exists: images/moscow_monasteries/donskoy_1.jpg
exists: images/moscow_monasteries/donskoy_2.jpg
exists: images/moscow_monasteries/donskoy_3.jpg
exists: images/moscow_monasteries/donskoy_4.jpg
exists: images/moscow_monasteries/novodevichy_1.jpg
exists: images/moscow_monasteries/novodevichy_2.jpg
exists: images/moscow_monasteries/novodevichy_3.jpg
exists: images/moscow_monasteries/novodevichy_4.jpg
exists: images/moscow_monasteries/pokrovsky_1.jpg
exists: images/moscow_monasteries/pokrovsky_2.jpg
exists: images/moscow_monasteries/pokrovsky_3.jpg
exists: images/moscow_monasteries/pokrovsky_4.jpg
exists: images/moscow_monasteries/krutitsy_1.jpg
exists: images/moscow_monasteries/krutitsy_2.jpg
exists: images/moscow_monasteries/krutitsy_3.jpg
exists: images/moscow_monasteries/krutitsy_4.jpg
exists: images/moscow_monasteries/danilov_1.jpg
exists: images/moscow_monasteries/danilov_2.jpg
exists: images/moscow_monasteries/danilov_3.jpg
exists: images/moscow_monasteries/danilov_4.jpg
exists: images/moscow_monasteries/zachatievsky_1.jpg
exists: images/moscow_monasteries/zachatievsky_2.jpg
exists: images/moscow_monasteries/zachatievsky_3.jpg
exists: images/moscow_monasteries/zachatievsky_4.jpg
exists: images/moscow_monasteries/novospassky_1.jpg
exists: images/moscow_monasteries/novospassky_2.jpg
exists: images/moscow_monasteries/novospassky_3.jpg
exists: images/moscow_monasteries/novospassky_4.jpg
exists: images/moscow_monasteries/sretensky_1.jpg
exists: images/moscow_monasteries/sretensky_2.jpg
exists: images/moscow_monasteries/sretensky_3.jpg
exists: images/moscow_monasteries/sretensky_4.jpg
exists: images/moscow_monasteries/marfo_mariinsky_1.jpg
exists: images/moscow_monasteries/marfo_mariinsky_2.jpg
exists: images/moscow_monasteries/marfo_mariinsky_3.jpg
exists: images/moscow_monasteries/marfo_mariinsky_4.jpg
exists: images/moscow_monasteries/simonov_1.jpg
exists: images/moscow_monasteries/simonov_2.jpg
exists: images/moscow_monasteries/simonov_3.jpg
exists: images/moscow_monasteries/simonov_4.jpg
exists: images/moscow_monasteries/rozhdestvensky_1.jpg
exists: images/moscow_monasteries/rozhdestvensky_2.jpg
exists: images/moscow_monasteries/rozhdestvensky_3.jpg
exists: images/moscow_monasteries/rozhdestvensky_4.jpg
exists: images/moscow_monasteries/zaikonospassky_1.jpg
exists: images/moscow_monasteries/zaikonospassky_2.jpg
exists: images/moscow_monasteries/zaikonospassky_3.jpg
exists: images/moscow_monasteries/zaikonospassky_4.jpg
exists: images/moscow_monasteries/nikolo_perervinsky_1.jpg
exists: images/moscow_monasteries/nikolo_perervinsky_2.jpg
exists: images/moscow_monasteries/nikolo_perervinsky_3.jpg
exists: images/moscow_monasteries/nikolo_perervinsky_4.jpg
exists: images/moscow_monasteries/ioanno_predtechensky_1.jpg
exists: images/moscow_monasteries/ioanno_predtechensky_2.jpg
exists: images/moscow_monasteries/ioanno_predtechensky_3.jpg
exists: images/moscow_monasteries/ioanno_predtechensky_4.jpg
exists: images/moscow_monasteries/novo_alekseevsky_1.jpg
exists: images/moscow_monasteries/novo_alekseevsky_2.jpg
exists: images/moscow_monasteries/novo_alekseevsky_3.jpg
exists: images/moscow_monasteries/novo_alekseevsky_4.jpg
exists: images/moscow_monasteries/bogoyavlensky_1.jpg
exists: images/moscow_monasteries/bogoyavlensky_2.jpg
exists: images/moscow_monasteries/bogoyavlensky_3.jpg
exists: images/moscow_monasteries/bogoyavlensky_4.jpg
exists: images/moscow_monasteries/znamensky_1.jpg
exists: images/moscow_monasteries/znamensky_2.jpg
exists: images/moscow_monasteries/znamensky_3.jpg
exists: images/moscow_monasteries/znamensky_4.jpg
exists: images/moscow_places_of_worship/st_basil_3.jpg
exists: images/moscow_places_of_worship/st_basil_4.jpg
exists: images/moscow_places_of_worship/christ_saviour_3.jpg
exists: images/moscow_places_of_worship/kolomenskoye_1.jpg
exists: images/moscow_places_of_worship/kolomenskoye_3.jpg
exists: images/moscow_places_of_worship/uspensky_kremlin_1.jpg
exists: images/moscow_places_of_worship/uspensky_kremlin_3.jpg
exists: images/moscow_places_of_worship/uspensky_kremlin_4.jpg
exists: images/moscow_places_of_worship/blagoveshchensky_3.jpg
exists: images/moscow_places_of_worship/blagoveshchensky_4.jpg
exists: images/moscow_places_of_worship/arkhangelsky_3.jpg
exists: images/moscow_places_of_worship/clement_1.jpg
exists: images/moscow_places_of_worship/ioann_voin_1.jpg
exists: images/moscow_places_of_worship/martin_confessor_1.jpg
exists: images/moscow_places_of_worship/nikita_basmannaya_1.jpg
exists: images/moscow_places_of_worship/ioann_voin_1.jpg
exists: images/moscow_parks/poklonnaya_1.jpg
exists: images/moscow_parks/hermitage_garden_1.jpg
exists: images/moscow_museums/planetarium_1.jpg
exists: images/moscow_palaces/ekaterininsky_palace_1.jpg
exists: images/moscow_palaces/petrovsky_1.jpg
exists: images/moscow_buildings/dom_nab_1.jpg
exists: images/moscow_buildings/manezh_1.jpg
exists: images/moscow_buildings/bkd_1.jpg
exists: images/moscow_buildings/triumph_arch_1.jpg
exists: images/moscow_buildings/centrosoyuz_1.jpg
exists: images/moscow_buildings/izvestia_1.jpg
exists: images/moscow_buildings/cosmos_pavilion_1.jpg
exists: images/moscow_sculptures/minin_1.jpg
exists: images/moscow_sculptures/minin_2.jpg
exists: images/moscow_sculptures/unknown_soldier_1.jpg
exists: images/moscow_sculptures/pushkin_1.jpg
exists: images/moscow_sculptures/pushkin_2.jpg
exists: images/moscow_sculptures/dolgoruky_1.jpg
exists: images/moscow_sculptures/dolgoruky_2.jpg
exists: images/moscow_sculptures/worker_kolkhoz_1.jpg
exists: images/moscow_sculptures/worker_kolkhoz_2.jpg
exists: images/moscow_sculptures/cosmos_monument_1.jpg
exists: images/moscow_sculptures/cosmos_monument_2.jpg
exists: images/moscow_sculptures/lenin_oktyabrskaya_1.jpg
exists: images/moscow_sculptures/dostoevsky_1.jpg
exists: images/moscow_sculptures/lomonosov_1.jpg
exists: images/moscow_sculptures/ostrovsky_2.jpg
exists: images/moscow_sculptures/marx_engels_1.jpg
exists: images/moscow_sculptures/marx_engels_2.jpg
exists: images/moscow_sculptures/zhukov_1.jpg
exists: images/moscow_sculptures/herzen_1.jpg
exists: images/moscow_sculptures/herzen_2.jpg
exists: images/moscow_sculptures/yesenin_1.jpg
exists: images/moscow_sculptures/yesenin_2.jpg
exists: images/moscow_sculptures/vysotsky_1.jpg
exists: images/moscow_sculptures/vysotsky_2.jpg
exists: images/moscow_sculptures/griboedov_2.jpg
exists: images/moscow_sculptures/krylov_1.jpg
exists: images/moscow_sculptures/timiryazev_1.jpg
exists: images/moscow_sculptures/timiryazev_2.jpg
exists: images/moscow_sculptures/pirogov_1.jpg
exists: images/moscow_sculptures/tolstoy_1.jpg
exists: images/moscow_sculptures/tolstoy_2.jpg
exists: images/moscow_sculptures/kutuzov_1.jpg
exists: images/moscow_sculptures/lermontov_1.jpg
exists: images/moscow_sculptures/mayakovsky_1.jpg
exists: images/moscow_sculptures/mayakovsky_2.jpg
exists: images/moscow_sculptures/gagarin_1.jpg
exists: images/moscow_sculptures/gagarin_2.jpg
exists: images/moscow_sculptures/korolev_1.jpg
exists: images/moscow_sculptures/chaikovsky_1.jpg
exists: images/moscow_sculptures/chaikovsky_2.jpg
exists: images/moscow_sculptures/lobachevsky_1.jpg
exists: images/moscow_sculptures/lobachevsky_2.jpg
exists: images/moscow_sculptures/sakharov_1.jpg
exists: images/moscow_sculptures/rakhmaninov_1.jpg
exists: images/moscow_sculptures/turgenev_1.jpg
exists: images/moscow_sculptures/turgenev_2.jpg
skip moscow_viewpoints_5: need image_source_url and image_rel_path
exists: images/moscow_sculptures/solzhenitsyn_1.jpg
exists: images/moscow_sculptures/solzhenitsyn_2.jpg
exists: images/moscow_sculptures/lenin_kazansky_1.jpg
exists: images/moscow_sculptures/lenin_kazansky_2.jpg
exists: images/moscow_sculptures/dzerzhinsky_1.jpg
exists: images/moscow_sculptures/dzerzhinsky_2.jpg
exists: images/moscow_sculptures/frunze_1.jpg
exists: images/moscow_sculptures/frunze_2.jpg
exists: images/moscow_sculptures/shemyakin_1.jpg
exists: images/moscow_sculptures/shemyakin_2.jpg
exists: images/moscow_sculptures/okudzhava_1.jpg
exists: images/moscow_sculptures/okudzhava_2.jpg
exists: images/moscow_sculptures/bunin_1.jpg
exists: images/moscow_sculptures/bunin_2.jpg
exists: images/moscow_sculptures/sherlock_1.jpg
exists: images/moscow_sculptures/lenin_serp_1.jpg
exists: images/moscow_sculptures/petr_fevronia_1.jpg
exists: images/moscow_sculptures/petr_fevronia_2.jpg
exists: images/moscow_sculptures/bauman_1.jpg
exists: images/moscow_sculptures/bauman_2.jpg
exists: images/moscow_sculptures/tsiolkovsky_1.jpg
exists: images/moscow_sculptures/tsiolkovsky_2.jpg
exists: images/moscow_sculptures/kalinin_1.jpg
exists: images/moscow_sculptures/kalinin_2.jpg
exists: images/moscow_sculptures/lenin_kremlin_1.jpg
exists: images/moscow_sculptures/nikulin_1.jpg
exists: images/moscow_sculptures/nikulin_2.jpg
exists: images/moscow_sculptures/yankovsky_1.jpg
exists: images/moscow_sculptures/vysotsky_2.jpg
exists: images/moscow_sculptures/vuchetich_1.jpg
exists: images/moscow_sculptures/pushkin_tsaritsyno_1.jpg
exists: images/moscow_sculptures/menschikov_1.jpg
exists: images/moscow_sculptures/menschikov_2.jpg
exists: images/moscow_sculptures/ayvazovsky_1.jpg
exists: images/moscow_sculptures/ayvazovsky_2.jpg
exists: images/moscow_sculptures/glinka_1.jpg
exists: images/moscow_sculptures/glinka_2.jpg
exists: images/moscow_sculptures/skryabin_1.jpg
exists: images/moscow_sculptures/rimsky_korsakov_1.jpg
exists: images/moscow_sculptures/rimsky_korsakov_2.jpg
exists: images/moscow_places/arbat_1.jpg
exists: images/moscow_places/kuznetsky_1.jpg
exists: images/moscow_places/alex_garden_1.jpg
exists: images/moscow_places/new_arbat_1.jpg
exists: images/moscow_squares/manezhnaya_1.jpg
exists: images/moscow_squares/manezhnaya_2.jpg
exists: images/moscow_squares/manezhnaya_3.jpg
exists: images/moscow_squares/manezhnaya_4.jpg
exists: images/moscow_squares/tverskaya_square_1.jpg
exists: images/moscow_squares/tverskaya_square_2.jpg
exists: images/moscow_squares/tverskaya_square_3.jpg
exists: images/moscow_squares/tverskaya_square_4.jpg
exists: images/moscow_squares/pushkinskaya_1.jpg
exists: images/moscow_squares/pushkinskaya_2.jpg
exists: images/moscow_squares/pushkinskaya_3.jpg
exists: images/moscow_squares/pushkinskaya_4.jpg
exists: images/moscow_squares/teatralnaya_1.jpg
exists: images/moscow_squares/teatralnaya_2.jpg
exists: images/moscow_squares/teatralnaya_3.jpg
exists: images/moscow_squares/teatralnaya_4.jpg
exists: images/moscow_squares/lubyanka_1.jpg
exists: images/moscow_squares/lubyanka_2.jpg
exists: images/moscow_squares/lubyanka_3.jpg
exists: images/moscow_squares/lubyanka_4.jpg
exists: images/moscow_squares/slavyanskaya_1.jpg
exists: images/moscow_squares/slavyanskaya_2.jpg
exists: images/moscow_squares/slavyanskaya_3.jpg
exists: images/moscow_squares/slavyanskaya_4.jpg
exists: images/moscow_squares/sukharevskaya_1.jpg
exists: images/moscow_squares/sukharevskaya_2.jpg
exists: images/moscow_squares/sukharevskaya_3.jpg
exists: images/moscow_squares/sukharevskaya_4.jpg
exists: images/moscow_squares/kaluzhskaya_1.jpg
exists: images/moscow_squares/kaluzhskaya_2.jpg
exists: images/moscow_squares/kaluzhskaya_3.jpg
exists: images/moscow_squares/kaluzhskaya_4.jpg
exists: images/moscow_squares/revolution_square_1.jpg
exists: images/moscow_squares/revolution_square_2.jpg
exists: images/moscow_squares/revolution_square_3.jpg
exists: images/moscow_squares/revolution_square_4.jpg
exists: images/moscow_squares/arbatskaya_square_1.jpg
exists: images/moscow_squares/arbatskaya_square_2.jpg
exists: images/moscow_squares/arbatskaya_square_3.jpg
exists: images/moscow_squares/arbatskaya_square_4.jpg
exists: images/moscow_squares/triumfalnaya_1.jpg
exists: images/moscow_squares/triumfalnaya_2.jpg
exists: images/moscow_squares/triumfalnaya_3.jpg
exists: images/moscow_squares/triumfalnaya_4.jpg
exists: images/moscow_squares/rizhskaya_square_1.jpg
exists: images/moscow_squares/rizhskaya_square_2.jpg
exists: images/moscow_squares/rizhskaya_square_3.jpg
exists: images/moscow_squares/rizhskaya_square_4.jpg
exists: images/moscow_metro/lenina_1.jpg
exists: images/moscow_metro/universitet_1.jpg
exists: images/moscow_theaters/bolshoy_1.jpg
exists: images/moscow_theaters/bolshoy_2.jpg
exists: images/moscow_theaters/bolshoy_4.jpg
exists: images/moscow_theaters/maly_1.jpg
exists: images/moscow_theaters/maly_2.jpg
exists: images/moscow_theaters/maly_3.jpg
exists: images/moscow_theaters/maly_4.jpg
exists: images/moscow_theaters/mhat_1.jpg
exists: images/moscow_theaters/mhat_2.jpg
exists: images/moscow_theaters/mhat_3.jpg
exists: images/moscow_theaters/satirikon_1.jpg
exists: images/moscow_theaters/satirikon_2.jpg
exists: images/moscow_theaters/satirikon_3.jpg
exists: images/moscow_theaters/sovremennik_1.jpg
exists: images/moscow_theaters/sovremennik_2.jpg
exists: images/moscow_theaters/lenkom_1.jpg
exists: images/moscow_theaters/lenkom_2.jpg
exists: images/moscow_theaters/lenkom_3.jpg
exists: images/moscow_theaters/lenkom_4.jpg
exists: images/moscow_theaters/vakhtangov_1.jpg
exists: images/moscow_theaters/vakhtangov_2.jpg
exists: images/moscow_theaters/vakhtangov_3.jpg
exists: images/moscow_theaters/vakhtangov_4.jpg
exists: images/moscow_theaters/et_cetera_1.jpg
exists: images/moscow_theaters/et_cetera_2.jpg
exists: images/moscow_theaters/et_cetera_3.jpg
exists: images/moscow_theaters/practika_1.jpg
exists: images/moscow_theaters/practika_2.jpg
exists: images/moscow_theaters/practika_3.jpg
exists: images/moscow_theaters/gogol_center_1.jpg
exists: images/moscow_theaters/gogol_center_2.jpg
exists: images/moscow_theaters/gogol_center_3.jpg
exists: images/moscow_theaters/gogol_center_4.jpg
exists: images/moscow_theaters/taganka_1.jpg
exists: images/moscow_theaters/taganka_2.jpg
exists: images/moscow_theaters/taganka_3.jpg
exists: images/moscow_theaters/taganka_4.jpg
exists: images/moscow_theaters/tabakerka_1.jpg
exists: images/moscow_theaters/helikon_1.jpg
exists: images/moscow_theaters/helikon_2.jpg
exists: images/moscow_theaters/helikon_4.jpg
exists: images/moscow_theaters/fomenko_1.jpg
exists: images/moscow_viewpoints/vorobyovy_gory_1.jpg
exists: images/moscow_viewpoints/vorobyovy_gory_2.jpg
exists: images/moscow_viewpoints/vorobyovy_gory_3.jpg
exists: images/moscow_viewpoints/zaryadye_viewpoint_1.jpg
exists: images/moscow_viewpoints/zaryadye_viewpoint_2.jpg
exists: images/moscow_viewpoints/ostankino_tower_1.jpg
exists: images/moscow_viewpoints/ostankino_tower_2.jpg
exists: images/moscow_viewpoints/ostankino_tower_3.jpg
exists: images/moscow_viewpoints/ostankino_tower_4.jpg
exists: images/moscow_viewpoints/poklonnaya_viewpoint_1.jpg
exists: images/moscow_viewpoints/poklonnaya_viewpoint_2.jpg
exists: images/moscow_viewpoints/kolomenskoye_viewpoint_1.jpg
exists: images/moscow_viewpoints/kolomenskoye_viewpoint_2.jpg
exists: images/moscow_viewpoints/luzhniki_viewpoint_1.jpg
exists: images/moscow_viewpoints/luzhniki_viewpoint_2.jpg
exists: images/moscow_viewpoints/luzhniki_viewpoint_3.jpg
exists: images/moscow_viewpoints/luzhniki_viewpoint_4.jpg
exists: images/moscow_viewpoints/patriarshy_bridge_1.jpg
exists: images/moscow_viewpoints/patriarshy_bridge_2.jpg
exists: images/moscow_viewpoints/patriarshy_bridge_3.jpg
exists: images/moscow_viewpoints/patriarshy_bridge_4.jpg
exists: images/moscow_viewpoints/vorobyovy_tramplin_1.jpg
exists: images/moscow_viewpoints/vorobyovy_tramplin_3.jpg
exists: images/moscow_viewpoints/vdnh_viewpoint_1.jpg
exists: images/moscow_viewpoints/vdnh_viewpoint_3.jpg
exists: images/moscow_viewpoints/tsaritsyno_viewpoint_1.jpg
skip moscow_markets_6: need image_source_url and image_rel_path
FAIL moscow_places_of_worship_0: HTTP Error 400: Bad Request
FAIL moscow_places_of_worship_0:extra1: HTTP Error 400: Bad Request
FAIL moscow_places_of_worship_1: HTTP Error 400: Bad Request
FAIL moscow_places_of_worship_1:extra1: HTTP Error 400: Bad Request
FAIL moscow_places_of_worship_1:extra3: HTTP 404 (try next URL)
FAIL moscow_places_of_worship_2:extra2: HTTP 404 (try next URL)
FAIL moscow_places_of_worship_3:extra1: HTTP Error 400: Bad Request
FAIL moscow_places_of_worship_4: HTTP Error 400: Bad Request
FAIL moscow_places_of_worship_4:extra1: HTTP Error 400: Bad Request
FAIL moscow_places_of_worship_5: HTTP Error 400: Bad Request
FAIL moscow_places_of_worship_5:extra1: HTTP Error 400: Bad Request
FAIL moscow_places_of_worship_5:extra3: HTTP 404 (try next URL)
FAIL moscow_places_of_worship_6: HTTP Error 400: Bad Request
FAIL moscow_places_of_worship_6:extra1: no valid http(s) URLs
FAIL moscow_places_of_worship_6:extra2: HTTP 404 (try next URL)
FAIL moscow_places_of_worship_6:extra3: HTTP 404 (try next URL)
FAIL moscow_places_of_worship_7: HTTP 404 (try next URL)
exists: images/moscow_viewpoints/sokolniki_viewpoint_1.jpg
exists: images/moscow_viewpoints/sokolniki_viewpoint_4.jpg
exists: images/moscow_bridges/bolshoy_kamenny_1.jpg
exists: images/moscow_markets/danilovsky_1.jpg
exists: images/moscow_markets/danilovsky_2.jpg
exists: images/moscow_markets/danilovsky_4.jpg
exists: images/moscow_markets/depo_1.jpg
exists: images/moscow_markets/dorogomilovsky_2.jpg
exists: images/moscow_markets/dorogomilovsky_3.jpg
exists: images/moscow_markets/preobrazhensky_1.jpg
exists: images/moscow_markets/preobrazhensky_2.jpg
exists: images/moscow_markets/preobrazhensky_3.jpg
exists: images/moscow_markets/preobrazhensky_4.jpg
exists: images/moscow_markets/patriarch_market_4.jpg
exists: images/moscow_markets/rizhsky_1.jpg
exists: images/moscow_markets/rizhsky_2.jpg
exists: images/moscow_markets/rizhsky_4.jpg
exists: images/moscow_markets/eliseevsky_1.jpg
exists: images/moscow_markets/eliseevsky_2.jpg
exists: images/moscow_markets/eliseevsky_3.jpg
exists: images/moscow_libraries/rgb_1.jpg
exists: images/moscow_libraries/rgb_2.jpg
exists: images/moscow_libraries/rgb_3.jpg
exists: images/moscow_libraries/rgb_4.jpg
exists: images/moscow_libraries/inostranka_1.jpg
exists: images/moscow_libraries/inostranka_2.jpg
exists: images/moscow_libraries/inostranka_3.jpg
exists: images/moscow_libraries/inostranka_4.jpg
exists: images/moscow_libraries/turgenev_lib_1.jpg
exists: images/moscow_libraries/pashkov_house_1.jpg
exists: images/moscow_libraries/pashkov_house_2.jpg
exists: images/moscow_libraries/pashkov_house_3.jpg
exists: images/moscow_libraries/pashkov_house_4.jpg
exists: images/moscow_libraries/nekrasov_lib_1.jpg
exists: images/moscow_libraries/nekrasov_lib_2.jpg
exists: images/moscow_libraries/nekrasov_lib_3.jpg
exists: images/moscow_libraries/nekrasov_lib_4.jpg
exists: images/moscow_libraries/rgub_1.jpg
exists: images/moscow_libraries/rgub_2.jpg
exists: images/moscow_libraries/rgub_3.jpg
exists: images/moscow_libraries/dostoevsky_lib_1.jpg
exists: images/moscow_railway_stations/leningradsky_1.jpg
exists: images/moscow_cemeteries/novodevichy_cemetery_1.jpg
exists: images/moscow_cemeteries/novodevichy_cemetery_2.jpg
exists: images/moscow_cemeteries/novodevichy_cemetery_3.jpg
exists: images/moscow_cemeteries/novodevichy_cemetery_4.jpg
exists: images/moscow_cemeteries/vagankovo_1.jpg
exists: images/moscow_cemeteries/vagankovo_2.jpg
exists: images/moscow_cemeteries/vagankovo_4.jpg
exists: images/moscow_cemeteries/donskoy_cemetery_1.jpg
exists: images/moscow_cemeteries/donskoy_cemetery_2.jpg
exists: images/moscow_cemeteries/donskoy_cemetery_3.jpg
exists: images/moscow_cemeteries/donskoy_cemetery_4.jpg
exists: images/moscow_cemeteries/troekurovo_1.jpg
exists: images/moscow_cemeteries/troekurovo_2.jpg
exists: images/moscow_cemeteries/troekurovo_3.jpg
exists: images/moscow_cemeteries/troekurovo_4.jpg
exists: images/moscow_cemeteries/kuntsevo_cemetery_1.jpg
exists: images/moscow_cemeteries/kuntsevo_cemetery_2.jpg
exists: images/moscow_cemeteries/vvedenskoe_1.jpg
exists: images/moscow_cemeteries/vvedenskoe_2.jpg
exists: images/moscow_cemeteries/vvedenskoe_4.jpg
exists: images/moscow_cemeteries/mitinskoe_1.jpg
exists: images/moscow_cemeteries/mitinskoe_2.jpg
exists: images/moscow_cemeteries/mitinskoe_3.jpg
exists: images/moscow_cemeteries/mitinskoe_4.jpg
exists: images/moscow_cemeteries/armyanskoe_1.jpg
exists: images/moscow_cemeteries/armyanskoe_2.jpg
exists: images/moscow_cemeteries/armyanskoe_3.jpg
exists: images/moscow_cemeteries/armyanskoe_4.jpg
exists: images/moscow_cemeteries/pyatnitskoe_1.jpg
exists: images/moscow_cemeteries/pyatnitskoe_2.jpg
exists: images/moscow_cemeteries/pyatnitskoe_4.jpg
exists: images/moscow_landmarks/luzhniki_1.jpg
exists: images/moscow_cafes/pushkin_cafe_1.jpg
exists: images/moscow_cafes/pushkin_cafe_2.jpg
exists: images/moscow_cafes/mumu_1.jpg
exists: images/moscow_cafes/mumu_4.jpg
exists: images/moscow_cafes/varenichnaya_1.jpg
exists: images/moscow_cafes/coffeemania_1.jpg
exists: images/moscow_cafes/maryina_roshcha_1.jpg
exists: images/moscow_cafes/maryina_roshcha_2.jpg
exists: images/moscow_cafes/maryina_roshcha_3.jpg
exists: images/moscow_cafes/maryina_roshcha_4.jpg
exists: images/moscow_cafes/u_palycha_1.jpg
exists: images/moscow_cafes/u_palycha_2.jpg
exists: images/moscow_cafes/u_palycha_3.jpg
exists: images/moscow_cafes/yar_2.jpg
exists: images/moscow_cafes/yar_3.jpg
exists: images/moscow_cafes/yar_4.jpg
exists: images/moscow_cafes/elitny_vdnkh_1.jpg
exists: images/moscow_cafes/elitny_vdnkh_2.jpg
exists: images/moscow_cafes/elitny_vdnkh_3.jpg
exists: images/moscow_cafes/elitny_vdnkh_4.jpg
exists: images/moscow_cafes/gum_restaurant_1.jpg
exists: images/moscow_cafes/gum_restaurant_4.jpg
exists: images/moscow_cafes/gruzinskaya_1.jpg
exists: images/moscow_cafes/gruzinskaya_2.jpg
exists: images/moscow_cafes/gruzinskaya_4.jpg
exists: images/moscow_cafes/stolovaya57_1.jpg
Commons thumbs only @ 330px + 3.5s between files; 429 -> up to 4 retries.
OK moscow_places_of_worship_7:extra1 -> images\moscow_places_of_worship\putinki_2.jpg
FAIL moscow_places_of_worship_7:extra2: HTTP 404 (try next URL)
OK moscow_places_of_worship_7:extra3 -> images\moscow_places_of_worship\putinki_4.jpg
FAIL moscow_places_of_worship_8: HTTP 404 (try next URL)
OK moscow_places_of_worship_8:extra1 -> images\moscow_places_of_worship\troitsa_nikitniki_2.jpg
OK moscow_places_of_worship_8:extra2 -> images\moscow_places_of_worship\troitsa_nikitniki_3.jpg
FAIL moscow_places_of_worship_8:extra3: HTTP 404 (try next URL)
FAIL moscow_places_of_worship_9: HTTP 404 (try next URL)
FAIL moscow_places_of_worship_9:extra1: HTTP 404 (try next URL)
FAIL moscow_places_of_worship_9:extra2: HTTP 404 (try next URL)
FAIL moscow_places_of_worship_9:extra3: HTTP 404 (try next URL)
OK moscow_places_of_worship_10:extra1 -> images\moscow_places_of_worship\clement_2.jpg
FAIL moscow_places_of_worship_10:extra2: HTTP 404 (try next URL)
OK moscow_places_of_worship_10:extra3 -> images\moscow_places_of_worship\clement_4.jpg
FAIL moscow_places_of_worship_11: HTTP 404 (try next URL)
FAIL moscow_places_of_worship_11:extra1: HTTP 404 (try next URL)
OK moscow_places_of_worship_11:extra2 -> images\moscow_places_of_worship\bolshoye_voznesenie_3.jpg
FAIL moscow_places_of_worship_11:extra3: HTTP 404 (try next URL)
OK moscow_places_of_worship_12:extra1 -> images\moscow_places_of_worship\ioann_voin_2.jpg
FAIL moscow_places_of_worship_12:extra2: HTTP 404 (try next URL)
OK moscow_places_of_worship_12:extra3 -> images\moscow_places_of_worship\ioann_voin_4.jpg
FAIL moscow_places_of_worship_13: HTTP 404 (try next URL)
OK moscow_places_of_worship_13:extra1 -> images\moscow_places_of_worship\trifon_2.jpg
OK moscow_places_of_worship_13:extra2 -> images\moscow_places_of_worship\trifon_3.jpg
FAIL moscow_places_of_worship_13:extra3: HTTP Error 400: Bad Request
FAIL moscow_places_of_worship_14: HTTP 404 (try next URL)
FAIL moscow_places_of_worship_14:extra1: HTTP 404 (try next URL)
  (optimized >350 KiB) images\moscow_places_of_worship\trifon_3.jpg
OK moscow_places_of_worship_14:extra2 -> images\moscow_places_of_worship\ilya_obydensky_3.jpg
FAIL moscow_places_of_worship_14:extra3: HTTP 404 (try next URL)
FAIL moscow_places_of_worship_15: HTTP 404 (try next URL)
FAIL moscow_places_of_worship_15:extra1: HTTP 404 (try next URL)
OK moscow_places_of_worship_15:extra2 -> images\moscow_places_of_worship\vsekh_svyatykh_3.jpg
OK moscow_places_of_worship_15:extra3 -> images\moscow_places_of_worship\vsekh_svyatykh_4.jpg
FAIL moscow_places_of_worship_16: HTTP Error 400: Bad Request
FAIL moscow_places_of_worship_16:extra1: HTTP Error 400: Bad Request
OK moscow_places_of_worship_16:extra2 -> images\moscow_places_of_worship\zachatiya_anny_3.jpg
FAIL moscow_places_of_worship_16:extra3: HTTP 404 (try next URL)
FAIL moscow_places_of_worship_17: HTTP 404 (try next URL)
OK moscow_places_of_worship_17:extra1 -> images\moscow_places_of_worship\nikoly_khamovniki_2.jpg
FAIL moscow_places_of_worship_17:extra2: HTTP 404 (try next URL)
FAIL moscow_places_of_worship_17:extra3: HTTP 404 (try next URL)
FAIL moscow_places_of_worship_18: HTTP 404 (try next URL)
OK moscow_places_of_worship_18:extra1 -> images\moscow_places_of_worship\nikoly_kleniki_2.jpg
FAIL moscow_places_of_worship_18:extra2: HTTP 404 (try next URL)
FAIL moscow_places_of_worship_18:extra3: HTTP 404 (try next URL)
FAIL moscow_places_of_worship_19: HTTP 404 (try next URL)
FAIL moscow_places_of_worship_19:extra1: HTTP 404 (try next URL)
OK moscow_places_of_worship_19:extra2 -> images\moscow_places_of_worship\voskreseniya_kadashi_3.jpg
OK moscow_places_of_worship_19:extra3 -> images\moscow_places_of_worship\voskreseniya_kadashi_4.jpg
FAIL moscow_places_of_worship_20: HTTP 404 (try next URL)
OK moscow_places_of_worship_20:extra1 -> images\moscow_places_of_worship\grigory_neokesariysky_2.jpg
FAIL moscow_places_of_worship_20:extra2: HTTP 404 (try next URL)
OK moscow_places_of_worship_20:extra3 -> images\moscow_places_of_worship\grigory_neokesariysky_4.jpg
FAIL moscow_places_of_worship_21: HTTP 404 (try next URL)
FAIL moscow_places_of_worship_21:extra1: HTTP 404 (try next URL)
OK moscow_places_of_worship_21:extra2 -> images\moscow_places_of_worship\simeon_stolpnik_3.jpg
FAIL moscow_places_of_worship_21:extra3: HTTP 404 (try next URL)
FAIL moscow_places_of_worship_22: HTTP 404 (try next URL)
OK moscow_places_of_worship_22:extra1 -> images\moscow_places_of_worship\kosma_damian_2.jpg
OK moscow_places_of_worship_22:extra2 -> images\moscow_places_of_worship\kosma_damian_3.jpg
FAIL moscow_places_of_worship_22:extra3: HTTP 404 (try next URL)
FAIL moscow_places_of_worship_23: HTTP 404 (try next URL)
OK moscow_places_of_worship_23:extra1 -> images\moscow_places_of_worship\uspeniya_gonchary_2.jpg
FAIL moscow_places_of_worship_23:extra2: HTTP 404 (try next URL)
OK moscow_places_of_worship_23:extra3 -> images\moscow_places_of_worship\uspeniya_gonchary_4.jpg
FAIL moscow_places_of_worship_24: HTTP 404 (try next URL)
OK moscow_places_of_worship_24:extra1 -> images\moscow_places_of_worship\troitsa_listy_2.jpg
OK moscow_places_of_worship_24:extra2 -> images\moscow_places_of_worship\troitsa_listy_3.jpg
FAIL moscow_places_of_worship_24:extra3: HTTP 404 (try next URL)
FAIL moscow_places_of_worship_25: HTTP 404 (try next URL)
OK moscow_places_of_worship_25:extra1 -> images\moscow_places_of_worship\ioann_predtecha_2.jpg
OK moscow_places_of_worship_25:extra2 -> images\moscow_places_of_worship\ioann_predtecha_3.jpg
FAIL moscow_places_of_worship_25:extra3: HTTP 404 (try next URL)
FAIL moscow_places_of_worship_26: HTTP 404 (try next URL)
FAIL moscow_places_of_worship_26:extra1: HTTP 404 (try next URL)
FAIL moscow_places_of_worship_26:extra2: HTTP 404 (try next URL)
FAIL moscow_places_of_worship_26:extra3: HTTP 404 (try next URL)
FAIL moscow_places_of_worship_27: HTTP 404 (try next URL)
OK moscow_places_of_worship_27:extra1 -> images\moscow_places_of_worship\uspeniya_veshnyaki_2.jpg
  (optimized >350 KiB) images\moscow_places_of_worship\uspeniya_veshnyaki_2.jpg
OK moscow_places_of_worship_27:extra2 -> images\moscow_places_of_worship\uspeniya_veshnyaki_3.jpg
FAIL moscow_places_of_worship_27:extra3: HTTP 404 (try next URL)
FAIL moscow_places_of_worship_28: HTTP 404 (try next URL)
OK moscow_places_of_worship_28:extra1 -> images\moscow_places_of_worship\pokrov_fili_2.jpg
FAIL moscow_places_of_worship_28:extra2: HTTP 404 (try next URL)
OK moscow_places_of_worship_28:extra3 -> images\moscow_places_of_worship\pokrov_fili_4.jpg
FAIL moscow_places_of_worship_29: HTTP 404 (try next URL)
OK moscow_places_of_worship_29:extra1 -> images\moscow_places_of_worship\kazan_red_square_2.jpg
FAIL moscow_places_of_worship_29:extra2: HTTP 404 (try next URL)
FAIL moscow_places_of_worship_29:extra3: HTTP 404 (try next URL)
OK moscow_places_of_worship_30:extra1 -> images\moscow_places_of_worship\martin_confessor_2.jpg
FAIL moscow_places_of_worship_30:extra2: HTTP 404 (try next URL)
OK moscow_places_of_worship_30:extra3 -> images\moscow_places_of_worship\martin_confessor_4.jpg
FAIL moscow_places_of_worship_31: no valid http(s) URLs
FAIL moscow_places_of_worship_31:extra1: no valid http(s) URLs
FAIL moscow_places_of_worship_32: HTTP 404 (try next URL)
OK moscow_places_of_worship_32:extra1 -> images\moscow_places_of_worship\sergiy_rogoga_2.jpg
FAIL moscow_places_of_worship_32:extra2: HTTP 404 (try next URL)
OK moscow_places_of_worship_32:extra3 -> images\moscow_places_of_worship\sergiy_rogoga_4.jpg
FAIL moscow_places_of_worship_33: HTTP 404 (try next URL)
FAIL moscow_places_of_worship_33:extra1: HTTP 404 (try next URL)
OK moscow_places_of_worship_33:extra2 -> images\moscow_places_of_worship\pimen_novye_3.jpg
FAIL moscow_places_of_worship_33:extra3: HTTP 404 (try next URL)
FAIL moscow_places_of_worship_34: HTTP 404 (try next URL)
OK moscow_places_of_worship_34:extra1 -> images\moscow_places_of_worship\flor_laur_2.jpg
OK moscow_places_of_worship_34:extra2 -> images\moscow_places_of_worship\flor_laur_3.jpg
FAIL moscow_places_of_worship_34:extra3: HTTP 404 (try next URL)
FAIL moscow_places_of_worship_35: HTTP 404 (try next URL)
OK moscow_places_of_worship_35:extra1 -> images\moscow_places_of_worship\uspenie_putinki_2.jpg
FAIL moscow_places_of_worship_35:extra2: HTTP 404 (try next URL)
OK moscow_places_of_worship_35:extra3 -> images\moscow_places_of_worship\uspenie_putinki_4.jpg
FAIL moscow_places_of_worship_36: HTTP 404 (try next URL)
OK moscow_places_of_worship_36:extra1 -> images\moscow_places_of_worship\varvara_2.jpg
FAIL moscow_places_of_worship_36:extra2: HTTP 404 (try next URL)
FAIL moscow_places_of_worship_36:extra3: HTTP 404 (try next URL)
OK moscow_places_of_worship_37 -> images\moscow_places_of_worship\maksim_blazhenny_1.jpg
FAIL moscow_places_of_worship_37:extra1: HTTP Error 400: Bad Request
OK moscow_places_of_worship_37:extra2 -> images\moscow_places_of_worship\maksim_blazhenny_3.jpg
FAIL moscow_places_of_worship_37:extra3: HTTP 404 (try next URL)
FAIL moscow_places_of_worship_38: HTTP 404 (try next URL)
FAIL moscow_places_of_worship_38:extra1: HTTP 404 (try next URL)
FAIL moscow_places_of_worship_38:extra2: HTTP 404 (try next URL)
FAIL moscow_places_of_worship_38:extra3: HTTP 404 (try next URL)
FAIL moscow_places_of_worship_39: HTTP 404 (try next URL)
FAIL moscow_places_of_worship_39:extra1: HTTP 404 (try next URL)
FAIL moscow_places_of_worship_39:extra2: HTTP 404 (try next URL)
FAIL moscow_places_of_worship_39:extra3: HTTP 404 (try next URL)
FAIL moscow_places_of_worship_40: HTTP 404 (try next URL)
OK moscow_places_of_worship_40:extra1 -> images\moscow_places_of_worship\troitsa_serebryaniki_2.jpg
OK moscow_places_of_worship_40:extra2 -> images\moscow_places_of_worship\troitsa_serebryaniki_3.jpg
FAIL moscow_places_of_worship_40:extra3: HTTP 404 (try next URL)
FAIL moscow_places_of_worship_41: HTTP 404 (try next URL)
OK moscow_places_of_worship_41:extra1 -> images\moscow_places_of_worship\petr_pavel_yauza_2.jpg
OK moscow_places_of_worship_41:extra2 -> images\moscow_places_of_worship\petr_pavel_yauza_3.jpg
FAIL moscow_places_of_worship_41:extra3: HTTP 404 (try next URL)
FAIL moscow_places_of_worship_42: HTTP 404 (try next URL)
OK moscow_places_of_worship_42:extra1 -> images\moscow_places_of_worship\troitsa_vishnyaki_2.jpg
FAIL moscow_places_of_worship_42:extra2: HTTP 404 (try next URL)
FAIL moscow_places_of_worship_42:extra3: HTTP 404 (try next URL)
FAIL moscow_places_of_worship_43: HTTP 404 (try next URL)
OK moscow_places_of_worship_43:extra1 -> images\moscow_places_of_worship\voskresenie_slovushchiy_2.jpg
FAIL moscow_places_of_worship_43:extra2: HTTP 404 (try next URL)
FAIL moscow_places_of_worship_43:extra3: HTTP 404 (try next URL)
FAIL moscow_places_of_worship_44: HTTP 404 (try next URL)
FAIL moscow_places_of_worship_44:extra1: HTTP 404 (try next URL)
OK moscow_places_of_worship_44:extra2 -> images\moscow_places_of_worship\rozhdestvo_stary_simonov_3.jpg
OK moscow_places_of_worship_44:extra3 -> images\moscow_places_of_worship\rozhdestvo_stary_simonov_4.jpg
FAIL moscow_places_of_worship_45: HTTP 404 (try next URL)
OK moscow_places_of_worship_45:extra1 -> images\moscow_places_of_worship\troitsa_gryazi_2.jpg
FAIL moscow_places_of_worship_45:extra2: HTTP 404 (try next URL)
FAIL moscow_places_of_worship_45:extra3: HTTP 404 (try next URL)
FAIL moscow_places_of_worship_46: HTTP 404 (try next URL)
OK moscow_places_of_worship_46:extra1 -> images\moscow_places_of_worship\rizopolozhenie_donskaya_2.jpg
FAIL moscow_places_of_worship_46:extra2: HTTP 404 (try next URL)
FAIL moscow_places_of_worship_46:extra3: HTTP 404 (try next URL)
FAIL moscow_places_of_worship_47: HTTP 404 (try next URL)
FAIL moscow_places_of_worship_47:extra1: HTTP 404 (try next URL)
OK moscow_places_of_worship_47:extra2 -> images\moscow_places_of_worship\maron_3.jpg
FAIL moscow_places_of_worship_47:extra3: HTTP 404 (try next URL)
FAIL moscow_places_of_worship_48: HTTP 404 (try next URL)
FAIL moscow_places_of_worship_48:extra1: HTTP 404 (try next URL)
FAIL moscow_places_of_worship_48:extra2: HTTP 404 (try next URL)
FAIL moscow_places_of_worship_48:extra3: HTTP 404 (try next URL)
FAIL moscow_places_of_worship_49: HTTP 404 (try next URL)
FAIL moscow_places_of_worship_49:extra1: HTTP 404 (try next URL)
FAIL moscow_places_of_worship_49:extra2: HTTP 404 (try next URL)
FAIL moscow_places_of_worship_49:extra3: HTTP 404 (try next URL)
FAIL moscow_places_of_worship_50: HTTP 404 (try next URL)
OK moscow_places_of_worship_50:extra1 -> images\moscow_places_of_worship\voznesenie_gorohovoe_2.jpg
FAIL moscow_places_of_worship_50:extra2: HTTP 404 (try next URL)
OK moscow_places_of_worship_50:extra3 -> images\moscow_places_of_worship\voznesenie_gorohovoe_4.jpg
FAIL moscow_places_of_worship_51:extra1: HTTP 404 (try next URL)
FAIL moscow_places_of_worship_51:extra2: HTTP 404 (try next URL)
FAIL moscow_places_of_worship_51:extra3: HTTP 404 (try next URL)
FAIL moscow_places_of_worship_52: HTTP 404 (try next URL)
FAIL moscow_places_of_worship_52:extra1: HTTP 404 (try next URL)
FAIL moscow_places_of_worship_53: HTTP 404 (try next URL)
FAIL moscow_places_of_worship_53:extra1: HTTP 404 (try next URL)
FAIL moscow_places_of_worship_53:extra2: HTTP 404 (try next URL)
FAIL moscow_places_of_worship_54: HTTP 404 (try next URL)
OK moscow_places_of_worship_54:extra1 -> images\moscow_places_of_worship\uspenie_pechatniki_2.jpg
OK moscow_places_of_worship_54:extra2 -> images\moscow_places_of_worship\uspenie_pechatniki_3.jpg
FAIL moscow_places_of_worship_54:extra3: HTTP 404 (try next URL)
FAIL moscow_places_of_worship_55: HTTP 404 (try next URL)
OK moscow_places_of_worship_55:extra1 -> images\moscow_places_of_worship\ioann_bogoslov_vyaz_2.jpg
OK moscow_places_of_worship_55:extra2 -> images\moscow_places_of_worship\ioann_bogoslov_vyaz_4.jpg
FAIL moscow_places_of_worship_56: HTTP 404 (try next URL)
OK moscow_places_of_worship_56:extra1 -> images\moscow_places_of_worship\antipiy_kolymazhny_2.jpg
FAIL moscow_places_of_worship_56:extra2: HTTP 404 (try next URL)
FAIL moscow_places_of_worship_56:extra3: HTTP 404 (try next URL)
OK moscow_places_of_worship_57:extra1 -> images\moscow_places_of_worship\ioann_voin_2.jpg
FAIL moscow_places_of_worship_57:extra2: HTTP 404 (try next URL)
OK moscow_places_of_worship_57:extra3 -> images\moscow_places_of_worship\ioann_voin_4.jpg
FAIL moscow_places_of_worship_58: HTTP 404 (try next URL)
OK moscow_places_of_worship_58:extra1 -> images\moscow_places_of_worship\moscow_cathedral_mosque_2.jpg
OK moscow_places_of_worship_58:extra2 -> images\moscow_places_of_worship\moscow_cathedral_mosque_3.jpg
FAIL moscow_places_of_worship_58:extra3: HTTP 404 (try next URL)
FAIL moscow_places_of_worship_59: HTTP 404 (try next URL)
FAIL moscow_places_of_worship_59:extra1: HTTP 404 (try next URL)
OK moscow_places_of_worship_59:extra2 -> images\moscow_places_of_worship\historical_mosque_3.jpg
FAIL moscow_places_of_worship_59:extra3: HTTP 404 (try next URL)
FAIL moscow_places_of_worship_60: HTTP 404 (try next URL)
FAIL moscow_places_of_worship_60:extra1: HTTP 404 (try next URL)
OK moscow_places_of_worship_60:extra2 -> images\moscow_places_of_worship\moscow_choral_synagogue_3.jpg
FAIL moscow_places_of_worship_60:extra3: HTTP 404 (try next URL)
FAIL moscow_places_of_worship_61: HTTP 404 (try next URL)
FAIL moscow_places_of_worship_61:extra1: HTTP 404 (try next URL)
OK moscow_places_of_worship_61:extra2 -> images\moscow_places_of_worship\bronnaya_synagogue_3.jpg
OK moscow_places_of_worship_61:extra3 -> images\moscow_places_of_worship\bronnaya_synagogue_4.jpg
FAIL moscow_places_of_worship_62: HTTP 404 (try next URL)
FAIL moscow_places_of_worship_62:extra1: HTTP 404 (try next URL)
FAIL moscow_places_of_worship_62:extra2: HTTP 404 (try next URL)
FAIL moscow_places_of_worship_63: HTTP 404 (try next URL)
OK moscow_places_of_worship_63:extra1 -> images\moscow_places_of_worship\catholic_cathedral_2.jpg
FAIL moscow_places_of_worship_63:extra2: HTTP 404 (try next URL)
OK moscow_places_of_worship_63:extra3 -> images\moscow_places_of_worship\catholic_cathedral_4.jpg
FAIL moscow_places_of_worship_64: HTTP 404 (try next URL)
OK moscow_places_of_worship_64:extra1 -> images\moscow_places_of_worship\anglican_church_2.jpg
FAIL moscow_places_of_worship_64:extra2: HTTP 404 (try next URL)
FAIL moscow_places_of_worship_65: HTTP 404 (try next URL)
OK moscow_places_of_worship_65:extra1 -> images\moscow_places_of_worship\lutheran_church_2.jpg
FAIL moscow_places_of_worship_65:extra2: HTTP 404 (try next URL)
OK moscow_places_of_worship_65:extra3 -> images\moscow_places_of_worship\lutheran_church_4.jpg
FAIL moscow_parks_0: no valid http(s) URLs
FAIL moscow_parks_0:extra1: no valid http(s) URLs
OK moscow_parks_0:extra2 -> images\moscow_parks\gorky_3.jpg
FAIL moscow_parks_0:extra3: HTTP 404 (try next URL)
FAIL moscow_parks_1: no valid http(s) URLs
FAIL moscow_parks_1:extra1: no valid http(s) URLs
OK moscow_parks_1:extra2 -> images\moscow_parks\vdnh_3.jpg
FAIL moscow_parks_1:extra3: HTTP 404 (try next URL)
FAIL moscow_parks_2: no valid http(s) URLs
FAIL moscow_parks_2:extra1: no valid http(s) URLs
OK moscow_parks_2:extra2 -> images\moscow_parks\kolomenskoye_park_3.jpg
OK moscow_parks_2:extra3 -> images\moscow_parks\kolomenskoye_park_4.jpg
FAIL moscow_parks_3: no valid http(s) URLs
FAIL moscow_parks_3:extra1: no valid http(s) URLs
OK moscow_parks_3:extra2 -> images\moscow_parks\tsaritsyno_3.jpg
OK moscow_parks_3:extra3 -> images\moscow_parks\tsaritsyno_4.jpg
FAIL moscow_parks_4: no valid http(s) URLs
FAIL moscow_parks_4:extra1: no valid http(s) URLs
OK moscow_parks_4:extra2 -> images\moscow_parks\sokolniki_3.jpg
OK moscow_parks_4:extra3 -> images\moscow_parks\sokolniki_4.jpg
FAIL moscow_parks_5: no valid http(s) URLs
FAIL moscow_parks_5:extra1: no valid http(s) URLs
OK moscow_parks_5:extra2 -> images\moscow_parks\izmaylovo_park_3.jpg
OK moscow_parks_5:extra3 -> images\moscow_parks\izmaylovo_park_4.jpg
FAIL moscow_parks_6: no valid http(s) URLs
FAIL moscow_parks_6:extra1: no valid http(s) URLs
OK moscow_parks_6:extra2 -> images\moscow_parks\losiny_3.jpg
OK moscow_parks_6:extra3 -> images\moscow_parks\losiny_4.jpg
FAIL moscow_parks_7:extra1: no valid http(s) URLs
OK moscow_parks_7:extra2 -> images\moscow_parks\poklonnaya_3.jpg
FAIL moscow_parks_7:extra3: HTTP 404 (try next URL)
FAIL moscow_parks_8: no valid http(s) URLs
FAIL moscow_parks_8:extra1: no valid http(s) URLs
OK moscow_parks_8:extra2 -> images\moscow_parks\vorobyovy_3.jpg
FAIL moscow_parks_8:extra3: HTTP 404 (try next URL)
FAIL moscow_parks_9: no valid http(s) URLs
FAIL moscow_parks_9:extra1: no valid http(s) URLs
OK moscow_parks_9:extra2 -> images\moscow_parks\kuzminki_3.jpg
OK moscow_parks_9:extra3 -> images\moscow_parks\kuzminki_4.jpg
FAIL moscow_parks_10: no valid http(s) URLs
FAIL moscow_parks_10:extra1: no valid http(s) URLs
OK moscow_parks_10:extra2 -> images\moscow_parks\bitsevsky_3.jpg
OK moscow_parks_10:extra3 -> images\moscow_parks\bitsevsky_4.jpg
FAIL moscow_parks_11: no valid http(s) URLs
FAIL moscow_parks_11:extra1: no valid http(s) URLs
OK moscow_parks_11:extra2 -> images\moscow_parks\zaryadye_3.jpg
OK moscow_parks_11:extra3 -> images\moscow_parks\zaryadye_4.jpg
FAIL moscow_parks_12: no valid http(s) URLs
FAIL moscow_parks_12:extra1: no valid http(s) URLs
OK moscow_parks_12:extra2 -> images\moscow_parks\aptekarsky_3.jpg
OK moscow_parks_12:extra3 -> images\moscow_parks\aptekarsky_4.jpg
FAIL moscow_parks_13: no valid http(s) URLs
FAIL moscow_parks_13:extra1: no valid http(s) URLs
OK moscow_parks_13:extra2 -> images\moscow_parks\krasnaya_presnya_3.jpg
FAIL moscow_parks_13:extra3: HTTP 404 (try next URL)
FAIL moscow_parks_14: no valid http(s) URLs
FAIL moscow_parks_14:extra1: no valid http(s) URLs
OK moscow_parks_14:extra2 -> images\moscow_parks\ekaterininsky_3.jpg
OK moscow_parks_14:extra3 -> images\moscow_parks\ekaterininsky_4.jpg
FAIL moscow_parks_15: no valid http(s) URLs
FAIL moscow_parks_15:extra1: no valid http(s) URLs
OK moscow_parks_15:extra2 -> images\moscow_parks\sadovniki_3.jpg
FAIL moscow_parks_15:extra3: HTTP 404 (try next URL)
FAIL moscow_parks_16: no valid http(s) URLs
FAIL moscow_parks_16:extra1: no valid http(s) URLs
OK moscow_parks_16:extra2 -> images\moscow_parks\lianozovo_3.jpg
OK moscow_parks_16:extra3 -> images\moscow_parks\lianozovo_4.jpg
FAIL moscow_parks_17: no valid http(s) URLs
FAIL moscow_parks_17:extra1: no valid http(s) URLs
OK moscow_parks_17:extra2 -> images\moscow_parks\tushino_3.jpg
FAIL moscow_parks_17:extra3: HTTP 404 (try next URL)
FAIL moscow_parks_18: no valid http(s) URLs
FAIL moscow_parks_18:extra1: no valid http(s) URLs
OK moscow_parks_18:extra2 -> images\moscow_parks\khodynka_3.jpg
OK moscow_parks_18:extra3 -> images\moscow_parks\khodynka_4.jpg
FAIL moscow_parks_19: no valid http(s) URLs
FAIL moscow_parks_19:extra1: no valid http(s) URLs
OK moscow_parks_19:extra2 -> images\moscow_parks\fili_park_3.jpg
OK moscow_parks_19:extra3 -> images\moscow_parks\fili_park_4.jpg
FAIL moscow_parks_20: no valid http(s) URLs
FAIL moscow_parks_20:extra1: no valid http(s) URLs
OK moscow_parks_20:extra2 -> images\moscow_parks\troparevo_3.jpg
  (optimized >350 KiB) images\moscow_parks\troparevo_3.jpg
OK moscow_parks_20:extra3 -> images\moscow_parks\troparevo_4.jpg
FAIL moscow_parks_21: no valid http(s) URLs
FAIL moscow_parks_21:extra1: no valid http(s) URLs
FAIL moscow_parks_21:extra2: HTTP 404 (try next URL)
FAIL moscow_parks_21:extra3: HTTP 404 (try next URL)
FAIL moscow_parks_22: no valid http(s) URLs
FAIL moscow_parks_22:extra1: no valid http(s) URLs
OK moscow_parks_22:extra2 -> images\moscow_parks\lilac_garden_3.jpg
FAIL moscow_parks_22:extra3: HTTP 404 (try next URL)
FAIL moscow_parks_23: HTTP 404 (try next URL)
FAIL moscow_parks_23:extra1: HTTP 404 (try next URL)
OK moscow_parks_23:extra2 -> images\moscow_parks\park_50_let_3.jpg
OK moscow_parks_23:extra3 -> images\moscow_parks\park_50_let_4.jpg
FAIL moscow_parks_24: HTTP 404 (try next URL)
OK moscow_parks_24:extra1 -> images\moscow_parks\pokrovskoe_2.jpg
OK moscow_parks_24:extra2 -> images\moscow_parks\pokrovskoe_3.jpg
  (optimized >350 KiB) images\moscow_parks\pokrovskoe_3.jpg
OK moscow_parks_24:extra3 -> images\moscow_parks\pokrovskoe_4.jpg
FAIL moscow_parks_25: HTTP 404 (try next URL)
FAIL moscow_parks_25:extra1: HTTP 404 (try next URL)
  (optimized >350 KiB) images\moscow_parks\pokrovskoe_4.jpg
OK moscow_parks_25:extra2 -> images\moscow_parks\butovo_forest_3.jpg
FAIL moscow_parks_25:extra3: HTTP 404 (try next URL)
FAIL moscow_parks_26:extra1: HTTP 404 (try next URL)
OK moscow_parks_26:extra2 -> images\moscow_parks\hermitage_garden_3.jpg
OK moscow_parks_26:extra3 -> images\moscow_parks\hermitage_garden_4.jpg
FAIL moscow_parks_27: HTTP 404 (try next URL)
FAIL moscow_parks_27:extra1: HTTP 404 (try next URL)
OK moscow_parks_27:extra2 -> images\moscow_parks\hamovniki_park_3.jpg
OK moscow_parks_27:extra3 -> images\moscow_parks\hamovniki_park_4.jpg
FAIL moscow_museums_0: no valid http(s) URLs
FAIL moscow_museums_0:extra1: no valid http(s) URLs
FAIL moscow_museums_1: no valid http(s) URLs
FAIL moscow_museums_1:extra1: no valid http(s) URLs
FAIL moscow_museums_2: no valid http(s) URLs
FAIL moscow_museums_2:extra1: no valid http(s) URLs
FAIL moscow_museums_3: no valid http(s) URLs
FAIL moscow_museums_3:extra1: no valid http(s) URLs
FAIL moscow_museums_4: no valid http(s) URLs
FAIL moscow_museums_4:extra1: no valid http(s) URLs
FAIL moscow_museums_5: no valid http(s) URLs
FAIL moscow_museums_5:extra1: no valid http(s) URLs
OK moscow_museums_5:extra2 -> images\moscow_museums\polytech_3.jpg
FAIL moscow_museums_5:extra3: HTTP 404 (try next URL)
FAIL moscow_museums_6: no valid http(s) URLs
FAIL moscow_museums_6:extra1: no valid http(s) URLs
OK moscow_museums_6:extra2 -> images\moscow_museums\darvin_3.jpg
FAIL moscow_museums_6:extra3: HTTP 404 (try next URL)
FAIL moscow_museums_7: no valid http(s) URLs
FAIL moscow_museums_7:extra1: no valid http(s) URLs
OK moscow_museums_7:extra2 -> images\moscow_museums\cosmos_3.jpg
FAIL moscow_museums_7:extra3: HTTP 404 (try next URL)
FAIL moscow_museums_8: no valid http(s) URLs
FAIL moscow_museums_8:extra1: no valid http(s) URLs
OK moscow_museums_8:extra2 -> images\moscow_museums\borodino_3.jpg
OK moscow_museums_8:extra3 -> images\moscow_museums\borodino_4.jpg
FAIL moscow_museums_9: no valid http(s) URLs
FAIL moscow_museums_9:extra1: no valid http(s) URLs
OK moscow_museums_9:extra2 -> images\moscow_museums\ww2_museum_3.jpg
FAIL moscow_museums_9:extra3: HTTP 404 (try next URL)
FAIL moscow_museums_10: no valid http(s) URLs
FAIL moscow_museums_10:extra1: no valid http(s) URLs
OK moscow_museums_10:extra2 -> images\moscow_museums\moscow_muz_3.jpg
OK moscow_museums_10:extra3 -> images\moscow_museums\moscow_muz_4.jpg
FAIL moscow_museums_11: no valid http(s) URLs
FAIL moscow_museums_11:extra1: no valid http(s) URLs
OK moscow_museums_11:extra2 -> images\moscow_museums\pushkin_house_3.jpg
OK moscow_museums_11:extra3 -> images\moscow_museums\pushkin_house_4.jpg
FAIL moscow_museums_12: no valid http(s) URLs
FAIL moscow_museums_12:extra1: no valid http(s) URLs
FAIL moscow_museums_12:extra2: HTTP 404 (try next URL)
OK moscow_museums_12:extra3 -> images\moscow_museums\tretyakov_krymsky_4.jpg
FAIL moscow_museums_13: no valid http(s) URLs
FAIL moscow_museums_13:extra1: no valid http(s) URLs
OK moscow_museums_13:extra2 -> images\moscow_museums\shusev_3.jpg
FAIL moscow_museums_13:extra3: HTTP 404 (try next URL)
FAIL moscow_museums_14: no valid http(s) URLs
FAIL moscow_museums_14:extra1: no valid http(s) URLs
OK moscow_museums_14:extra2 -> images\moscow_museums\paleo_3.jpg
FAIL moscow_museums_14:extra3: HTTP 404 (try next URL)
FAIL moscow_museums_15: no valid http(s) URLs
FAIL moscow_museums_15:extra1: no valid http(s) URLs
OK moscow_museums_15:extra2 -> images\moscow_museums\orient_3.jpg
OK moscow_museums_15:extra3 -> images\moscow_museums\orient_4.jpg
FAIL moscow_museums_16: no valid http(s) URLs
FAIL moscow_museums_16:extra1: no valid http(s) URLs
OK moscow_museums_16:extra2 -> images\moscow_museums\vasnetsov_3.jpg
FAIL moscow_museums_16:extra3: HTTP 404 (try next URL)
FAIL moscow_museums_17: no valid http(s) URLs
FAIL moscow_museums_17:extra1: no valid http(s) URLs
FAIL moscow_museums_18: no valid http(s) URLs
FAIL moscow_museums_18:extra1: no valid http(s) URLs
OK moscow_museums_18:extra2 -> images\moscow_museums\icon_muz_3.jpg
FAIL moscow_museums_18:extra3: HTTP 404 (try next URL)
FAIL moscow_museums_19: no valid http(s) URLs
FAIL moscow_museums_19:extra1: no valid http(s) URLs
FAIL moscow_museums_20: no valid http(s) URLs
FAIL moscow_museums_20:extra1: no valid http(s) URLs
OK moscow_museums_20:extra2 -> images\moscow_museums\presnya_3.jpg
FAIL moscow_museums_20:extra3: HTTP 404 (try next URL)
FAIL moscow_museums_21: no valid http(s) URLs
FAIL moscow_museums_21:extra1: no valid http(s) URLs
FAIL moscow_museums_22: no valid http(s) URLs
FAIL moscow_museums_22:extra1: no valid http(s) URLs
OK moscow_museums_22:extra2 -> images\moscow_museums\bulgakov_3.jpg
OK moscow_museums_22:extra3 -> images\moscow_museums\bulgakov_4.jpg
FAIL moscow_museums_23: no valid http(s) URLs
FAIL moscow_museums_23:extra1: no valid http(s) URLs
OK moscow_museums_23:extra2 -> images\moscow_museums\decorative_3.jpg
FAIL moscow_museums_23:extra3: HTTP 404 (try next URL)
FAIL moscow_museums_24:extra1: no valid http(s) URLs
OK moscow_museums_24:extra2 -> images\moscow_museums\planetarium_3.jpg
OK moscow_museums_24:extra3 -> images\moscow_museums\planetarium_4.jpg
FAIL moscow_museums_25: no valid http(s) URLs
FAIL moscow_museums_25:extra1: no valid http(s) URLs
OK moscow_museums_25:extra2 -> images\moscow_museums\gulag_muz_3.jpg
FAIL moscow_museums_25:extra3: HTTP 404 (try next URL)
FAIL moscow_museums_26: no valid http(s) URLs
FAIL moscow_museums_26:extra1: no valid http(s) URLs
FAIL moscow_museums_26:extra2: HTTP 404 (try next URL)
FAIL moscow_museums_26:extra3: HTTP 404 (try next URL)
FAIL moscow_museums_27: no valid http(s) URLs
FAIL moscow_museums_27:extra1: no valid http(s) URLs
FAIL moscow_museums_27:extra2: HTTP 404 (try next URL)
FAIL moscow_museums_27:extra3: HTTP 404 (try next URL)
FAIL moscow_museums_28: no valid http(s) URLs
FAIL moscow_museums_28:extra1: no valid http(s) URLs
FAIL moscow_museums_29: no valid http(s) URLs
FAIL moscow_museums_29:extra1: no valid http(s) URLs
FAIL moscow_museums_30: HTTP 404 (try next URL)
FAIL moscow_museums_30:extra1: HTTP 404 (try next URL)
FAIL moscow_museums_30:extra2: HTTP 404 (try next URL)
FAIL moscow_museums_30:extra3: HTTP 404 (try next URL)
FAIL moscow_museums_31: HTTP 404 (try next URL)
FAIL moscow_museums_31:extra1: HTTP 404 (try next URL)
FAIL moscow_museums_31:extra2: HTTP 404 (try next URL)
FAIL moscow_museums_31:extra3: HTTP 404 (try next URL)
FAIL moscow_palaces_0: no valid http(s) URLs
FAIL moscow_palaces_0:extra1: no valid http(s) URLs
OK moscow_palaces_0:extra2 -> images\moscow_palaces\kuskovo_3.jpg
OK moscow_palaces_0:extra3 -> images\moscow_palaces\kuskovo_4.jpg
FAIL moscow_palaces_1: no valid http(s) URLs
FAIL moscow_palaces_1:extra1: no valid http(s) URLs
FAIL moscow_palaces_2: no valid http(s) URLs
FAIL moscow_palaces_2:extra1: no valid http(s) URLs
OK moscow_palaces_2:extra2 -> images\moscow_palaces\tsaritsyno_3.jpg
FAIL moscow_palaces_2:extra3: HTTP 404 (try next URL)
FAIL moscow_palaces_3: no valid http(s) URLs
FAIL moscow_palaces_3:extra1: no valid http(s) URLs
FAIL moscow_palaces_4: no valid http(s) URLs
FAIL moscow_palaces_4:extra1: no valid http(s) URLs
OK moscow_palaces_4:extra2 -> images\moscow_palaces\kuzminki_3.jpg
FAIL moscow_palaces_4:extra3: HTTP 404 (try next URL)
FAIL moscow_palaces_5: no valid http(s) URLs
FAIL moscow_palaces_5:extra1: no valid http(s) URLs
FAIL moscow_palaces_6: no valid http(s) URLs
FAIL moscow_palaces_6:extra1: no valid http(s) URLs
OK moscow_palaces_6:extra2 -> images\moscow_palaces\lyublino_3.jpg
FAIL moscow_palaces_6:extra3: HTTP 404 (try next URL)
FAIL moscow_palaces_7: no valid http(s) URLs
FAIL moscow_palaces_7:extra1: no valid http(s) URLs
OK moscow_palaces_7:extra2 -> images\moscow_palaces\izmaylovo_3.jpg
FAIL moscow_palaces_7:extra3: HTTP 404 (try next URL)
FAIL moscow_palaces_8: no valid http(s) URLs
FAIL moscow_palaces_8:extra1: no valid http(s) URLs
OK moscow_palaces_8:extra2 -> images\moscow_palaces\vorontsovo_3.jpg
OK moscow_palaces_8:extra3 -> images\moscow_palaces\vorontsovo_4.jpg
FAIL moscow_palaces_9: no valid http(s) URLs
FAIL moscow_palaces_9:extra1: no valid http(s) URLs
OK moscow_palaces_9:extra2 -> images\moscow_palaces\uzkoe_3.jpg
FAIL moscow_palaces_9:extra3: HTTP 404 (try next URL)
FAIL moscow_palaces_10: no valid http(s) URLs
FAIL moscow_palaces_10:extra1: no valid http(s) URLs
FAIL moscow_palaces_10:extra2: HTTP 404 (try next URL)
FAIL moscow_palaces_10:extra3: HTTP 404 (try next URL)
FAIL moscow_palaces_11: no valid http(s) URLs
FAIL moscow_palaces_11:extra1: no valid http(s) URLs
OK moscow_palaces_11:extra2 -> images\moscow_palaces\studenets_3.jpg
FAIL moscow_palaces_11:extra3: HTTP 404 (try next URL)
FAIL moscow_palaces_12: no valid http(s) URLs
FAIL moscow_palaces_12:extra1: no valid http(s) URLs
OK moscow_palaces_12:extra2 -> images\moscow_palaces\grachevka_3.jpg
FAIL moscow_palaces_12:extra3: HTTP 404 (try next URL)
FAIL moscow_palaces_13: no valid http(s) URLs
FAIL moscow_palaces_13:extra1: no valid http(s) URLs
OK moscow_palaces_13:extra2 -> images\moscow_palaces\pashkov_3.jpg
FAIL moscow_palaces_13:extra3: HTTP 404 (try next URL)
FAIL moscow_palaces_14:extra1: no valid http(s) URLs
FAIL moscow_palaces_14:extra2: HTTP 404 (try next URL)
FAIL moscow_palaces_14:extra3: HTTP 404 (try next URL)
FAIL moscow_palaces_15: no valid http(s) URLs
FAIL moscow_palaces_15:extra1: no valid http(s) URLs
FAIL moscow_palaces_15:extra2: HTTP 404 (try next URL)
OK moscow_palaces_15:extra3 -> images\moscow_palaces\tsaritsyno_big_4.jpg
FAIL moscow_palaces_16: no valid http(s) URLs
FAIL moscow_palaces_16:extra1: no valid http(s) URLs
FAIL moscow_palaces_17: no valid http(s) URLs
FAIL moscow_palaces_17:extra1: no valid http(s) URLs
FAIL moscow_palaces_18: no valid http(s) URLs
FAIL moscow_palaces_18:extra1: no valid http(s) URLs
  (optimized >350 KiB) images\moscow_palaces\tsaritsyno_big_4.jpg
OK moscow_palaces_18:extra2 -> images\moscow_palaces\trubetskoy_3.jpg
OK moscow_palaces_18:extra3 -> images\moscow_palaces\trubetskoy_4.jpg
FAIL moscow_palaces_19:extra1: no valid http(s) URLs
FAIL moscow_palaces_20: no valid http(s) URLs
FAIL moscow_palaces_20:extra1: no valid http(s) URLs
OK moscow_palaces_20:extra2 -> images\moscow_palaces\altufevo_3.jpg
OK moscow_palaces_20:extra3 -> images\moscow_palaces\altufevo_4.jpg
FAIL moscow_palaces_21: no valid http(s) URLs
FAIL moscow_palaces_21:extra1: no valid http(s) URLs
FAIL moscow_palaces_22: no valid http(s) URLs
FAIL moscow_palaces_22:extra1: no valid http(s) URLs
FAIL moscow_palaces_22:extra2: HTTP 404 (try next URL)
FAIL moscow_palaces_22:extra3: HTTP 404 (try next URL)
FAIL moscow_palaces_23: no valid http(s) URLs
FAIL moscow_palaces_23:extra1: no valid http(s) URLs
FAIL moscow_palaces_23:extra2: HTTP 404 (try next URL)
FAIL moscow_palaces_23:extra3: HTTP 404 (try next URL)
FAIL moscow_buildings_0: no valid http(s) URLs
FAIL moscow_buildings_0:extra1: no valid http(s) URLs
FAIL moscow_buildings_1: no valid http(s) URLs
FAIL moscow_buildings_1:extra1: no valid http(s) URLs
FAIL moscow_buildings_2:extra1: no valid http(s) URLs
FAIL moscow_buildings_3: no valid http(s) URLs
FAIL moscow_buildings_3:extra1: no valid http(s) URLs
FAIL moscow_buildings_4: no valid http(s) URLs
FAIL moscow_buildings_4:extra1: no valid http(s) URLs
FAIL moscow_buildings_5: no valid http(s) URLs
FAIL moscow_buildings_5:extra1: no valid http(s) URLs
FAIL moscow_buildings_6: no valid http(s) URLs
FAIL moscow_buildings_6:extra1: no valid http(s) URLs
FAIL moscow_buildings_7: no valid http(s) URLs
FAIL moscow_buildings_7:extra1: no valid http(s) URLs
FAIL moscow_buildings_8: no valid http(s) URLs
FAIL moscow_buildings_8:extra1: no valid http(s) URLs
FAIL moscow_buildings_9: no valid http(s) URLs
FAIL moscow_buildings_9:extra1: no valid http(s) URLs
FAIL moscow_buildings_10: no valid http(s) URLs
FAIL moscow_buildings_10:extra1: no valid http(s) URLs
FAIL moscow_buildings_11: no valid http(s) URLs
FAIL moscow_buildings_11:extra1: no valid http(s) URLs
FAIL moscow_buildings_12:extra1: no valid http(s) URLs
FAIL moscow_buildings_13: no valid http(s) URLs
FAIL moscow_buildings_13:extra1: no valid http(s) URLs
FAIL moscow_buildings_14: no valid http(s) URLs
FAIL moscow_buildings_14:extra1: no valid http(s) URLs
FAIL moscow_buildings_15: no valid http(s) URLs
FAIL moscow_buildings_15:extra1: no valid http(s) URLs
FAIL moscow_buildings_16: no valid http(s) URLs
FAIL moscow_buildings_16:extra1: no valid http(s) URLs
FAIL moscow_buildings_17: no valid http(s) URLs
FAIL moscow_buildings_17:extra1: no valid http(s) URLs
FAIL moscow_buildings_18: no valid http(s) URLs
FAIL moscow_buildings_18:extra1: no valid http(s) URLs
FAIL moscow_buildings_19: no valid http(s) URLs
FAIL moscow_buildings_19:extra1: no valid http(s) URLs
FAIL moscow_buildings_20: no valid http(s) URLs
FAIL moscow_buildings_20:extra1: no valid http(s) URLs
FAIL moscow_buildings_21:extra1: no valid http(s) URLs
FAIL moscow_buildings_22: no valid http(s) URLs
FAIL moscow_buildings_22:extra1: no valid http(s) URLs
FAIL moscow_buildings_23:extra1: no valid http(s) URLs
FAIL moscow_buildings_24: no valid http(s) URLs
FAIL moscow_buildings_24:extra1: no valid http(s) URLs
FAIL moscow_buildings_25: no valid http(s) URLs
FAIL moscow_buildings_25:extra1: no valid http(s) URLs
FAIL moscow_buildings_26: no valid http(s) URLs
FAIL moscow_buildings_26:extra1: no valid http(s) URLs
FAIL moscow_buildings_27: no valid http(s) URLs
FAIL moscow_buildings_27:extra1: no valid http(s) URLs
FAIL moscow_buildings_28: no valid http(s) URLs
FAIL moscow_buildings_28:extra1: no valid http(s) URLs
FAIL moscow_buildings_29:extra1: no valid http(s) URLs
FAIL moscow_buildings_30: no valid http(s) URLs
FAIL moscow_buildings_30:extra1: no valid http(s) URLs
FAIL moscow_buildings_31: no valid http(s) URLs
FAIL moscow_buildings_31:extra1: no valid http(s) URLs
FAIL moscow_buildings_32: no valid http(s) URLs
FAIL moscow_buildings_32:extra1: no valid http(s) URLs
FAIL moscow_buildings_33:extra1: no valid http(s) URLs
FAIL moscow_buildings_34: no valid http(s) URLs
FAIL moscow_buildings_34:extra1: no valid http(s) URLs
FAIL moscow_buildings_35: no valid http(s) URLs
FAIL moscow_buildings_35:extra1: no valid http(s) URLs
FAIL moscow_buildings_36: no valid http(s) URLs
FAIL moscow_buildings_36:extra1: no valid http(s) URLs
FAIL moscow_buildings_37: no valid http(s) URLs
FAIL moscow_buildings_37:extra1: no valid http(s) URLs
FAIL moscow_buildings_38: no valid http(s) URLs
FAIL moscow_buildings_38:extra1: no valid http(s) URLs
FAIL moscow_buildings_39: no valid http(s) URLs
FAIL moscow_buildings_39:extra1: no valid http(s) URLs
FAIL moscow_buildings_40: no valid http(s) URLs
FAIL moscow_buildings_40:extra1: no valid http(s) URLs
FAIL moscow_buildings_41:extra1: no valid http(s) URLs
FAIL moscow_sculptures_1:extra1: no valid http(s) URLs
FAIL moscow_sculptures_6: no valid http(s) URLs
FAIL moscow_sculptures_6:extra1: no valid http(s) URLs
FAIL moscow_sculptures_7:extra1: no valid http(s) URLs
FAIL moscow_sculptures_8:extra1: no valid http(s) URLs
FAIL moscow_sculptures_9:extra1: no valid http(s) URLs
FAIL moscow_sculptures_10: no valid http(s) URLs
FAIL moscow_sculptures_10:extra1: no valid http(s) URLs
FAIL moscow_sculptures_11: no valid http(s) URLs
FAIL moscow_sculptures_13:extra1: no valid http(s) URLs
FAIL moscow_sculptures_17: no valid http(s) URLs
FAIL moscow_sculptures_18:extra1: no valid http(s) URLs
FAIL moscow_sculptures_20:extra1: no valid http(s) URLs
FAIL moscow_sculptures_22:extra1: no valid http(s) URLs
FAIL moscow_sculptures_23:extra1: no valid http(s) URLs
FAIL moscow_sculptures_26:extra1: no valid http(s) URLs
FAIL moscow_sculptures_29:extra1: no valid http(s) URLs
FAIL moscow_sculptures_30:extra1: no valid http(s) URLs
FAIL moscow_sculptures_37: no valid http(s) URLs
FAIL moscow_sculptures_37:extra1: no valid http(s) URLs
FAIL moscow_sculptures_40: no valid http(s) URLs
FAIL moscow_sculptures_40:extra1: no valid http(s) URLs
FAIL moscow_sculptures_41:extra1: no valid http(s) URLs
FAIL moscow_sculptures_42:extra1: no valid http(s) URLs
FAIL moscow_sculptures_44: no valid http(s) URLs
FAIL moscow_sculptures_44:extra1: no valid http(s) URLs
FAIL moscow_sculptures_48:extra1: no valid http(s) URLs
FAIL moscow_sculptures_50:extra1: no valid http(s) URLs
FAIL moscow_sculptures_52:extra1: no valid http(s) URLs
FAIL moscow_sculptures_53:extra1: no valid http(s) URLs
FAIL moscow_sculptures_54: no valid http(s) URLs
FAIL moscow_sculptures_55: no valid http(s) URLs
FAIL moscow_sculptures_55:extra1: no valid http(s) URLs
FAIL moscow_sculptures_59:extra1: no valid http(s) URLs
FAIL moscow_places_0:extra1: no valid http(s) URLs
FAIL moscow_places_0:extra2: no valid http(s) URLs
FAIL moscow_places_0:extra3: no valid http(s) URLs
FAIL moscow_places_1: no valid http(s) URLs
FAIL moscow_places_1:extra1: no valid http(s) URLs
FAIL moscow_places_1:extra2: no valid http(s) URLs
FAIL moscow_places_1:extra3: no valid http(s) URLs
FAIL moscow_places_2: no valid http(s) URLs
FAIL moscow_places_2:extra1: no valid http(s) URLs
FAIL moscow_places_2:extra2: no valid http(s) URLs
FAIL moscow_places_2:extra3: no valid http(s) URLs
FAIL moscow_places_3: no valid http(s) URLs
FAIL moscow_places_3:extra1: no valid http(s) URLs
FAIL moscow_places_3:extra2: no valid http(s) URLs
FAIL moscow_places_3:extra3: no valid http(s) URLs
FAIL moscow_places_4: no valid http(s) URLs
FAIL moscow_places_4:extra1: no valid http(s) URLs
FAIL moscow_places_4:extra2: no valid http(s) URLs
FAIL moscow_places_4:extra3: no valid http(s) URLs
FAIL moscow_places_5: no valid http(s) URLs
FAIL moscow_places_5:extra1: no valid http(s) URLs
FAIL moscow_places_5:extra2: no valid http(s) URLs
FAIL moscow_places_5:extra3: no valid http(s) URLs
FAIL moscow_places_6: no valid http(s) URLs
FAIL moscow_places_6:extra1: no valid http(s) URLs
FAIL moscow_places_6:extra2: no valid http(s) URLs
FAIL moscow_places_6:extra3: no valid http(s) URLs
FAIL moscow_places_7: no valid http(s) URLs
FAIL moscow_places_7:extra1: no valid http(s) URLs
FAIL moscow_places_7:extra2: no valid http(s) URLs
FAIL moscow_places_7:extra3: no valid http(s) URLs
FAIL moscow_places_8: no valid http(s) URLs
FAIL moscow_places_8:extra1: no valid http(s) URLs
FAIL moscow_places_8:extra2: no valid http(s) URLs
FAIL moscow_places_8:extra3: no valid http(s) URLs
FAIL moscow_places_9: no valid http(s) URLs
FAIL moscow_places_9:extra1: no valid http(s) URLs
FAIL moscow_places_9:extra2: no valid http(s) URLs
FAIL moscow_places_9:extra3: no valid http(s) URLs
FAIL moscow_places_10: no valid http(s) URLs
FAIL moscow_places_10:extra1: no valid http(s) URLs
FAIL moscow_places_10:extra2: no valid http(s) URLs
FAIL moscow_places_10:extra3: no valid http(s) URLs
FAIL moscow_places_11: no valid http(s) URLs
FAIL moscow_places_11:extra1: no valid http(s) URLs
FAIL moscow_places_11:extra2: no valid http(s) URLs
FAIL moscow_places_11:extra3: no valid http(s) URLs
FAIL moscow_places_12:extra1: no valid http(s) URLs
FAIL moscow_places_12:extra2: no valid http(s) URLs
FAIL moscow_places_12:extra3: no valid http(s) URLs
FAIL moscow_places_13: no valid http(s) URLs
FAIL moscow_places_13:extra1: no valid http(s) URLs
FAIL moscow_places_13:extra2: no valid http(s) URLs
FAIL moscow_places_13:extra3: no valid http(s) URLs
FAIL moscow_places_14: no valid http(s) URLs
FAIL moscow_places_14:extra1: no valid http(s) URLs
FAIL moscow_places_14:extra2: no valid http(s) URLs
FAIL moscow_places_14:extra3: no valid http(s) URLs
FAIL moscow_places_15: no valid http(s) URLs
FAIL moscow_places_15:extra1: no valid http(s) URLs
FAIL moscow_places_15:extra2: no valid http(s) URLs
FAIL moscow_places_15:extra3: no valid http(s) URLs
FAIL moscow_places_16: no valid http(s) URLs
FAIL moscow_places_16:extra1: no valid http(s) URLs
FAIL moscow_places_16:extra2: no valid http(s) URLs
FAIL moscow_places_16:extra3: no valid http(s) URLs
FAIL moscow_places_17:extra1: no valid http(s) URLs
FAIL moscow_places_17:extra2: no valid http(s) URLs
FAIL moscow_places_17:extra3: no valid http(s) URLs
FAIL moscow_places_18: no valid http(s) URLs
FAIL moscow_places_18:extra1: no valid http(s) URLs
FAIL moscow_places_18:extra2: no valid http(s) URLs
FAIL moscow_places_18:extra3: no valid http(s) URLs
FAIL moscow_places_19: no valid http(s) URLs
FAIL moscow_places_19:extra1: no valid http(s) URLs
FAIL moscow_places_19:extra2: no valid http(s) URLs
FAIL moscow_places_19:extra3: no valid http(s) URLs
FAIL moscow_places_20: no valid http(s) URLs
FAIL moscow_places_20:extra1: no valid http(s) URLs
FAIL moscow_places_20:extra2: no valid http(s) URLs
FAIL moscow_places_20:extra3: no valid http(s) URLs
FAIL moscow_places_21: no valid http(s) URLs
FAIL moscow_places_21:extra1: no valid http(s) URLs
FAIL moscow_places_21:extra2: no valid http(s) URLs
FAIL moscow_places_21:extra3: no valid http(s) URLs
FAIL moscow_places_22: no valid http(s) URLs
FAIL moscow_places_22:extra1: no valid http(s) URLs
FAIL moscow_places_22:extra2: no valid http(s) URLs
FAIL moscow_places_22:extra3: no valid http(s) URLs
FAIL moscow_places_23: no valid http(s) URLs
FAIL moscow_places_23:extra1: no valid http(s) URLs
FAIL moscow_places_23:extra2: no valid http(s) URLs
FAIL moscow_places_23:extra3: no valid http(s) URLs
FAIL moscow_places_24: no valid http(s) URLs
FAIL moscow_places_24:extra1: no valid http(s) URLs
FAIL moscow_places_24:extra2: no valid http(s) URLs
FAIL moscow_places_24:extra3: no valid http(s) URLs
FAIL moscow_places_25: no valid http(s) URLs
FAIL moscow_places_25:extra1: no valid http(s) URLs
FAIL moscow_places_25:extra2: no valid http(s) URLs
FAIL moscow_places_25:extra3: no valid http(s) URLs
FAIL moscow_places_26:extra1: no valid http(s) URLs
FAIL moscow_places_26:extra2: no valid http(s) URLs
FAIL moscow_places_26:extra3: no valid http(s) URLs
FAIL moscow_places_27: no valid http(s) URLs
FAIL moscow_places_27:extra1: no valid http(s) URLs
FAIL moscow_places_27:extra2: no valid http(s) URLs
FAIL moscow_places_27:extra3: no valid http(s) URLs
FAIL moscow_places_28: no valid http(s) URLs
FAIL moscow_places_28:extra1: no valid http(s) URLs
FAIL moscow_places_28:extra2: no valid http(s) URLs
FAIL moscow_places_28:extra3: no valid http(s) URLs
FAIL moscow_places_29: no valid http(s) URLs
FAIL moscow_places_29:extra1: no valid http(s) URLs
FAIL moscow_places_29:extra2: no valid http(s) URLs
FAIL moscow_places_29:extra3: no valid http(s) URLs
FAIL moscow_metro_0: no valid http(s) URLs
FAIL moscow_metro_0:extra1: no valid http(s) URLs
FAIL moscow_metro_1: no valid http(s) URLs
FAIL moscow_metro_1:extra1: no valid http(s) URLs
FAIL moscow_metro_2: no valid http(s) URLs
FAIL moscow_metro_2:extra1: no valid http(s) URLs
FAIL moscow_metro_3: no valid http(s) URLs
FAIL moscow_metro_3:extra1: no valid http(s) URLs
FAIL moscow_metro_4: no valid http(s) URLs
FAIL moscow_metro_4:extra1: no valid http(s) URLs
FAIL moscow_metro_5: no valid http(s) URLs
FAIL moscow_metro_5:extra1: no valid http(s) URLs
FAIL moscow_metro_6: no valid http(s) URLs
FAIL moscow_metro_6:extra1: no valid http(s) URLs
FAIL moscow_metro_7: no valid http(s) URLs
FAIL moscow_metro_7:extra1: no valid http(s) URLs
FAIL moscow_metro_8: no valid http(s) URLs
FAIL moscow_metro_8:extra1: no valid http(s) URLs
FAIL moscow_metro_9: no valid http(s) URLs
FAIL moscow_metro_9:extra1: no valid http(s) URLs
FAIL moscow_metro_10: no valid http(s) URLs
FAIL moscow_metro_10:extra1: no valid http(s) URLs
FAIL moscow_metro_11: no valid http(s) URLs
FAIL moscow_metro_11:extra1: no valid http(s) URLs
FAIL moscow_metro_12: no valid http(s) URLs
FAIL moscow_metro_12:extra1: no valid http(s) URLs
FAIL moscow_metro_13: no valid http(s) URLs
FAIL moscow_metro_13:extra1: no valid http(s) URLs
FAIL moscow_metro_14: no valid http(s) URLs
FAIL moscow_metro_14:extra1: no valid http(s) URLs
FAIL moscow_metro_15: no valid http(s) URLs
FAIL moscow_metro_15:extra1: no valid http(s) URLs
FAIL moscow_metro_16: no valid http(s) URLs
FAIL moscow_metro_16:extra1: no valid http(s) URLs
FAIL moscow_metro_17: no valid http(s) URLs
FAIL moscow_metro_17:extra1: no valid http(s) URLs
FAIL moscow_metro_18: no valid http(s) URLs
FAIL moscow_metro_18:extra1: no valid http(s) URLs
FAIL moscow_metro_19: no valid http(s) URLs
FAIL moscow_metro_19:extra1: no valid http(s) URLs
FAIL moscow_metro_20: no valid http(s) URLs
FAIL moscow_metro_20:extra1: no valid http(s) URLs
FAIL moscow_metro_21: no valid http(s) URLs
FAIL moscow_metro_21:extra1: no valid http(s) URLs
FAIL moscow_metro_22: no valid http(s) URLs
FAIL moscow_metro_22:extra1: no valid http(s) URLs
FAIL moscow_metro_23:extra1: no valid http(s) URLs
FAIL moscow_metro_24: no valid http(s) URLs
FAIL moscow_metro_24:extra1: no valid http(s) URLs
FAIL moscow_metro_25: no valid http(s) URLs
FAIL moscow_metro_25:extra1: no valid http(s) URLs
FAIL moscow_metro_26: no valid http(s) URLs
FAIL moscow_metro_26:extra1: no valid http(s) URLs
FAIL moscow_metro_27: no valid http(s) URLs
FAIL moscow_metro_27:extra1: no valid http(s) URLs
FAIL moscow_metro_28:extra1: no valid http(s) URLs
FAIL moscow_metro_29: no valid http(s) URLs
FAIL moscow_metro_29:extra1: no valid http(s) URLs
FAIL moscow_metro_30: no valid http(s) URLs
FAIL moscow_metro_30:extra1: no valid http(s) URLs
FAIL moscow_metro_31: no valid http(s) URLs
FAIL moscow_metro_31:extra1: no valid http(s) URLs
FAIL moscow_metro_32: no valid http(s) URLs
FAIL moscow_metro_32:extra1: no valid http(s) URLs
FAIL moscow_metro_33: no valid http(s) URLs
FAIL moscow_metro_33:extra1: no valid http(s) URLs
FAIL moscow_metro_34: no valid http(s) URLs
FAIL moscow_metro_34:extra1: no valid http(s) URLs
FAIL moscow_metro_35: no valid http(s) URLs
FAIL moscow_metro_35:extra1: no valid http(s) URLs
FAIL moscow_metro_36: no valid http(s) URLs
FAIL moscow_metro_36:extra1: no valid http(s) URLs
OK moscow_theaters_0:extra2 -> images\moscow_theaters\bolshoy_3.jpg
FAIL moscow_theaters_11:extra1: HTTP 404 (try next URL)
FAIL moscow_theaters_11:extra2: HTTP 404 (try next URL)
FAIL moscow_theaters_11:extra3: HTTP 404 (try next URL)
OK moscow_viewpoints_0:extra3 -> images\moscow_viewpoints\vorobyovy_gory_4.jpg
OK moscow_viewpoints_1:extra2 -> images\moscow_viewpoints\zaryadye_viewpoint_3.jpg
FAIL moscow_viewpoints_1:extra3: HTTP 404 (try next URL)
Traceback (most recent call last):
  File "<frozen runpy>", line 198, in _run_module_as_main
  File "<frozen runpy>", line 88, in _run_code
  File "E:\Python\GptEngineer\Excursion\scripts\download_moscow_images.py", line 50, in <module>
    raise SystemExit(main())
                     ~~~~^^
  File "E:\Python\GptEngineer\Excursion\scripts\download_moscow_images.py", line 39, in main
    return download_jerusalem_style_images(
        city_root=args.city_root,
    ...<4 lines>...
        url_is_whitelisted_fn=url_is_whitelisted,
    )
  File "E:\Python\GptEngineer\Excursion\scripts\city_guide_jerusalem_style_images.py", line 316, in download_jerusalem_style_images
    ok, msg = _download_place_image(
              ~~~~~~~~~~~~~~~~~~~~~^
        cands,
        ^^^^^^
    ...<3 lines>...
        pause_429_sec=args.pause_429,
        ^^^^^^^^^^^^^^^^^^^^^^^^^^^^^
    )
    ^
  File "E:\Python\GptEngineer\Excursion\scripts\city_guide_jerusalem_style_images.py", line 150, in _download_place_image
    status, data = _fetch_bytes(u, timeout_sec, min_len=min_len)
                   ~~~~~~~~~~~~^^^^^^^^^^^^^^^^^^^^^^^^^^^^^^^^^
  File "E:\Python\GptEngineer\Excursion\scripts\city_guide_jerusalem_style_images.py", line 95, in _fetch_bytes
    with urllib.request.urlopen(req, timeout=timeout_sec) as resp:
         ~~~~~~~~~~~~~~~~~~~~~~^^^^^^^^^^^^^^^^^^^^^^^^^^
  File "C:\Python313\Lib\urllib\request.py", line 189, in urlopen
    return opener.open(url, data, timeout)
           ~~~~~~~~~~~^^^^^^^^^^^^^^^^^^^^
  File "C:\Python313\Lib\urllib\request.py", line 489, in open
    response = self._open(req, data)
  File "C:\Python313\Lib\urllib\request.py", line 506, in _open
    result = self._call_chain(self.handle_open, protocol, protocol +
                              '_open', req)
  File "C:\Python313\Lib\urllib\request.py", line 466, in _call_chain
    result = func(*args)
  File "C:\Python313\Lib\urllib\request.py", line 1367, in https_open
    return self.do_open(http.client.HTTPSConnection, req,
           ~~~~~~~~~~~~^^^^^^^^^^^^^^^^^^^^^^^^^^^^^^^^^^
                        context=self._context)
                        ^^^^^^^^^^^^^^^^^^^^^^
  File "C:\Python313\Lib\urllib\request.py", line 1319, in do_open
    h.request(req.get_method(), req.selector, req.data, headers,
    ~~~~~~~~~^^^^^^^^^^^^^^^^^^^^^^^^^^^^^^^^^^^^^^^^^^^^^^^^^^^
              encode_chunked=req.has_header('Transfer-encoding'))
              ^^^^^^^^^^^^^^^^^^^^^^^^^^^^^^^^^^^^^^^^^^^^^^^^^^^
  File "C:\Python313\Lib\http\client.py", line 1338, in request
    self._send_request(method, url, body, headers, encode_chunked)
    ~~~~~~~~~~~~~~~~~~^^^^^^^^^^^^^^^^^^^^^^^^^^^^^^^^^^^^^^^^^^^^
  File "C:\Python313\Lib\http\client.py", line 1349, in _send_request
    self.putrequest(method, url, **skips)
    ~~~~~~~~~~~~~~~^^^^^^^^^^^^^^^^^^^^^^
  File "C:\Python313\Lib\http\client.py", line 1187, in putrequest
    self._output(self._encode_request(request))
                 ~~~~~~~~~~~~~~~~~~~~^^^^^^^^^
  File "C:\Python313\Lib\http\client.py", line 1267, in _encode_request
    return request.encode('ascii')
           ~~~~~~~~~~~~~~^^^^^^^^^
UnicodeEncodeError: 'ascii' codec can't encode characters in position 121-128: ordinal not in range(128)
