yusupov_1.jpg	Дворец Юсуповых	duplicate of spb_yusupov_palace.jpg	https://upload.wikimedia.org/wikipedia/commons/e/e8/Yusupov_Palace_on_the_Moika_River%2C_Saint_Petersburg.JPG
stroganov_1.jpg	Строгановский дворец	duplicate of spb_stroganov_palace.jpg	https://upload.wikimedia.org/wikipedia/commons/4/42/%D0%A1%D1%82%D1%80%D0%BE%D0%B3%D0%B0%D0%BD%D0%BE%D0%B2%D1%81%D0%BA%D0%B8%D0%B9_%D0%B4%D0%B2%D0%BE%D1%80%D0%B5%D1%86_%281%29.jpg
beloselsky_1.jpg	Дворец Белосельских-Белозерских	duplicate of spb_beloselsky_belozersky_palace.jpg	https://upload.wikimedia.org/wikipedia/commons/8/85/Spb_06-2012_Beloselsky_Palace.jpg
sheremetev_1.jpg	Дворец Шереметевых (Фонтанный дом)	duplicate of spb_sheremetev_palace_fontanka.jpg	https://upload.wikimedia.org/wikipedia/commons/d/dc/Spb_06-2012_Sheremetev_Palace_at_Fontanka.jpg
sheremetev_1.jpg	Дворец Шереметевых (Фонтанный дом)	duplicate of sheremetev_palace_fontanka_02.jpg	https://upload.wikimedia.org/wikipedia/commons/7/74/Sheremetev_Palace_01.JPG
sheremetev_2.jpg	Дворец Шереметевых (Фонтанный дом)	duplicate of sheremetev_palace_fontanka_02.jpg	https://upload.wikimedia.org/wikipedia/commons/7/74/Sheremetev_Palace_01.JPG
kochubey_1.jpg	Особняк Кочубея	duplicate of spb_gostiny_dvor.jpg	https://upload.wikimedia.org/wikipedia/commons/f/f1/Gostiny1802.jpg
kochubey_2.jpg	Особняк Кочубея	duplicate of spb_gostiny_dvor.jpg	https://upload.wikimedia.org/wikipedia/commons/f/f1/Gostiny1802.jpg
ginzburg_1.jpg	Дом Гинзбургаа	duplicate of spb_gostiny_dvor.jpg	https://upload.wikimedia.org/wikipedia/commons/f/f1/Gostiny1802.jpg
ginzburg_1.jpg	Дом Гинзбургаа	duplicate of spb_pushkin_house.jpg	https://upload.wikimedia.org/wikipedia/commons/5/5c/Pushkinsky_dom.jpg
ginzburg_2.jpg	Дом Гинзбургаа	duplicate of spb_pushkin_house.jpg	https://upload.wikimedia.org/wikipedia/commons/5/5c/Pushkinsky_dom.jpg
rumyantsev_1.jpg	Особняк Румянцеваa	duplicate of spb_vasilievsky_strelka.jpg	https://upload.wikimedia.org/wikipedia/commons/0/05/St_Petersburg_Vasilyevsky_Island_03.jpg
rumyantsev_1.jpg	Особняк Румянцеваa	duplicate of spb_old_stock_exchange.jpg	https://upload.wikimedia.org/wikipedia/commons/7/78/Saint_Petersburg_Old_Stock_Exchange.jpg
rumyantsev_1.jpg	Особняк Румянцеваa	duplicate of spb_rostral_columns.jpg	https://upload.wikimedia.org/wikipedia/commons/9/9e/Rostral_column_Saint_Petersburg.jpg
rumyantsev_2.jpg	Особняк Румянцеваa	duplicate of spb_old_stock_exchange.jpg	https://upload.wikimedia.org/wikipedia/commons/7/78/Saint_Petersburg_Old_Stock_Exchange.jpg
vorontsov_1.jpg	Воронцовский дворец	duplicate of spb_tauride_palace.jpg	https://upload.wikimedia.org/wikipedia/commons/1/12/RUS-2016-SPB-Tauride_Palace.jpg
vorontsov_1.jpg	Воронцовский дворец	duplicate of spb_mikhailovsky_castle.jpg	https://upload.wikimedia.org/wikipedia/commons/5/54/RUS-2016-Aerial-SPB-St_Michael%27s_Castle_02.jpg
shuvalov_1.jpg	Особняк Шуваловаa	duplicate of derviz_1.jpg	https://upload.wikimedia.org/wikipedia/commons/8/81/Kamennoostrovsky_Palace._Fence.jpg
panina_2.jpg	Дом кн. Паниной	duplicate of spb_palace_bridge.jpg	https://upload.wikimedia.org/wikipedia/commons/d/dc/Palace_Bridge_SPB_%28img2%29.jpg
kleinmichel_1.jpg	Особняк гр. Клейнмихель	duplicate of spb_new_holland.jpg	https://upload.wikimedia.org/wikipedia/commons/2/25/Spb_06-2017_img33_New_Holland.jpg
kleinmichel_1.jpg	Особняк гр. Клейнмихель	duplicate of spb_trinity_bridge_spb.jpg	https://upload.wikimedia.org/wikipedia/commons/8/80/Trinity_Bridge_%28Saint_Petersburg%29.jpg
kleinmichel_1.jpg	Особняк гр. Клейнмихель	duplicate of spb_liteyny_bridge.jpg	https://upload.wikimedia.org/wikipedia/commons/c/c2/Liteyny_Bridge_Panorama.jpg
kleinmichel_2.jpg	Особняк гр. Клейнмихель	duplicate of spb_trinity_bridge_spb.jpg	https://upload.wikimedia.org/wikipedia/commons/8/80/Trinity_Bridge_%28Saint_Petersburg%29.jpg
mikhailovsky_1.jpg	Михайловский замок	duplicate of spb_mikhailovsky_castle.jpg	https://upload.wikimedia.org/wikipedia/commons/5/54/RUS-2016-Aerial-SPB-St_Michael%27s_Castle_02.jpg
mikhailovsky_1.jpg	Михайловский замок	duplicate of spb_mikhailovsky_theatre.jpg	https://upload.wikimedia.org/wikipedia/commons/2/21/Spb_06-2012_MichaelTheatre.jpg
mikhailovsky_1.jpg	Михайловский замок	duplicate of spb_alexandrinsky.jpg	https://upload.wikimedia.org/wikipedia/commons/b/b0/Alexandrinsky_Theatre.jpg
mikhailovsky_2.jpg	Михайловский замок	duplicate of spb_mikhailovsky_theatre.jpg	https://upload.wikimedia.org/wikipedia/commons/2/21/Spb_06-2012_MichaelTheatre.jpg
menshikov_1.jpg	Меншикова Palace	duplicate of spb_menshikov_palace.jpg	https://upload.wikimedia.org/wikipedia/commons/c/c0/Menshikov_Palace_in_SPB.jpg
menshikov_1.jpg	Меншикова Palace	duplicate of spb_grand_menshikov_palace.jpg	https://upload.wikimedia.org/wikipedia/commons/5/57/RUS-2016-Aerial-SPB-Grand_Menshikov_Palace.jpg
menshikov_1.jpg	Меншикова Palace	duplicate of spb_vasilievsky_strelka.jpg	https://upload.wikimedia.org/wikipedia/commons/0/05/St_Petersburg_Vasilyevsky_Island_03.jpg
menshikov_2.jpg	Меншикова Palace	duplicate of spb_grand_menshikov_palace.jpg	https://upload.wikimedia.org/wikipedia/commons/5/57/RUS-2016-Aerial-SPB-Grand_Menshikov_Palace.jpg
kamennoostrovsky_1.jpg	Каменноостровский дворец	duplicate of derviz_1.jpg	https://upload.wikimedia.org/wikipedia/commons/8/81/Kamennoostrovsky_Palace._Fence.jpg
kamennoostrovsky_1.jpg	Каменноостровский дворец	duplicate of spb_grand_menshikov_palace.jpg	https://upload.wikimedia.org/wikipedia/commons/5/57/RUS-2016-Aerial-SPB-Grand_Menshikov_Palace.jpg
kamennoostrovsky_1.jpg	Каменноостровский дворец	duplicate of spb_summer_garden.jpg	https://upload.wikimedia.org/wikipedia/commons/8/8d/Summer_Garden_%28Zubov%29.jpg
kamennoostrovsky_2.jpg	Каменноостровский дворец	duplicate of spb_grand_menshikov_palace.jpg	https://upload.wikimedia.org/wikipedia/commons/5/57/RUS-2016-Aerial-SPB-Grand_Menshikov_Palace.jpg
naryshkin_1.jpg	Особняк Нарышкина	duplicate of spb_alexander_nevsky_lavra.jpg	https://upload.wikimedia.org/wikipedia/commons/5/5e/RUS-2016-Aerial-SPB-Alexander_Nevsky_Lavra.jpg
naryshkin_1.jpg	Особняк Нарышкина	duplicate of spb_savior_on_blood.jpg	https://upload.wikimedia.org/wikipedia/commons/1/18/Auferstehungskirche_%28Sankt_Petersburg%29.JPG
naryshkin_1.jpg	Особняк Нарышкина	duplicate of spb_smolny_cathedral.jpg	https://upload.wikimedia.org/wikipedia/commons/e/e3/Smolny_2013_1.jpg
naryshkin_2.jpg	Особняк Нарышкина	duplicate of spb_savior_on_blood.jpg	https://upload.wikimedia.org/wikipedia/commons/1/18/Auferstehungskirche_%28Sankt_Petersburg%29.JPG
millionnaya_1.jpg	Особняк на Миллионная, 12	duplicate of spb_field_of_mars.jpg	https://upload.wikimedia.org/wikipedia/commons/0/0c/RUS-2016-Aerial-SPB-Field_of_Mars.jpg
millionnaya_1.jpg	Особняк на Миллионная, 12	duplicate of spb_isaac_square.jpg	https://upload.wikimedia.org/wikipedia/commons/3/3d/Saint_Isaac_Square.jpg
millionnaya_1.jpg	Особняк на Миллионная, 12	duplicate of spb_decembrists_square.jpg	https://upload.wikimedia.org/wikipedia/commons/8/8e/St._Isaac%27s_Cathedral_and_Senate_Square.jpg
millionnaya_2.jpg	Особняк на Миллионная, 12	duplicate of spb_isaac_square.jpg	https://upload.wikimedia.org/wikipedia/commons/3/3d/Saint_Isaac_Square.jpg
gorokhovaya_2.jpg	Особняк на Гороховой, 46	duplicate of spb_general_staff_building.jpg	https://upload.wikimedia.org/wikipedia/commons/5/5a/Western_Military_District_buildings_Saint_Petersburg_arch.jpg
moika_108_1.jpg	Особняк на Мойки, 108	duplicate of spb_yusupov_palace.jpg	https://upload.wikimedia.org/wikipedia/commons/e/e8/Yusupov_Palace_on_the_Moika_River%2C_Saint_Petersburg.JPG
moika_108_1.jpg	Особняк на Мойки, 108	duplicate of spb_sheremetev_palace_fontanka.jpg	https://upload.wikimedia.org/wikipedia/commons/d/dc/Spb_06-2012_Sheremetev_Palace_at_Fontanka.jpg
moika_108_2.jpg	Особняк на Мойки, 108	duplicate of spb_sheremetev_palace_fontanka.jpg	https://upload.wikimedia.org/wikipedia/commons/d/dc/Spb_06-2012_Sheremetev_Palace_at_Fontanka.jpg
ciniselli_1.jpg	Цирк Чинизелли	duplicate of spb_alexandrinsky.jpg	https://upload.wikimedia.org/wikipedia/commons/b/b0/Alexandrinsky_Theatre.jpg
ciniselli_1.jpg	Цирк Чинизелли	duplicate of spb_mikhailovsky_theatre.jpg	https://upload.wikimedia.org/wikipedia/commons/2/21/Spb_06-2012_MichaelTheatre.jpg
ciniselli_2.jpg	Цирк Чинизелли	duplicate of spb_mikhailovsky_theatre.jpg	https://upload.wikimedia.org/wikipedia/commons/2/21/Spb_06-2012_MichaelTheatre.jpg
volkonsky_1.jpg	Дом Волконского	duplicate of spb_field_of_mars.jpg	https://upload.wikimedia.org/wikipedia/commons/0/0c/RUS-2016-Aerial-SPB-Field_of_Mars.jpg
volkonsky_1.jpg	Дом Волконского	duplicate of spb_isaac_square.jpg	https://upload.wikimedia.org/wikipedia/commons/3/3d/Saint_Isaac_Square.jpg
volkonsky_1.jpg	Дом Волконского	duplicate of spb_isaac_cathedral.jpg	https://upload.wikimedia.org/wikipedia/commons/8/83/Saint_Isaac%27s_Cathedral_in_SPB.jpeg
volkonsky_2.jpg	Дом Волконского	duplicate of spb_isaac_square.jpg	https://upload.wikimedia.org/wikipedia/commons/3/3d/Saint_Isaac_Square.jpg
fontanka_114_1.jpg	Особняк на Фонтанки, 114	duplicate of spb_anichkov_bridge.jpg	https://upload.wikimedia.org/wikipedia/commons/e/ec/Fontanka.jpg
fontanka_114_1.jpg	Особняк на Фонтанки, 114	duplicate of spb_sheremetev_palace_fontanka.jpg	https://upload.wikimedia.org/wikipedia/commons/d/dc/Spb_06-2012_Sheremetev_Palace_at_Fontanka.jpg
fontanka_114_2.jpg	Особняк на Фонтанки, 114	duplicate of spb_sheremetev_palace_fontanka.jpg	https://upload.wikimedia.org/wikipedia/commons/d/dc/Spb_06-2012_Sheremetev_Palace_at_Fontanka.jpg
english_54_1.jpg	Особняк на Английской наб., 54	duplicate of spb_vasilievsky_strelka.jpg	https://upload.wikimedia.org/wikipedia/commons/0/05/St_Petersburg_Vasilyevsky_Island_03.jpg
english_54_1.jpg	Особняк на Английской наб., 54	duplicate of spb_old_stock_exchange.jpg	https://upload.wikimedia.org/wikipedia/commons/7/78/Saint_Petersburg_Old_Stock_Exchange.jpg
english_54_1.jpg	Особняк на Английской наб., 54	duplicate of spb_rostral_columns.jpg	https://upload.wikimedia.org/wikipedia/commons/9/9e/Rostral_column_Saint_Petersburg.jpg
english_54_2.jpg	Особняк на Английской наб., 54	duplicate of spb_old_stock_exchange.jpg	https://upload.wikimedia.org/wikipedia/commons/7/78/Saint_Petersburg_Old_Stock_Exchange.jpg
meltzer_1.jpg	Дом Мельцера	duplicate of gorokhovaya_1.jpg	https://upload.wikimedia.org/wikipedia/commons/9/9e/Admiralty_SPB.jpg
meltzer_1.jpg	Дом Мельцера	duplicate of spb_gostiny_dvor.jpg	https://upload.wikimedia.org/wikipedia/commons/f/f1/Gostiny1802.jpg
meltzer_1.jpg	Дом Мельцера	duplicate of spb_pushkin_house.jpg	https://upload.wikimedia.org/wikipedia/commons/5/5c/Pushkinsky_dom.jpg
meltzer_2.jpg	Дом Мельцера	duplicate of spb_gostiny_dvor.jpg	https://upload.wikimedia.org/wikipedia/commons/f/f1/Gostiny1802.jpg
moika_12_1.jpg	Особняк на Мойки, 12	duplicate of spb_yusupov_palace.jpg	https://upload.wikimedia.org/wikipedia/commons/e/e8/Yusupov_Palace_on_the_Moika_River%2C_Saint_Petersburg.JPG
moika_12_1.jpg	Особняк на Мойки, 12	duplicate of spb_sheremetev_palace_fontanka.jpg	https://upload.wikimedia.org/wikipedia/commons/d/dc/Spb_06-2012_Sheremetev_Palace_at_Fontanka.jpg
moika_12_1.jpg	Особняк на Мойки, 12	duplicate of spb_isaac_square.jpg	https://upload.wikimedia.org/wikipedia/commons/3/3d/Saint_Isaac_Square.jpg
moika_12_2.jpg	Особняк на Мойки, 12	duplicate of spb_sheremetev_palace_fontanka.jpg	https://upload.wikimedia.org/wikipedia/commons/d/dc/Spb_06-2012_Sheremetev_Palace_at_Fontanka.jpg
stieglitz_1.jpg	Особняk Штиглица	duplicate of spb_field_of_mars.jpg	https://upload.wikimedia.org/wikipedia/commons/0/0c/RUS-2016-Aerial-SPB-Field_of_Mars.jpg
stieglitz_1.jpg	Особняk Штиглица	duplicate of spb_cruiser_aurora.jpg	https://upload.wikimedia.org/wikipedia/commons/d/d0/%D0%9A%D1%80%D0%B5%D0%B9%D1%81%D0%B5%D1%80_1-%D0%B3%D0%BE_%D1%80%D0%B0%D0%BD%D0%B3%D0%B0_%D0%91%D0%B0%D0%BB%D1%82%D0%B8%D0%B9%D1%81%D0%BA%D0%BE%D0%B3%D0%BE_%D1%84%D0%BB%D0%BE%D1%82%D0%B0_%C2%AB%D0%90%D0%B2%D1%80%D0%BE%D1%80%D0%B0%C2%BB_%D0%B2_%D0%9F%D0%B5%D1%82%D0%B5%D1%80%D0%B1%D1%83%D1%80%D0%B3%D0%B5_2022_04.jpg
stieglitz_1.jpg	Особняk Штиглица	duplicate of spb_isaac_square.jpg	https://upload.wikimedia.org/wikipedia/commons/3/3d/Saint_Isaac_Square.jpg
stieglitz_2.jpg	Особняk Штиглица	duplicate of spb_cruiser_aurora.jpg	https://upload.wikimedia.org/wikipedia/commons/d/d0/%D0%9A%D1%80%D0%B5%D0%B9%D1%81%D0%B5%D1%80_1-%D0%B3%D0%BE_%D1%80%D0%B0%D0%BD%D0%B3%D0%B0_%D0%91%D0%B0%D0%BB%D1%82%D0%B8%D0%B9%D1%81%D0%BA%D0%BE%D0%B3%D0%BE_%D1%84%D0%BB%D0%BE%D1%82%D0%B0_%C2%AB%D0%90%D0%B2%D1%80%D0%BE%D1%80%D0%B0%C2%BB_%D0%B2_%D0%9F%D0%B5%D1%82%D0%B5%D1%80%D0%B1%D1%83%D1%80%D0%B3%D0%B5_2022_04.jpg
yablonsky_1.jpg	Особняk Яблонского	duplicate of spb_trinity_bridge_spb.jpg	https://upload.wikimedia.org/wikipedia/commons/8/80/Trinity_Bridge_%28Saint_Petersburg%29.jpg
yablonsky_1.jpg	Особняk Яблонского	duplicate of spb_palace_bridge.jpg	https://upload.wikimedia.org/wikipedia/commons/d/dc/Palace_Bridge_SPB_%28img2%29.jpg
yablonsky_1.jpg	Особняk Яблонского	duplicate of spb_vasilievsky_strelka.jpg	https://upload.wikimedia.org/wikipedia/commons/0/05/St_Petersburg_Vasilyevsky_Island_03.jpg
yablonsky_2.jpg	Особняk Яблонского	duplicate of spb_palace_bridge.jpg	https://upload.wikimedia.org/wikipedia/commons/d/dc/Palace_Bridge_SPB_%28img2%29.jpg
octagonal_1.jpg	Восьмерик	duplicate of spb_tauride_palace.jpg	https://upload.wikimedia.org/wikipedia/commons/1/12/RUS-2016-SPB-Tauride_Palace.jpg
octagonal_1.jpg	Восьмерик	duplicate of spb_smolny_cathedral.jpg	https://upload.wikimedia.org/wikipedia/commons/e/e3/Smolny_2013_1.jpg
octagonal_1.jpg	Восьмерик	duplicate of spb_liteyny_bridge.jpg	https://upload.wikimedia.org/wikipedia/commons/c/c2/Liteyny_Bridge_Panorama.jpg
octagonal_2.jpg	Восьмерик	duplicate of spb_smolny_cathedral.jpg	https://upload.wikimedia.org/wikipedia/commons/e/e3/Smolny_2013_1.jpg
saltykov_1.jpg	Особняk Салтыкова	duplicate of spb_anichkov_bridge.jpg	https://upload.wikimedia.org/wikipedia/commons/e/ec/Fontanka.jpg
saltykov_1.jpg	Особняk Салтыкова	duplicate of spb_sheremetev_palace_fontanka.jpg	https://upload.wikimedia.org/wikipedia/commons/d/dc/Spb_06-2012_Sheremetev_Palace_at_Fontanka.jpg
saltykov_1.jpg	Особняk Салтыкова	duplicate of spb_anichkov_bridge_horses_spb.jpg	https://upload.wikimedia.org/wikipedia/commons/b/b0/The_Horse_Tamers_on_Anichkov_Bridge_across_Fontanka_River_in_Saint_Petersburg%2C_Russia.jpg
saltykov_2.jpg	Особняk Салтыкова	duplicate of spb_sheremetev_palace_fontanka.jpg	https://upload.wikimedia.org/wikipedia/commons/d/dc/Spb_06-2012_Sheremetev_Palace_at_Fontanka.jpg
gagarin_1.jpg	Особняk Гагарина	duplicate of spb_isaac_square.jpg	https://upload.wikimedia.org/wikipedia/commons/3/3d/Saint_Isaac_Square.jpg
gagarin_1.jpg	Особняk Гагарина	duplicate of spb_isaac_cathedral.jpg	https://upload.wikimedia.org/wikipedia/commons/8/83/Saint_Isaac%27s_Cathedral_in_SPB.jpeg
gagarin_1.jpg	Особняk Гагарина	duplicate of gorokhovaya_1.jpg	https://upload.wikimedia.org/wikipedia/commons/9/9e/Admiralty_SPB.jpg
gagarin_2.jpg	Особняk Гагарина	duplicate of spb_isaac_cathedral.jpg	https://upload.wikimedia.org/wikipedia/commons/8/83/Saint_Isaac%27s_Cathedral_in_SPB.jpeg
pestelya_1.jpg	Особняk на Пестеля	duplicate of ginzburg_1.jpg	https://upload.wikimedia.org/wikipedia/commons/c/c2/Spb_06-2012_Nevsky_various_02.jpg
pestelya_1.jpg	Особняk на Пестеля	duplicate of spb_beloselsky_belozersky_palace.jpg	https://upload.wikimedia.org/wikipedia/commons/8/85/Spb_06-2012_Beloselsky_Palace.jpg
pestelya_2.jpg	Особняk на Пестеля	duplicate of spb_beloselsky_belozersky_palace.jpg	https://upload.wikimedia.org/wikipedia/commons/8/85/Spb_06-2012_Beloselsky_Palace.jpg
kronverksky_1.jpg	Особняk Кронверкского	duplicate of spb_new_holland.jpg	https://upload.wikimedia.org/wikipedia/commons/2/25/Spb_06-2017_img33_New_Holland.jpg
kronverksky_1.jpg	Особняk Кронверкского	duplicate of derviz_1.jpg	https://upload.wikimedia.org/wikipedia/commons/8/81/Kamennoostrovsky_Palace._Fence.jpg
kronverksky_1.jpg	Особняk Кронверкского	duplicate of spb_grand_menshikov_palace.jpg	https://upload.wikimedia.org/wikipedia/commons/5/57/RUS-2016-Aerial-SPB-Grand_Menshikov_Palace.jpg
kronverksky_2.jpg	Особняk Кронверкского	duplicate of derviz_1.jpg	https://upload.wikimedia.org/wikipedia/commons/8/81/Kamennoostrovsky_Palace._Fence.jpg
demidov_1.jpg	Особняk Демидова	duplicate of spb_yusupov_palace.jpg	https://upload.wikimedia.org/wikipedia/commons/e/e8/Yusupov_Palace_on_the_Moika_River%2C_Saint_Petersburg.JPG
demidov_1.jpg	Особняk Демидова	duplicate of spb_sheremetev_palace_fontanka.jpg	https://upload.wikimedia.org/wikipedia/commons/d/dc/Spb_06-2012_Sheremetev_Palace_at_Fontanka.jpg
demidov_1.jpg	Особняk Демидова	duplicate of spb_isaac_square.jpg	https://upload.wikimedia.org/wikipedia/commons/3/3d/Saint_Isaac_Square.jpg
demidov_2.jpg	Особняk Демидова	duplicate of spb_sheremetev_palace_fontanka.jpg	https://upload.wikimedia.org/wikipedia/commons/d/dc/Spb_06-2012_Sheremetev_Palace_at_Fontanka.jpg
benois_nevsky_1.jpg	Дом Бенуа	duplicate of ginzburg_1.jpg	https://upload.wikimedia.org/wikipedia/commons/c/c2/Spb_06-2012_Nevsky_various_02.jpg
benois_nevsky_1.jpg	Дом Бенуа	duplicate of spb_gostiny_dvor.jpg	https://upload.wikimedia.org/wikipedia/commons/f/f1/Gostiny1802.jpg
benois_nevsky_1.jpg	Дом Бенуа	duplicate of spb_beloselsky_belozersky_palace.jpg	https://upload.wikimedia.org/wikipedia/commons/8/85/Spb_06-2012_Beloselsky_Palace.jpg
benois_nevsky_2.jpg	Дом Бенуа	duplicate of spb_gostiny_dvor.jpg	https://upload.wikimedia.org/wikipedia/commons/f/f1/Gostiny1802.jpg
angliysky_1.jpg	Особняk Английском pr.	duplicate of spb_trinity_bridge_spb.jpg	https://upload.wikimedia.org/wikipedia/commons/8/80/Trinity_Bridge_%28Saint_Petersburg%29.jpg
angliysky_1.jpg	Особняk Английском pr.	duplicate of spb_vasilievsky_strelka.jpg	https://upload.wikimedia.org/wikipedia/commons/0/05/St_Petersburg_Vasilyevsky_Island_03.jpg
angliysky_1.jpg	Особняk Английском pr.	duplicate of spb_old_stock_exchange.jpg	https://upload.wikimedia.org/wikipedia/commons/7/78/Saint_Petersburg_Old_Stock_Exchange.jpg
angliysky_2.jpg	Особняk Английском pr.	duplicate of spb_vasilievsky_strelka.jpg	https://upload.wikimedia.org/wikipedia/commons/0/05/St_Petersburg_Vasilyevsky_Island_03.jpg
marble_palace_1.jpg	Мраморный дворец	duplicate of spb_marble_palace.jpg	https://upload.wikimedia.org/wikipedia/commons/4/41/%D0%9C%D1%80%D0%B0%D0%BC%D0%BE%D1%80%D0%BD%D1%8B%D0%B9_%D0%B4%D0%B2%D0%BE%D1%80%D0%B5%D1%86_%28%D0%B2%D0%B8%D0%B4_%D1%81_%D0%9C%D0%B8%D0%BB%D0%BB%D0%B8%D0%BE%D0%BD%D0%BD%D0%BE%D0%B9%29.jpg
marble_palace_1.jpg	Мраморный дворец	duplicate of spb_field_of_mars.jpg	https://upload.wikimedia.org/wikipedia/commons/0/0c/RUS-2016-Aerial-SPB-Field_of_Mars.jpg
marble_palace_1.jpg	Мраморный дворец	duplicate of spb_isaac_square.jpg	https://upload.wikimedia.org/wikipedia/commons/3/3d/Saint_Isaac_Square.jpg
marble_palace_2.jpg	Мраморный дворец	duplicate of spb_field_of_mars.jpg	https://upload.wikimedia.org/wikipedia/commons/0/0c/RUS-2016-Aerial-SPB-Field_of_Mars.jpg
grand_prince_2.jpg	Дворец великого князя Владимира	duplicate of spb_palace_bridge.jpg	https://upload.wikimedia.org/wikipedia/commons/d/dc/Palace_Bridge_SPB_%28img2%29.jpg
kochubey_2.jpg	Особняк Кочубея	duplicate of kochubey_1.jpg	https://images.pexels.com/photos/22064379/pexels-photo-22064379.jpeg
