[1/45] Building amsterdam ...
Written: E:\Python\GptEngineer\Excursion\amsterdam\output\amsterdam_guide_en.html
Copied to final_guides: E:/Python/GptEngineer/Excursion/final_guides/amsterdam_guide_en.pdf
Written: E:\Python\GptEngineer\Excursion\amsterdam\output\amsterdam_guide_en.pdf
Written: E:\Python\GptEngineer\Excursion\amsterdam\output\amsterdam_guide_ru.html
Copied to final_guides: E:/Python/GptEngineer/Excursion/final_guides/amsterdam_guide_ru.pdf
Written: E:\Python\GptEngineer\Excursion\amsterdam\output\amsterdam_guide_ru.pdf
Places in PDF: 31
Primary edition (en): E:\Python\GptEngineer\Excursion\amsterdam\output\amsterdam_guide.pdf
[2/45] Building athens ...
Written: E:\Python\GptEngineer\Excursion\athens\output\athens_guide_en.html
Copied to final_guides: E:/Python/GptEngineer/Excursion/final_guides/athens_guide_en.pdf
Written: E:\Python\GptEngineer\Excursion\athens\output\athens_guide_en.pdf
Written: E:\Python\GptEngineer\Excursion\athens\output\athens_guide_ru.html
Copied to final_guides: E:/Python/GptEngineer/Excursion/final_guides/athens_guide_ru.pdf
Written: E:\Python\GptEngineer\Excursion\athens\output\athens_guide_ru.pdf
Places in PDF: 29
Primary edition (en): E:\Python\GptEngineer\Excursion\athens\output\athens_guide.pdf
[3/45] Building bangkok ...
Written: E:\Python\GptEngineer\Excursion\bangkok\output\bangkok_guide_en.html
Copied to final_guides: E:/Python/GptEngineer/Excursion/final_guides/bangkok_guide_en.pdf
Written: E:\Python\GptEngineer\Excursion\bangkok\output\bangkok_guide_en.pdf
Written: E:\Python\GptEngineer\Excursion\bangkok\output\bangkok_guide_ru.html
Copied to final_guides: E:/Python/GptEngineer/Excursion/final_guides/bangkok_guide_ru.pdf
Written: E:\Python\GptEngineer\Excursion\bangkok\output\bangkok_guide_ru.pdf
Places in PDF: 32
Primary edition (en): E:\Python\GptEngineer\Excursion\bangkok\output\bangkok_guide.pdf
[4/45] Building barcelona ...
Written: E:\Python\GptEngineer\Excursion\barcelona\output\barcelona_guide_en.html
Copied to final_guides: E:/Python/GptEngineer/Excursion/final_guides/barcelona_guide_en.pdf
Written: E:\Python\GptEngineer\Excursion\barcelona\output\barcelona_guide_en.pdf
Written: E:\Python\GptEngineer\Excursion\barcelona\output\barcelona_guide_ru.html
Copied to final_guides: E:/Python/GptEngineer/Excursion/final_guides/barcelona_guide_ru.pdf
Written: E:\Python\GptEngineer\Excursion\barcelona\output\barcelona_guide_ru.pdf
Places in PDF: 33
Primary edition (en): E:\Python\GptEngineer\Excursion\barcelona\output\barcelona_guide.pdf
[5/45] Building berlin ...
Written: E:\Python\GptEngineer\Excursion\berlin\output\berlin_guide_en.html
  PDF chunk 1/2...
  PDF chunk 2/2...
Copied to final_guides: E:/Python/GptEngineer/Excursion/final_guides/berlin_guide_en.pdf
Written: E:\Python\GptEngineer\Excursion\berlin\output\berlin_guide_en.pdf
Written: E:\Python\GptEngineer\Excursion\berlin\output\berlin_guide_ru.html
  PDF chunk 1/2...
  PDF chunk 2/2...
Copied to final_guides: E:/Python/GptEngineer/Excursion/final_guides/berlin_guide_ru.pdf
Written: E:\Python\GptEngineer\Excursion\berlin\output\berlin_guide_ru.pdf
Places in PDF: 38
Primary edition (en): E:\Python\GptEngineer\Excursion\berlin\output\berlin_guide.pdf
[6/45] Building boston ...
Written: E:\Python\GptEngineer\Excursion\boston\output\boston_guide_en.html
Copied to final_guides: E:/Python/GptEngineer/Excursion/final_guides/boston_guide_en.pdf
Written: E:\Python\GptEngineer\Excursion\boston\output\boston_guide_en.pdf
Written: E:\Python\GptEngineer\Excursion\boston\output\boston_guide_ru.html
Copied to final_guides: E:/Python/GptEngineer/Excursion/final_guides/boston_guide_ru.pdf
Written: E:\Python\GptEngineer\Excursion\boston\output\boston_guide_ru.pdf
Places in PDF: 28
Primary edition (en): E:\Python\GptEngineer\Excursion\boston\output\boston_guide.pdf
[7/45] Building budapest ...
Written: E:\Python\GptEngineer\Excursion\budapest\output\budapest_guide_en.html
Copied to final_guides: E:/Python/GptEngineer/Excursion/final_guides/budapest_guide_en.pdf
Written: E:\Python\GptEngineer\Excursion\budapest\output\budapest_guide_en.pdf
Written: E:\Python\GptEngineer\Excursion\budapest\output\budapest_guide_ru.html
Copied to final_guides: E:/Python/GptEngineer/Excursion/final_guides/budapest_guide_ru.pdf
Written: E:\Python\GptEngineer\Excursion\budapest\output\budapest_guide_ru.pdf
Places in PDF: 33
Primary edition (en): E:\Python\GptEngineer\Excursion\budapest\output\budapest_guide.pdf
[8/45] Building chernivtsi ...
Written: E:\Python\GptEngineer\Excursion\chernivtsi\output\chernivtsi_guide_en.html
Copied to final_guides: E:/Python/GptEngineer/Excursion/final_guides/chernivtsi_guide_en.pdf
Written: E:\Python\GptEngineer\Excursion\chernivtsi\output\chernivtsi_guide_en.pdf
Written: E:\Python\GptEngineer\Excursion\chernivtsi\output\chernivtsi_guide_ru.html
Copied to final_guides: E:/Python/GptEngineer/Excursion/final_guides/chernivtsi_guide_ru.pdf
Written: E:\Python\GptEngineer\Excursion\chernivtsi\output\chernivtsi_guide_ru.pdf
Places in PDF: 33
Primary edition (en): E:\Python\GptEngineer\Excursion\chernivtsi\output\chernivtsi_guide.pdf
[9/45] Building copenhagen ...
Written: E:\Python\GptEngineer\Excursion\copenhagen\output\copenhagen_guide_en.html
Copied to final_guides: E:/Python/GptEngineer/Excursion/final_guides/copenhagen_guide_en.pdf
Written: E:\Python\GptEngineer\Excursion\copenhagen\output\copenhagen_guide_en.pdf
Written: E:\Python\GptEngineer\Excursion\copenhagen\output\copenhagen_guide_ru.html
Copied to final_guides: E:/Python/GptEngineer/Excursion/final_guides/copenhagen_guide_ru.pdf
Written: E:\Python\GptEngineer\Excursion\copenhagen\output\copenhagen_guide_ru.pdf
Places in PDF: 29
Primary edition (en): E:\Python\GptEngineer\Excursion\copenhagen\output\copenhagen_guide.pdf
[10/45] Building dubai ...
Written: E:\Python\GptEngineer\Excursion\dubai\output\dubai_guide_en.html
Copied to final_guides: E:/Python/GptEngineer/Excursion/final_guides/dubai_guide_en.pdf
Written: E:\Python\GptEngineer\Excursion\dubai\output\dubai_guide_en.pdf
Written: E:\Python\GptEngineer\Excursion\dubai\output\dubai_guide_ru.html
Copied to final_guides: E:/Python/GptEngineer/Excursion/final_guides/dubai_guide_ru.pdf
Written: E:\Python\GptEngineer\Excursion\dubai\output\dubai_guide_ru.pdf
Places in PDF: 34
Primary edition (en): E:\Python\GptEngineer\Excursion\dubai\output\dubai_guide.pdf
[11/45] Building dublin ...
Written: E:\Python\GptEngineer\Excursion\dublin\output\dublin_guide_en.html
Copied to final_guides: E:/Python/GptEngineer/Excursion/final_guides/dublin_guide_en.pdf
Written: E:\Python\GptEngineer\Excursion\dublin\output\dublin_guide_en.pdf
Written: E:\Python\GptEngineer\Excursion\dublin\output\dublin_guide_ru.html
Copied to final_guides: E:/Python/GptEngineer/Excursion/final_guides/dublin_guide_ru.pdf
Written: E:\Python\GptEngineer\Excursion\dublin\output\dublin_guide_ru.pdf
Places in PDF: 21
Primary edition (en): E:\Python\GptEngineer\Excursion\dublin\output\dublin_guide.pdf
[12/45] Building florence ...
Written: E:\Python\GptEngineer\Excursion\florence\output\florence_guide_en.html
  PDF chunk 1/2...
  PDF chunk 2/2...
Copied to final_guides: E:/Python/GptEngineer/Excursion/final_guides/florence_guide_en.pdf
Written: E:\Python\GptEngineer\Excursion\florence\output\florence_guide_en.pdf
Written: E:\Python\GptEngineer\Excursion\florence\output\florence_guide_ru.html
  PDF chunk 1/2...
  PDF chunk 2/2...
Copied to final_guides: E:/Python/GptEngineer/Excursion/final_guides/florence_guide_ru.pdf
Written: E:\Python\GptEngineer\Excursion\florence\output\florence_guide_ru.pdf
Places in PDF: 37
Primary edition (en): E:\Python\GptEngineer\Excursion\florence\output\florence_guide.pdf
[13/45] Building istanbul ...
Written: E:\Python\GptEngineer\Excursion\istanbul\output\istanbul_guide_en.html
Copied to final_guides: E:/Python/GptEngineer/Excursion/final_guides/istanbul_guide_en.pdf
Written: E:\Python\GptEngineer\Excursion\istanbul\output\istanbul_guide_en.pdf
Written: E:\Python\GptEngineer\Excursion\istanbul\output\istanbul_guide_ru.html
Copied to final_guides: E:/Python/GptEngineer/Excursion/final_guides/istanbul_guide_ru.pdf
Written: E:\Python\GptEngineer\Excursion\istanbul\output\istanbul_guide_ru.pdf
Places in PDF: 33
Primary edition (en): E:\Python\GptEngineer\Excursion\istanbul\output\istanbul_guide.pdf
[14/45] Building jerusalem ...
Written: E:\Python\GptEngineer\Excursion\jerusalem\output\jerusalem_guide_en.html
Copied to final_guides: E:/Python/GptEngineer/Excursion/final_guides/jerusalem_guide_en.pdf
Written: E:\Python\GptEngineer\Excursion\jerusalem\output\jerusalem_guide_en.pdf
Written: E:\Python\GptEngineer\Excursion\jerusalem\output\jerusalem_guide_ru.html
Copied to final_guides: E:/Python/GptEngineer/Excursion/final_guides/jerusalem_guide_ru.pdf
Written: E:\Python\GptEngineer\Excursion\jerusalem\output\jerusalem_guide_ru.pdf
Places in PDF: 33
Primary edition (en): E:\Python\GptEngineer\Excursion\jerusalem\output\jerusalem_guide.pdf
[15/45] Building kazan ...
Written: E:\Python\GptEngineer\Excursion\kazan\output\kazan_guide_en.html
Copied to final_guides: E:/Python/GptEngineer/Excursion/final_guides/kazan_guide_en.pdf
Written: E:\Python\GptEngineer\Excursion\kazan\output\kazan_guide_en.pdf
Written: E:\Python\GptEngineer\Excursion\kazan\output\kazan_guide_ru.html
Copied to final_guides: E:/Python/GptEngineer/Excursion/final_guides/kazan_guide_ru.pdf
Written: E:\Python\GptEngineer\Excursion\kazan\output\kazan_guide_ru.pdf
Places in PDF: 29
Primary edition (en): E:\Python\GptEngineer\Excursion\kazan\output\kazan_guide.pdf
[16/45] Building kharkiv ...
Written: E:\Python\GptEngineer\Excursion\kharkiv\output\kharkiv_guide_en.html
Copied to final_guides: E:/Python/GptEngineer/Excursion/final_guides/kharkiv_guide_en.pdf
Written: E:\Python\GptEngineer\Excursion\kharkiv\output\kharkiv_guide_en.pdf
Written: E:\Python\GptEngineer\Excursion\kharkiv\output\kharkiv_guide_ru.html
Copied to final_guides: E:/Python/GptEngineer/Excursion/final_guides/kharkiv_guide_ru.pdf
Written: E:\Python\GptEngineer\Excursion\kharkiv\output\kharkiv_guide_ru.pdf
Places in PDF: 29
Primary edition (en): E:\Python\GptEngineer\Excursion\kharkiv\output\kharkiv_guide.pdf
[17/45] Building kyiv ...
Written: E:\Python\GptEngineer\Excursion\kyiv\output\kyiv_guide_en.html
Copied to final_guides: E:/Python/GptEngineer/Excursion/final_guides/kyiv_guide_en.pdf
Written: E:\Python\GptEngineer\Excursion\kyiv\output\kyiv_guide_en.pdf
Written: E:\Python\GptEngineer\Excursion\kyiv\output\kyiv_guide_ru.html
Copied to final_guides: E:/Python/GptEngineer/Excursion/final_guides/kyiv_guide_ru.pdf
Written: E:\Python\GptEngineer\Excursion\kyiv\output\kyiv_guide_ru.pdf
Places in PDF: 30
Primary edition (en): E:\Python\GptEngineer\Excursion\kyiv\output\kyiv_guide.pdf
[18/45] Building lisbon ...
Written: E:\Python\GptEngineer\Excursion\lisbon\output\lisbon_guide_en.html
Copied to final_guides: E:/Python/GptEngineer/Excursion/final_guides/lisbon_guide_en.pdf
Written: E:\Python\GptEngineer\Excursion\lisbon\output\lisbon_guide_en.pdf
Written: E:\Python\GptEngineer\Excursion\lisbon\output\lisbon_guide_ru.html
Copied to final_guides: E:/Python/GptEngineer/Excursion/final_guides/lisbon_guide_ru.pdf
Written: E:\Python\GptEngineer\Excursion\lisbon\output\lisbon_guide_ru.pdf
Places in PDF: 28
Primary edition (en): E:\Python\GptEngineer\Excursion\lisbon\output\lisbon_guide.pdf
[19/45] Building london ...
Written: E:\Python\GptEngineer\Excursion\london\output\london_guide_en.html
Copied to final_guides: E:/Python/GptEngineer/Excursion/final_guides/london_guide_en.pdf
Written: E:\Python\GptEngineer\Excursion\london\output\london_guide_en.pdf
Written: E:\Python\GptEngineer\Excursion\london\output\london_guide_ru.html
Copied to final_guides: E:/Python/GptEngineer/Excursion/final_guides/london_guide_ru.pdf
Written: E:\Python\GptEngineer\Excursion\london\output\london_guide_ru.pdf
Places in PDF: 26
Primary edition (en): E:\Python\GptEngineer\Excursion\london\output\london_guide.pdf
[20/45] Building los_angeles ...
Written: E:\Python\GptEngineer\Excursion\los_angeles\output\los_angeles_guide_en.html
Copied to final_guides: E:/Python/GptEngineer/Excursion/final_guides/los_angeles_guide_en.pdf
Written: E:\Python\GptEngineer\Excursion\los_angeles\output\los_angeles_guide_en.pdf
Written: E:\Python\GptEngineer\Excursion\los_angeles\output\los_angeles_guide_ru.html
Copied to final_guides: E:/Python/GptEngineer/Excursion/final_guides/los_angeles_guide_ru.pdf
Written: E:\Python\GptEngineer\Excursion\los_angeles\output\los_angeles_guide_ru.pdf
Places in PDF: 30
Primary edition (en): E:\Python\GptEngineer\Excursion\los_angeles\output\los_angeles_guide.pdf
[21/45] Building lviv ...
Written: E:\Python\GptEngineer\Excursion\lviv\output\lviv_guide_en.html
Copied to final_guides: E:/Python/GptEngineer/Excursion/final_guides/lviv_guide_en.pdf
Written: E:\Python\GptEngineer\Excursion\lviv\output\lviv_guide_en.pdf
Written: E:\Python\GptEngineer\Excursion\lviv\output\lviv_guide_ru.html
Copied to final_guides: E:/Python/GptEngineer/Excursion/final_guides/lviv_guide_ru.pdf
Written: E:\Python\GptEngineer\Excursion\lviv\output\lviv_guide_ru.pdf
Places in PDF: 30
Primary edition (en): E:\Python\GptEngineer\Excursion\lviv\output\lviv_guide.pdf
[22/45] Building madrid ...
Written: E:\Python\GptEngineer\Excursion\madrid\output\madrid_guide_en.html
Copied to final_guides: E:/Python/GptEngineer/Excursion/final_guides/madrid_guide_en.pdf
Written: E:\Python\GptEngineer\Excursion\madrid\output\madrid_guide_en.pdf
Written: E:\Python\GptEngineer\Excursion\madrid\output\madrid_guide_ru.html
Copied to final_guides: E:/Python/GptEngineer/Excursion/final_guides/madrid_guide_ru.pdf
Written: E:\Python\GptEngineer\Excursion\madrid\output\madrid_guide_ru.pdf
Places in PDF: 33
Primary edition (en): E:\Python\GptEngineer\Excursion\madrid\output\madrid_guide.pdf
[23/45] Building minsk ...
Written: E:\Python\GptEngineer\Excursion\minsk\output\minsk_guide_en.html
Copied to final_guides: E:/Python/GptEngineer/Excursion/final_guides/minsk_guide_en.pdf
Written: E:\Python\GptEngineer\Excursion\minsk\output\minsk_guide_en.pdf
Written: E:\Python\GptEngineer\Excursion\minsk\output\minsk_guide_ru.html
Copied to final_guides: E:/Python/GptEngineer/Excursion/final_guides/minsk_guide_ru.pdf
Written: E:\Python\GptEngineer\Excursion\minsk\output\minsk_guide_ru.pdf
Places in PDF: 34
Primary edition (en): E:\Python\GptEngineer\Excursion\minsk\output\minsk_guide.pdf
[24/45] Building montreal ...
Written: E:\Python\GptEngineer\Excursion\montreal\output\montreal_guide_en.html
  PDF chunk 1/2...
  PDF chunk 2/2...
Copied to final_guides: E:/Python/GptEngineer/Excursion/final_guides/montreal_guide_en.pdf
Written: E:\Python\GptEngineer\Excursion\montreal\output\montreal_guide_en.pdf
Written: E:\Python\GptEngineer\Excursion\montreal\output\montreal_guide_ru.html
  PDF chunk 1/2...
  PDF chunk 2/2...
Copied to final_guides: E:/Python/GptEngineer/Excursion/final_guides/montreal_guide_ru.pdf
Written: E:\Python\GptEngineer\Excursion\montreal\output\montreal_guide_ru.pdf
Places in PDF: 39
Primary edition (en): E:\Python\GptEngineer\Excursion\montreal\output\montreal_guide.pdf
[25/45] Building moscow ...
Skipped 193 place(s) without a local image.
Written: E:\Python\GptEngineer\Excursion\moscow\output\moscow_guide_en.html
  PDF chunk 1/4...
  PDF chunk 2/4...
  PDF chunk 3/4...
  PDF chunk 4/4...
Copied to final_guides: E:/Python/GptEngineer/Excursion/final_guides/moscow_guide_en.pdf
Written: E:\Python\GptEngineer\Excursion\moscow\output\moscow_guide_en.pdf
Written: E:\Python\GptEngineer\Excursion\moscow\output\moscow_guide_ru.html
  PDF chunk 1/4...
  PDF chunk 2/4...
  PDF chunk 3/4...
  PDF chunk 4/4...
Copied to final_guides: E:/Python/GptEngineer/Excursion/final_guides/moscow_guide_ru.pdf
Written: E:\Python\GptEngineer\Excursion\moscow\output\moscow_guide_ru.pdf
Places in PDF: 118
Primary edition (en): E:\Python\GptEngineer\Excursion\moscow\output\moscow_guide.pdf
[26/45] Building new_york ...
Written: E:\Python\GptEngineer\Excursion\new_york\output\new_york_guide_en.html
Copied to final_guides: E:/Python/GptEngineer/Excursion/final_guides/new_york_guide_en.pdf
Written: E:\Python\GptEngineer\Excursion\new_york\output\new_york_guide_en.pdf
Written: E:\Python\GptEngineer\Excursion\new_york\output\new_york_guide_ru.html
Copied to final_guides: E:/Python/GptEngineer/Excursion/final_guides/new_york_guide_ru.pdf
Written: E:\Python\GptEngineer\Excursion\new_york\output\new_york_guide_ru.pdf
Places in PDF: 35
Primary edition (en): E:\Python\GptEngineer\Excursion\new_york\output\new_york_guide.pdf
[27/45] Building novosibirsk ...
Written: E:\Python\GptEngineer\Excursion\novosibirsk\output\novosibirsk_guide_en.html
Copied to final_guides: E:/Python/GptEngineer/Excursion/final_guides/novosibirsk_guide_en.pdf
Written: E:\Python\GptEngineer\Excursion\novosibirsk\output\novosibirsk_guide_en.pdf
Written: E:\Python\GptEngineer\Excursion\novosibirsk\output\novosibirsk_guide_ru.html
Copied to final_guides: E:/Python/GptEngineer/Excursion/final_guides/novosibirsk_guide_ru.pdf
Written: E:\Python\GptEngineer\Excursion\novosibirsk\output\novosibirsk_guide_ru.pdf
Places in PDF: 28
Primary edition (en): E:\Python\GptEngineer\Excursion\novosibirsk\output\novosibirsk_guide.pdf
[28/45] Building odessa ...
Written: E:\Python\GptEngineer\Excursion\odessa\output\odessa_guide_en.html
Copied to final_guides: E:/Python/GptEngineer/Excursion/final_guides/odessa_guide_en.pdf
Written: E:\Python\GptEngineer\Excursion\odessa\output\odessa_guide_en.pdf
Written: E:\Python\GptEngineer\Excursion\odessa\output\odessa_guide_ru.html
Copied to final_guides: E:/Python/GptEngineer/Excursion/final_guides/odessa_guide_ru.pdf
Written: E:\Python\GptEngineer\Excursion\odessa\output\odessa_guide_ru.pdf
Places in PDF: 25
Primary edition (en): E:\Python\GptEngineer\Excursion\odessa\output\odessa_guide.pdf
[29/45] Building paris ...
Written: E:\Python\GptEngineer\Excursion\paris\output\paris_guide_en.html
  PDF chunk 1/2...
  PDF chunk 2/2...
Copied to final_guides: E:/Python/GptEngineer/Excursion/final_guides/paris_guide_en.pdf
Written: E:\Python\GptEngineer\Excursion\paris\output\paris_guide_en.pdf
Written: E:\Python\GptEngineer\Excursion\paris\output\paris_guide_ru.html
  PDF chunk 1/2...
  PDF chunk 2/2...
Copied to final_guides: E:/Python/GptEngineer/Excursion/final_guides/paris_guide_ru.pdf
Written: E:\Python\GptEngineer\Excursion\paris\output\paris_guide_ru.pdf
Places in PDF: 38
Primary edition (en): E:\Python\GptEngineer\Excursion\paris\output\paris_guide.pdf
[30/45] Building philadelphia ...
Written: E:\Python\GptEngineer\Excursion\philadelphia\output\philadelphia_guide_en.html
Copied to final_guides: E:/Python/GptEngineer/Excursion/final_guides/philadelphia_guide_en.pdf
Written: E:\Python\GptEngineer\Excursion\philadelphia\output\philadelphia_guide_en.pdf
Written: E:\Python\GptEngineer\Excursion\philadelphia\output\philadelphia_guide_ru.html
Copied to final_guides: E:/Python/GptEngineer/Excursion/final_guides/philadelphia_guide_ru.pdf
Written: E:\Python\GptEngineer\Excursion\philadelphia\output\philadelphia_guide_ru.pdf
Places in PDF: 27
Primary edition (en): E:\Python\GptEngineer\Excursion\philadelphia\output\philadelphia_guide.pdf
[31/45] Building prague ...
Written: E:\Python\GptEngineer\Excursion\prague\output\prague_guide_en.html
  PDF chunk 1/2...
  PDF chunk 2/2...
Copied to final_guides: E:/Python/GptEngineer/Excursion/final_guides/prague_guide_en.pdf
Written: E:\Python\GptEngineer\Excursion\prague\output\prague_guide_en.pdf
Written: E:\Python\GptEngineer\Excursion\prague\output\prague_guide_ru.html
  PDF chunk 1/2...
  PDF chunk 2/2...
Copied to final_guides: E:/Python/GptEngineer/Excursion/final_guides/prague_guide_ru.pdf
Written: E:\Python\GptEngineer\Excursion\prague\output\prague_guide_ru.pdf
Places in PDF: 37
Primary edition (en): E:\Python\GptEngineer\Excursion\prague\output\prague_guide.pdf
[32/45] Building rome ...
Written: E:\Python\GptEngineer\Excursion\rome\output\rome_guide_en.html
  PDF chunk 1/2...
  PDF chunk 2/2...
Copied to final_guides: E:/Python/GptEngineer/Excursion/final_guides/rome_guide_en.pdf
Written: E:\Python\GptEngineer\Excursion\rome\output\rome_guide_en.pdf
Written: E:\Python\GptEngineer\Excursion\rome\output\rome_guide_ru.html
  PDF chunk 1/2...
  PDF chunk 2/2...
Copied to final_guides: E:/Python/GptEngineer/Excursion/final_guides/rome_guide_ru.pdf
Written: E:\Python\GptEngineer\Excursion\rome\output\rome_guide_ru.pdf
Places in PDF: 40
Primary edition (en): E:\Python\GptEngineer\Excursion\rome\output\rome_guide.pdf
[33/45] Building san_francisco ...
Written: E:\Python\GptEngineer\Excursion\san_francisco\output\san_francisco_guide_en.html
Copied to final_guides: E:/Python/GptEngineer/Excursion/final_guides/san_francisco_guide_en.pdf
Written: E:\Python\GptEngineer\Excursion\san_francisco\output\san_francisco_guide_en.pdf
Written: E:\Python\GptEngineer\Excursion\san_francisco\output\san_francisco_guide_ru.html
Copied to final_guides: E:/Python/GptEngineer/Excursion/final_guides/san_francisco_guide_ru.pdf
Written: E:\Python\GptEngineer\Excursion\san_francisco\output\san_francisco_guide_ru.pdf
Places in PDF: 26
Primary edition (en): E:\Python\GptEngineer\Excursion\san_francisco\output\san_francisco_guide.pdf
[34/45] Building singapore ...
Written: E:\Python\GptEngineer\Excursion\singapore\output\singapore_guide_en.html
Copied to final_guides: E:/Python/GptEngineer/Excursion/final_guides/singapore_guide_en.pdf
Written: E:\Python\GptEngineer\Excursion\singapore\output\singapore_guide_en.pdf
Written: E:\Python\GptEngineer\Excursion\singapore\output\singapore_guide_ru.html
Copied to final_guides: E:/Python/GptEngineer/Excursion/final_guides/singapore_guide_ru.pdf
Written: E:\Python\GptEngineer\Excursion\singapore\output\singapore_guide_ru.pdf
Places in PDF: 27
Primary edition (en): E:\Python\GptEngineer\Excursion\singapore\output\singapore_guide.pdf
[35/45] Building smolensk ...
Written: E:\Python\GptEngineer\Excursion\smolensk\output\smolensk_guide_en.html
Copied to final_guides: E:/Python/GptEngineer/Excursion/final_guides/smolensk_guide_en.pdf
Written: E:\Python\GptEngineer\Excursion\smolensk\output\smolensk_guide_en.pdf
Written: E:\Python\GptEngineer\Excursion\smolensk\output\smolensk_guide_ru.html
Copied to final_guides: E:/Python/GptEngineer/Excursion/final_guides/smolensk_guide_ru.pdf
Written: E:\Python\GptEngineer\Excursion\smolensk\output\smolensk_guide_ru.pdf
Places in PDF: 68
Primary edition (en): E:\Python\GptEngineer\Excursion\smolensk\output\smolensk_guide.pdf
[36/45] Building spb ...
Skipped 13 place(s) without a local image.
Written: E:\Python\GptEngineer\Excursion\spb\output\spb_guide_en.html
  PDF chunk 1/9...
  PDF chunk 2/9...
  PDF chunk 3/9...
  PDF chunk 4/9...
  PDF chunk 5/9...
  PDF chunk 6/9...
  PDF chunk 7/9...
  PDF chunk 8/9...
  PDF chunk 9/9...
Copied to final_guides: E:/Python/GptEngineer/Excursion/final_guides/spb_guide_en.pdf
Written: E:\Python\GptEngineer\Excursion\spb\output\spb_guide_en.pdf
Written: E:\Python\GptEngineer\Excursion\spb\output\spb_guide_ru.html
  PDF chunk 1/9...
  PDF chunk 2/9...
  PDF chunk 3/9...
  PDF chunk 4/9...
  PDF chunk 5/9...
  PDF chunk 6/9...
  PDF chunk 7/9...
  PDF chunk 8/9...
  PDF chunk 9/9...
Copied to final_guides: E:/Python/GptEngineer/Excursion/final_guides/spb_guide_ru.pdf
Written: E:\Python\GptEngineer\Excursion\spb\output\spb_guide_ru.pdf
Places in PDF: 291
Primary edition (en): E:\Python\GptEngineer\Excursion\spb\output\spb_guide.pdf
[37/45] Building tokyo ...
Written: E:\Python\GptEngineer\Excursion\tokyo\output\tokyo_guide_en.html
Copied to final_guides: E:/Python/GptEngineer/Excursion/final_guides/tokyo_guide_en.pdf
Written: E:\Python\GptEngineer\Excursion\tokyo\output\tokyo_guide_en.pdf
Written: E:\Python\GptEngineer\Excursion\tokyo\output\tokyo_guide_ru.html
Copied to final_guides: E:/Python/GptEngineer/Excursion/final_guides/tokyo_guide_ru.pdf
Written: E:\Python\GptEngineer\Excursion\tokyo\output\tokyo_guide_ru.pdf
Places in PDF: 30
Primary edition (en): E:\Python\GptEngineer\Excursion\tokyo\output\tokyo_guide.pdf
[38/45] Building tver ...
Written: E:\Python\GptEngineer\Excursion\tver\output\tver_guide_en.html
Copied to final_guides: E:/Python/GptEngineer/Excursion/final_guides/tver_guide_en.pdf
Written: E:\Python\GptEngineer\Excursion\tver\output\tver_guide_en.pdf
Written: E:\Python\GptEngineer\Excursion\tver\output\tver_guide_ru.html
Copied to final_guides: E:/Python/GptEngineer/Excursion/final_guides/tver_guide_ru.pdf
Written: E:\Python\GptEngineer\Excursion\tver\output\tver_guide_ru.pdf
Places in PDF: 31
Primary edition (en): E:\Python\GptEngineer\Excursion\tver\output\tver_guide.pdf
[39/45] Building vatican ...
Written: E:\Python\GptEngineer\Excursion\vatican\output\vatican_guide_en.html
Copied to final_guides: E:/Python/GptEngineer/Excursion/final_guides/vatican_guide_en.pdf
Written: E:\Python\GptEngineer\Excursion\vatican\output\vatican_guide_en.pdf
Written: E:\Python\GptEngineer\Excursion\vatican\output\vatican_guide_ru.html
Copied to final_guides: E:/Python/GptEngineer/Excursion/final_guides/vatican_guide_ru.pdf
Written: E:\Python\GptEngineer\Excursion\vatican\output\vatican_guide_ru.pdf
Places in PDF: 27
Primary edition (en): E:\Python\GptEngineer\Excursion\vatican\output\vatican_guide.pdf
[40/45] Building venice ...
Written: E:\Python\GptEngineer\Excursion\venice\output\venice_guide_en.html
Copied to final_guides: E:/Python/GptEngineer/Excursion/final_guides/venice_guide_en.pdf
Written: E:\Python\GptEngineer\Excursion\venice\output\venice_guide_en.pdf
Written: E:\Python\GptEngineer\Excursion\venice\output\venice_guide_ru.html
Copied to final_guides: E:/Python/GptEngineer/Excursion/final_guides/venice_guide_ru.pdf
Written: E:\Python\GptEngineer\Excursion\venice\output\venice_guide_ru.pdf
Places in PDF: 35
Primary edition (en): E:\Python\GptEngineer\Excursion\venice\output\venice_guide.pdf
[41/45] Building vienna ...
Written: E:\Python\GptEngineer\Excursion\vienna\output\vienna_guide_en.html
Copied to final_guides: E:/Python/GptEngineer/Excursion/final_guides/vienna_guide_en.pdf
Written: E:\Python\GptEngineer\Excursion\vienna\output\vienna_guide_en.pdf
Written: E:\Python\GptEngineer\Excursion\vienna\output\vienna_guide_ru.html
Copied to final_guides: E:/Python/GptEngineer/Excursion/final_guides/vienna_guide_ru.pdf
Written: E:\Python\GptEngineer\Excursion\vienna\output\vienna_guide_ru.pdf
Places in PDF: 33
Primary edition (en): E:\Python\GptEngineer\Excursion\vienna\output\vienna_guide.pdf
[42/45] Building vladivostok ...
Written: E:\Python\GptEngineer\Excursion\vladivostok\output\vladivostok_guide_en.html
Copied to final_guides: E:/Python/GptEngineer/Excursion/final_guides/vladivostok_guide_en.pdf
Written: E:\Python\GptEngineer\Excursion\vladivostok\output\vladivostok_guide_en.pdf
Written: E:\Python\GptEngineer\Excursion\vladivostok\output\vladivostok_guide_ru.html
Copied to final_guides: E:/Python/GptEngineer/Excursion/final_guides/vladivostok_guide_ru.pdf
Written: E:\Python\GptEngineer\Excursion\vladivostok\output\vladivostok_guide_ru.pdf
Places in PDF: 25
Primary edition (en): E:\Python\GptEngineer\Excursion\vladivostok\output\vladivostok_guide.pdf
[43/45] Building volgograd ...
Written: E:\Python\GptEngineer\Excursion\volgograd\output\volgograd_guide_en.html
Copied to final_guides: E:/Python/GptEngineer/Excursion/final_guides/volgograd_guide_en.pdf
Written: E:\Python\GptEngineer\Excursion\volgograd\output\volgograd_guide_en.pdf
Written: E:\Python\GptEngineer\Excursion\volgograd\output\volgograd_guide_ru.html
Copied to final_guides: E:/Python/GptEngineer/Excursion/final_guides/volgograd_guide_ru.pdf
Written: E:\Python\GptEngineer\Excursion\volgograd\output\volgograd_guide_ru.pdf
Places in PDF: 25
Primary edition (en): E:\Python\GptEngineer\Excursion\volgograd\output\volgograd_guide.pdf
[44/45] Building vologda ...
Written: E:\Python\GptEngineer\Excursion\vologda\output\vologda_guide_en.html
Copied to final_guides: E:/Python/GptEngineer/Excursion/final_guides/vologda_guide_en.pdf
Written: E:\Python\GptEngineer\Excursion\vologda\output\vologda_guide_en.pdf
Written: E:\Python\GptEngineer\Excursion\vologda\output\vologda_guide_ru.html
Copied to final_guides: E:/Python/GptEngineer/Excursion/final_guides/vologda_guide_ru.pdf
Written: E:\Python\GptEngineer\Excursion\vologda\output\vologda_guide_ru.pdf
Places in PDF: 22
Primary edition (en): E:\Python\GptEngineer\Excursion\vologda\output\vologda_guide.pdf
[45/45] Building yaroslavl ...
Written: E:\Python\GptEngineer\Excursion\yaroslavl\output\yaroslavl_guide_en.html
Copied to final_guides: E:/Python/GptEngineer/Excursion/final_guides/yaroslavl_guide_en.pdf
Written: E:\Python\GptEngineer\Excursion\yaroslavl\output\yaroslavl_guide_en.pdf
Written: E:\Python\GptEngineer\Excursion\yaroslavl\output\yaroslavl_guide_ru.html
Copied to final_guides: E:/Python/GptEngineer/Excursion/final_guides/yaroslavl_guide_ru.pdf
Written: E:\Python\GptEngineer\Excursion\yaroslavl\output\yaroslavl_guide_ru.pdf
Places in PDF: 26
Primary edition (en): E:\Python\GptEngineer\Excursion\yaroslavl\output\yaroslavl_guide.pdf
Done: 45 ok, 0 failed.
